[1.692s] Invoking command in '/home/bhung/spot_ros2/build/utilities': PYTHONPATH=/home/bhung/spot_ros2/build/utilities/prefix_override:/home/bhung/spot_ros2/install/utilities/lib/python3.10/site-packages:${PYTHONPATH} /usr/bin/python3 setup.py develop --editable --build-directory /home/bhung/spot_ros2/build/utilities/build --no-deps install_data
[2.071s] running develop
[2.072s] /usr/local/lib/python3.10/dist-packages/setuptools/command/easy_install.py:156: EasyInstallDeprecationWarning: easy_install command is deprecated. Use build and pip and other standards-based tools.
[2.072s]   warnings.warn(
[2.072s] /usr/local/lib/python3.10/dist-packages/setuptools/command/install.py:34: SetuptoolsDeprecationWarning: setup.py install is deprecated. Use build and pip and other standards-based tools.
[2.072s]   warnings.warn(
[2.372s] running egg_info
[2.372s] writing utilities.egg-info/PKG-INFO
[2.373s] writing dependency_links to utilities.egg-info/dependency_links.txt
[2.373s] writing entry points to utilities.egg-info/entry_points.txt
[2.373s] writing requirements to utilities.egg-info/requires.txt
[2.373s] writing top-level names to utilities.egg-info/top_level.txt
[2.384s] reading manifest file 'utilities.egg-info/SOURCES.txt'
[2.389s] writing manifest file 'utilities.egg-info/SOURCES.txt'
[2.416s] running build_ext
[2.416s] Creating /home/bhung/spot_ros2/install/utilities/lib/python3.10/site-packages/utilities.egg-link (link to .)
[2.416s] 
[2.416s] Installed /home/bhung/spot_ros2/build/utilities
[2.416s] running install_data
[2.462s] Invoked command in '/home/bhung/spot_ros2/build/utilities' returned '0': PYTHONPATH=/home/bhung/spot_ros2/build/utilities/prefix_override:/home/bhung/spot_ros2/install/utilities/lib/python3.10/site-packages:${PYTHONPATH} /usr/bin/python3 setup.py develop --editable --build-directory /home/bhung/spot_ros2/build/utilities/build --no-deps install_data
