[1.521s] Invoking command in '/home/bhung/spot_ros2/build/utilities': PYTHONPATH=/home/bhung/spot_ros2/build/utilities/prefix_override:/home/bhung/spot_ros2/install/utilities/lib/python3.10/site-packages:${PYTHONPATH} /usr/bin/python3 setup.py develop --editable --build-directory /home/bhung/spot_ros2/build/utilities/build --no-deps install_data
[1.821s] running develop
[1.821s] /usr/local/lib/python3.10/dist-packages/setuptools/command/easy_install.py:156: EasyInstallDeprecationWarning: easy_install command is deprecated. Use build and pip and other standards-based tools.
[1.821s]   warnings.warn(
[1.822s] /usr/local/lib/python3.10/dist-packages/setuptools/command/install.py:34: SetuptoolsDeprecationWarning: setup.py install is deprecated. Use build and pip and other standards-based tools.
[1.822s]   warnings.warn(
[2.001s] running egg_info
[2.001s] creating utilities.egg-info
[2.001s] writing utilities.egg-info/PKG-INFO
[2.002s] writing dependency_links to utilities.egg-info/dependency_links.txt
[2.002s] writing entry points to utilities.egg-info/entry_points.txt
[2.002s] writing requirements to utilities.egg-info/requires.txt
[2.002s] writing top-level names to utilities.egg-info/top_level.txt
[2.002s] writing manifest file 'utilities.egg-info/SOURCES.txt'
[2.003s] reading manifest file 'utilities.egg-info/SOURCES.txt'
[2.004s] writing manifest file 'utilities.egg-info/SOURCES.txt'
[2.035s] running build_ext
[2.035s] Creating /home/bhung/spot_ros2/install/utilities/lib/python3.10/site-packages/utilities.egg-link (link to .)
[2.035s] 
[2.035s] Installed /home/bhung/spot_ros2/build/utilities
[2.035s] running install_data
[2.036s] creating /home/bhung/spot_ros2/install/utilities/share/ament_index
[2.036s] creating /home/bhung/spot_ros2/install/utilities/share/ament_index/resource_index
[2.036s] creating /home/bhung/spot_ros2/install/utilities/share/ament_index/resource_index/packages
[2.036s] copying resource/utilities -> /home/bhung/spot_ros2/install/utilities/share/ament_index/resource_index/packages
[2.036s] copying package.xml -> /home/bhung/spot_ros2/install/utilities/share/utilities
[2.061s] Invoked command in '/home/bhung/spot_ros2/build/utilities' returned '0': PYTHONPATH=/home/bhung/spot_ros2/build/utilities/prefix_override:/home/bhung/spot_ros2/install/utilities/lib/python3.10/site-packages:${PYTHONPATH} /usr/bin/python3 setup.py develop --editable --build-directory /home/bhung/spot_ros2/build/utilities/build --no-deps install_data
