[0.451s] Invoking command in '/home/bhung/spot_ros2/build/spot_driver': PYTHONPATH=/home/bhung/spot_ros2/build/spot_driver/prefix_override:/home/bhung/spot_ros2/install/spot_driver/lib/python3.10/site-packages:${PYTHONPATH} /usr/bin/python3 setup.py develop --editable --build-directory /home/bhung/spot_ros2/build/spot_driver/build --no-deps install_data
[0.623s] running develop
[0.623s] /usr/local/lib/python3.10/dist-packages/setuptools/command/easy_install.py:156: EasyInstallDeprecationWarning: easy_install command is deprecated. Use build and pip and other standards-based tools.
[0.623s]   warnings.warn(
[0.624s] /usr/local/lib/python3.10/dist-packages/setuptools/command/install.py:34: SetuptoolsDeprecationWarning: setup.py install is deprecated. Use build and pip and other standards-based tools.
[0.624s]   warnings.warn(
[0.738s] running egg_info
[0.739s] writing spot_driver.egg-info/PKG-INFO
[0.739s] writing dependency_links to spot_driver.egg-info/dependency_links.txt
[0.739s] writing entry points to spot_driver.egg-info/entry_points.txt
[0.739s] writing requirements to spot_driver.egg-info/requires.txt
[0.739s] writing top-level names to spot_driver.egg-info/top_level.txt
[0.740s] reading manifest file 'spot_driver.egg-info/SOURCES.txt'
[0.741s] writing manifest file 'spot_driver.egg-info/SOURCES.txt'
[0.761s] running build_ext
[0.761s] Creating /home/bhung/spot_ros2/install/spot_driver/lib/python3.10/site-packages/spot-driver.egg-link (link to .)
[0.762s] Installing command_spot script to /home/bhung/spot_ros2/install/spot_driver/lib/spot_driver
[0.762s] Installing spot_publish_cameras script to /home/bhung/spot_ros2/install/spot_driver/lib/spot_driver
[0.762s] Installing spot_ros2 script to /home/bhung/spot_ros2/install/spot_driver/lib/spot_driver
[0.762s] 
[0.762s] Installed /home/bhung/spot_ros2/build/spot_driver
[0.762s] running install_data
[0.782s] Invoked command in '/home/bhung/spot_ros2/build/spot_driver' returned '0': PYTHONPATH=/home/bhung/spot_ros2/build/spot_driver/prefix_override:/home/bhung/spot_ros2/install/spot_driver/lib/python3.10/site-packages:${PYTHONPATH} /usr/bin/python3 setup.py develop --editable --build-directory /home/bhung/spot_ros2/build/spot_driver/build --no-deps install_data
