[1.447s] Invoking command in '/home/bhung/spot_ros2/build/utilities': PYTHONPATH=/home/bhung/spot_ros2/build/utilities/prefix_override:/home/bhung/spot_ros2/install/utilities/lib/python3.10/site-packages:${PYTHONPATH} /usr/bin/python3 setup.py develop --editable --build-directory /home/bhung/spot_ros2/build/utilities/build --no-deps install_data
[1.722s] running develop
[1.722s] /usr/local/lib/python3.10/dist-packages/setuptools/command/easy_install.py:156: EasyInstallDeprecationWarning: easy_install command is deprecated. Use build and pip and other standards-based tools.
[1.722s]   warnings.warn(
[1.723s] /usr/local/lib/python3.10/dist-packages/setuptools/command/install.py:34: SetuptoolsDeprecationWarning: setup.py install is deprecated. Use build and pip and other standards-based tools.
[1.723s]   warnings.warn(
[1.881s] running egg_info
[1.881s] writing utilities.egg-info/PKG-INFO
[1.881s] writing dependency_links to utilities.egg-info/dependency_links.txt
[1.881s] writing entry points to utilities.egg-info/entry_points.txt
[1.882s] writing requirements to utilities.egg-info/requires.txt
[1.882s] writing top-level names to utilities.egg-info/top_level.txt
[1.883s] reading manifest file 'utilities.egg-info/SOURCES.txt'
[1.884s] writing manifest file 'utilities.egg-info/SOURCES.txt'
[1.916s] running build_ext
[1.916s] Creating /home/bhung/spot_ros2/install/utilities/lib/python3.10/site-packages/utilities.egg-link (link to .)
[1.917s] 
[1.917s] Installed /home/bhung/spot_ros2/build/utilities
[1.917s] running install_data
[1.953s] Invoked command in '/home/bhung/spot_ros2/build/utilities' returned '0': PYTHONPATH=/home/bhung/spot_ros2/build/utilities/prefix_override:/home/bhung/spot_ros2/install/utilities/lib/python3.10/site-packages:${PYTHONPATH} /usr/bin/python3 setup.py develop --editable --build-directory /home/bhung/spot_ros2/build/utilities/build --no-deps install_data
