running develop
running egg_info
creating simple_arm_motion.egg-info
writing simple_arm_motion.egg-info/PKG-INFO
writing dependency_links to simple_arm_motion.egg-info/dependency_links.txt
writing entry points to simple_arm_motion.egg-info/entry_points.txt
writing requirements to simple_arm_motion.egg-info/requires.txt
writing top-level names to simple_arm_motion.egg-info/top_level.txt
writing manifest file 'simple_arm_motion.egg-info/SOURCES.txt'
reading manifest file 'simple_arm_motion.egg-info/SOURCES.txt'
writing manifest file 'simple_arm_motion.egg-info/SOURCES.txt'
running build_ext
Creating /home/bhung/spot_ros2/install/simple_arm_motion/lib/python3.10/site-packages/simple-arm-motion.egg-link (link to .)
Installing arm_simple script to /home/bhung/spot_ros2/install/simple_arm_motion/lib/simple_arm_motion

Installed /home/bhung/spot_ros2/build/simple_arm_motion
running install_data
creating /home/bhung/spot_ros2/install/simple_arm_motion/share/ament_index
creating /home/bhung/spot_ros2/install/simple_arm_motion/share/ament_index/resource_index
creating /home/bhung/spot_ros2/install/simple_arm_motion/share/ament_index/resource_index/packages
copying resource/simple_arm_motion -> /home/bhung/spot_ros2/install/simple_arm_motion/share/ament_index/resource_index/packages
copying package.xml -> /home/bhung/spot_ros2/install/simple_arm_motion/share/simple_arm_motion
