[1.446s] Invoking command in '/home/bhung/spot_ros2/build/simple_walk_forward': PYTHONPATH=/home/bhung/spot_ros2/build/simple_walk_forward/prefix_override:/home/bhung/spot_ros2/install/simple_walk_forward/lib/python3.10/site-packages:${PYTHONPATH} /usr/bin/python3 setup.py develop --editable --build-directory /home/bhung/spot_ros2/build/simple_walk_forward/build --no-deps install_data
[1.759s] running develop
[1.760s] /usr/local/lib/python3.10/dist-packages/setuptools/command/easy_install.py:156: EasyInstallDeprecationWarning: easy_install command is deprecated. Use build and pip and other standards-based tools.
[1.760s]   warnings.warn(
[1.760s] /usr/local/lib/python3.10/dist-packages/setuptools/command/install.py:34: SetuptoolsDeprecationWarning: setup.py install is deprecated. Use build and pip and other standards-based tools.
[1.761s]   warnings.warn(
[1.974s] running egg_info
[1.975s] writing simple_walk_forward.egg-info/PKG-INFO
[1.977s] writing dependency_links to simple_walk_forward.egg-info/dependency_links.txt
[1.977s] writing entry points to simple_walk_forward.egg-info/entry_points.txt
[1.978s] writing requirements to simple_walk_forward.egg-info/requires.txt
[1.978s] writing top-level names to simple_walk_forward.egg-info/top_level.txt
[1.980s] reading manifest file 'simple_walk_forward.egg-info/SOURCES.txt'
[1.980s] writing manifest file 'simple_walk_forward.egg-info/SOURCES.txt'
[2.020s] running build_ext
[2.020s] Creating /home/bhung/spot_ros2/install/simple_walk_forward/lib/python3.10/site-packages/simple-walk-forward.egg-link (link to .)
[2.020s] Installing walk_forward script to /home/bhung/spot_ros2/install/simple_walk_forward/lib/simple_walk_forward
[2.020s] 
[2.020s] Installed /home/bhung/spot_ros2/build/simple_walk_forward
[2.020s] running install_data
[2.065s] Invoked command in '/home/bhung/spot_ros2/build/simple_walk_forward' returned '0': PYTHONPATH=/home/bhung/spot_ros2/build/simple_walk_forward/prefix_override:/home/bhung/spot_ros2/install/simple_walk_forward/lib/python3.10/site-packages:${PYTHONPATH} /usr/bin/python3 setup.py develop --editable --build-directory /home/bhung/spot_ros2/build/simple_walk_forward/build --no-deps install_data
