[1.827s] Invoking command in '/home/bhung/spot_ros2/build/simple_walk_forward': PYTHONPATH=/home/bhung/spot_ros2/build/simple_walk_forward/prefix_override:/home/bhung/spot_ros2/install/simple_walk_forward/lib/python3.10/site-packages:${PYTHONPATH} /usr/bin/python3 setup.py develop --editable --build-directory /home/bhung/spot_ros2/build/simple_walk_forward/build --no-deps install_data
[2.093s] running develop
[2.093s] /usr/local/lib/python3.10/dist-packages/setuptools/command/easy_install.py:156: EasyInstallDeprecationWarning: easy_install command is deprecated. Use build and pip and other standards-based tools.
[2.093s]   warnings.warn(
[2.093s] /usr/local/lib/python3.10/dist-packages/setuptools/command/install.py:34: SetuptoolsDeprecationWarning: setup.py install is deprecated. Use build and pip and other standards-based tools.
[2.093s]   warnings.warn(
[2.250s] running egg_info
[2.250s] creating simple_walk_forward.egg-info
[2.250s] writing simple_walk_forward.egg-info/PKG-INFO
[2.250s] writing dependency_links to simple_walk_forward.egg-info/dependency_links.txt
[2.250s] writing entry points to simple_walk_forward.egg-info/entry_points.txt
[2.250s] writing requirements to simple_walk_forward.egg-info/requires.txt
[2.250s] writing top-level names to simple_walk_forward.egg-info/top_level.txt
[2.250s] writing manifest file 'simple_walk_forward.egg-info/SOURCES.txt'
[2.251s] reading manifest file 'simple_walk_forward.egg-info/SOURCES.txt'
[2.252s] writing manifest file 'simple_walk_forward.egg-info/SOURCES.txt'
[2.275s] running build_ext
[2.275s] Creating /home/bhung/spot_ros2/install/simple_walk_forward/lib/python3.10/site-packages/simple-walk-forward.egg-link (link to .)
[2.276s] Installing walk_forward script to /home/bhung/spot_ros2/install/simple_walk_forward/lib/simple_walk_forward
[2.276s] 
[2.276s] Installed /home/bhung/spot_ros2/build/simple_walk_forward
[2.276s] running install_data
[2.276s] creating /home/bhung/spot_ros2/install/simple_walk_forward/share/ament_index
[2.276s] creating /home/bhung/spot_ros2/install/simple_walk_forward/share/ament_index/resource_index
[2.276s] creating /home/bhung/spot_ros2/install/simple_walk_forward/share/ament_index/resource_index/packages
[2.276s] copying resource/simple_walk_forward -> /home/bhung/spot_ros2/install/simple_walk_forward/share/ament_index/resource_index/packages
[2.277s] copying package.xml -> /home/bhung/spot_ros2/install/simple_walk_forward/share/simple_walk_forward
[2.301s] Invoked command in '/home/bhung/spot_ros2/build/simple_walk_forward' returned '0': PYTHONPATH=/home/bhung/spot_ros2/build/simple_walk_forward/prefix_override:/home/bhung/spot_ros2/install/simple_walk_forward/lib/python3.10/site-packages:${PYTHONPATH} /usr/bin/python3 setup.py develop --editable --build-directory /home/bhung/spot_ros2/build/simple_walk_forward/build --no-deps install_data
