[1.775s] Invoking command in '/home/bhung/spot_ros2/build/simple_arm_motion': PYTHONPATH=/home/bhung/spot_ros2/build/simple_arm_motion/prefix_override:/home/bhung/spot_ros2/install/simple_arm_motion/lib/python3.10/site-packages:${PYTHONPATH} /usr/bin/python3 setup.py develop --editable --build-directory /home/bhung/spot_ros2/build/simple_arm_motion/build --no-deps install_data
[2.147s] running develop
[2.147s] /usr/local/lib/python3.10/dist-packages/setuptools/command/easy_install.py:156: EasyInstallDeprecationWarning: easy_install command is deprecated. Use build and pip and other standards-based tools.
[2.148s]   warnings.warn(
[2.149s] /usr/local/lib/python3.10/dist-packages/setuptools/command/install.py:34: SetuptoolsDeprecationWarning: setup.py install is deprecated. Use build and pip and other standards-based tools.
[2.149s]   warnings.warn(
[2.382s] running egg_info
[2.382s] creating simple_arm_motion.egg-info
[2.382s] writing simple_arm_motion.egg-info/PKG-INFO
[2.383s] writing dependency_links to simple_arm_motion.egg-info/dependency_links.txt
[2.383s] writing entry points to simple_arm_motion.egg-info/entry_points.txt
[2.383s] writing requirements to simple_arm_motion.egg-info/requires.txt
[2.383s] writing top-level names to simple_arm_motion.egg-info/top_level.txt
[2.383s] writing manifest file 'simple_arm_motion.egg-info/SOURCES.txt'
[2.384s] reading manifest file 'simple_arm_motion.egg-info/SOURCES.txt'
[2.385s] writing manifest file 'simple_arm_motion.egg-info/SOURCES.txt'
[2.424s] running build_ext
[2.424s] Creating /home/bhung/spot_ros2/install/simple_arm_motion/lib/python3.10/site-packages/simple-arm-motion.egg-link (link to .)
[2.424s] Installing arm_simple script to /home/bhung/spot_ros2/install/simple_arm_motion/lib/simple_arm_motion
[2.425s] 
[2.425s] Installed /home/bhung/spot_ros2/build/simple_arm_motion
[2.425s] running install_data
[2.425s] creating /home/bhung/spot_ros2/install/simple_arm_motion/share/ament_index
[2.425s] creating /home/bhung/spot_ros2/install/simple_arm_motion/share/ament_index/resource_index
[2.425s] creating /home/bhung/spot_ros2/install/simple_arm_motion/share/ament_index/resource_index/packages
[2.425s] copying resource/simple_arm_motion -> /home/bhung/spot_ros2/install/simple_arm_motion/share/ament_index/resource_index/packages
[2.425s] copying package.xml -> /home/bhung/spot_ros2/install/simple_arm_motion/share/simple_arm_motion
[2.479s] Invoked command in '/home/bhung/spot_ros2/build/simple_arm_motion' returned '0': PYTHONPATH=/home/bhung/spot_ros2/build/simple_arm_motion/prefix_override:/home/bhung/spot_ros2/install/simple_arm_motion/lib/python3.10/site-packages:${PYTHONPATH} /usr/bin/python3 setup.py develop --editable --build-directory /home/bhung/spot_ros2/build/simple_arm_motion/build --no-deps install_data
