[1.809s] Invoking command in '/home/bhung/spot_ros2/build/bdai_ros2_wrappers': PYTHONPATH=/home/bhung/spot_ros2/build/bdai_ros2_wrappers/prefix_override:/home/bhung/spot_ros2/install/bdai_ros2_wrappers/lib/python3.10/site-packages:${PYTHONPATH} /usr/bin/python3 setup.py develop --editable --build-directory /home/bhung/spot_ros2/build/bdai_ros2_wrappers/build --no-deps install_data
[2.216s] running develop
[2.216s] /usr/local/lib/python3.10/dist-packages/setuptools/command/easy_install.py:156: EasyInstallDeprecationWarning: easy_install command is deprecated. Use build and pip and other standards-based tools.
[2.216s]   warnings.warn(
[2.217s] /usr/local/lib/python3.10/dist-packages/setuptools/command/install.py:34: SetuptoolsDeprecationWarning: setup.py install is deprecated. Use build and pip and other standards-based tools.
[2.217s]   warnings.warn(
[2.513s] running egg_info
[2.514s] writing bdai_ros2_wrappers.egg-info/PKG-INFO
[2.514s] writing dependency_links to bdai_ros2_wrappers.egg-info/dependency_links.txt
[2.514s] writing entry points to bdai_ros2_wrappers.egg-info/entry_points.txt
[2.514s] writing requirements to bdai_ros2_wrappers.egg-info/requires.txt
[2.514s] writing top-level names to bdai_ros2_wrappers.egg-info/top_level.txt
[2.515s] reading manifest file 'bdai_ros2_wrappers.egg-info/SOURCES.txt'
[2.516s] writing manifest file 'bdai_ros2_wrappers.egg-info/SOURCES.txt'
[2.559s] running build_ext
[2.559s] Creating /home/bhung/spot_ros2/install/bdai_ros2_wrappers/lib/python3.10/site-packages/bdai-ros2-wrappers.egg-link (link to .)
[2.560s] 
[2.560s] Installed /home/bhung/spot_ros2/build/bdai_ros2_wrappers
[2.560s] running install_data
[2.606s] Invoked command in '/home/bhung/spot_ros2/build/bdai_ros2_wrappers' returned '0': PYTHONPATH=/home/bhung/spot_ros2/build/bdai_ros2_wrappers/prefix_override:/home/bhung/spot_ros2/install/bdai_ros2_wrappers/lib/python3.10/site-packages:${PYTHONPATH} /usr/bin/python3 setup.py develop --editable --build-directory /home/bhung/spot_ros2/build/bdai_ros2_wrappers/build --no-deps install_data
