running develop
/usr/local/lib/python3.10/dist-packages/setuptools/command/easy_install.py:156: EasyInstallDeprecationWarning: easy_install command is deprecated. Use build and pip and other standards-based tools.
  warnings.warn(
/usr/local/lib/python3.10/dist-packages/setuptools/command/install.py:34: SetuptoolsDeprecationWarning: setup.py install is deprecated. Use build and pip and other standards-based tools.
  warnings.warn(
running egg_info
creating bdai_ros2_wrappers.egg-info
writing bdai_ros2_wrappers.egg-info/PKG-INFO
writing dependency_links to bdai_ros2_wrappers.egg-info/dependency_links.txt
writing entry points to bdai_ros2_wrappers.egg-info/entry_points.txt
writing requirements to bdai_ros2_wrappers.egg-info/requires.txt
writing top-level names to bdai_ros2_wrappers.egg-info/top_level.txt
writing manifest file 'bdai_ros2_wrappers.egg-info/SOURCES.txt'
reading manifest file 'bdai_ros2_wrappers.egg-info/SOURCES.txt'
writing manifest file 'bdai_ros2_wrappers.egg-info/SOURCES.txt'
running build_ext
Creating /home/bhung/spot_ros2/install/bdai_ros2_wrappers/lib/python3.10/site-packages/bdai-ros2-wrappers.egg-link (link to .)

Installed /home/bhung/spot_ros2/build/bdai_ros2_wrappers
running install_data
creating /home/bhung/spot_ros2/install/bdai_ros2_wrappers/share/ament_index
creating /home/bhung/spot_ros2/install/bdai_ros2_wrappers/share/ament_index/resource_index
creating /home/bhung/spot_ros2/install/bdai_ros2_wrappers/share/ament_index/resource_index/packages
copying resource/bdai_ros2_wrappers -> /home/bhung/spot_ros2/install/bdai_ros2_wrappers/share/ament_index/resource_index/packages
copying package.xml -> /home/bhung/spot_ros2/install/bdai_ros2_wrappers/share/bdai_ros2_wrappers
