[0.253s] DEBUG:colcon:Command line arguments: ['/usr/bin/colcon', 'build', '--symlink-install']
[0.253s] DEBUG:colcon:Parsed command line arguments: Namespace(log_base=None, log_level=None, verb_name='build', build_base='build', install_base='install', merge_install=False, symlink_install=True, test_result_base=None, continue_on_error=False, executor='parallel', parallel_workers=16, event_handlers=None, ignore_user_meta=False, metas=['./colcon.meta'], base_paths=['.'], packages_ignore=None, packages_ignore_regex=None, paths=None, packages_up_to=None, packages_up_to_regex=None, packages_above=None, packages_above_and_dependencies=None, packages_above_depth=None, packages_select_by_dep=None, packages_skip_by_dep=None, packages_skip_up_to=None, packages_select_build_failed=False, packages_skip_build_finished=False, packages_select_test_failures=False, packages_skip_test_passed=False, packages_select=None, packages_skip=None, packages_select_regex=None, packages_skip_regex=None, packages_start=None, packages_end=None, allow_overriding=[], cmake_args=None, cmake_target=None, cmake_target_skip_unavailable=False, cmake_clean_cache=False, cmake_clean_first=False, cmake_force_configure=False, ament_cmake_args=None, catkin_cmake_args=None, catkin_skip_building_tests=False, verb_parser=<colcon_defaults.argument_parser.defaults.DefaultArgumentsDecorator object at 0x7f8bc9d47d30>, verb_extension=<colcon_core.verb.build.BuildVerb object at 0x7f8bcaa62980>, main=<bound method BuildVerb.main of <colcon_core.verb.build.BuildVerb object at 0x7f8bcaa62980>>)
[0.269s] Level 1:colcon.colcon_core.package_discovery:discover_packages(colcon_meta) check parameters
[0.269s] Level 1:colcon.colcon_core.package_discovery:discover_packages(recursive) check parameters
[0.269s] Level 1:colcon.colcon_core.package_discovery:discover_packages(ignore) check parameters
[0.269s] Level 1:colcon.colcon_core.package_discovery:discover_packages(path) check parameters
[0.269s] Level 1:colcon.colcon_core.package_discovery:discover_packages(colcon_meta) discover
[0.269s] Level 1:colcon.colcon_core.package_discovery:discover_packages(recursive) discover
[0.269s] INFO:colcon.colcon_core.package_discovery:Crawling recursively for packages in '/home/bhung/spot_ros2'
[0.269s] Level 1:colcon.colcon_core.package_identification:_identify(.) by extensions ['ignore', 'ignore_ament_install']
[0.269s] Level 1:colcon.colcon_core.package_identification:_identify(.) by extension 'ignore'
[0.269s] Level 1:colcon.colcon_core.package_identification:_identify(.) by extension 'ignore_ament_install'
[0.269s] Level 1:colcon.colcon_core.package_identification:_identify(.) by extensions ['colcon_pkg']
[0.269s] Level 1:colcon.colcon_core.package_identification:_identify(.) by extension 'colcon_pkg'
[0.269s] Level 1:colcon.colcon_core.package_identification:_identify(.) by extensions ['colcon_meta']
[0.269s] Level 1:colcon.colcon_core.package_identification:_identify(.) by extension 'colcon_meta'
[0.269s] Level 1:colcon.colcon_core.package_identification:_identify(.) by extensions ['ros']
[0.269s] Level 1:colcon.colcon_core.package_identification:_identify(.) by extension 'ros'
[0.276s] Level 1:colcon.colcon_core.package_identification:_identify(.) by extensions ['cmake', 'python']
[0.276s] Level 1:colcon.colcon_core.package_identification:_identify(.) by extension 'cmake'
[0.276s] Level 1:colcon.colcon_core.package_identification:_identify(.) by extension 'python'
[0.276s] Level 1:colcon.colcon_core.package_identification:_identify(.) by extensions ['python_setup_py']
[0.276s] Level 1:colcon.colcon_core.package_identification:_identify(.) by extension 'python_setup_py'
[0.276s] Level 1:colcon.colcon_core.package_identification:_identify(build) by extensions ['ignore', 'ignore_ament_install']
[0.276s] Level 1:colcon.colcon_core.package_identification:_identify(build) by extension 'ignore'
[0.276s] Level 1:colcon.colcon_core.package_identification:_identify(build) ignored
[0.276s] Level 1:colcon.colcon_core.package_identification:_identify(docs) by extensions ['ignore', 'ignore_ament_install']
[0.276s] Level 1:colcon.colcon_core.package_identification:_identify(docs) by extension 'ignore'
[0.276s] Level 1:colcon.colcon_core.package_identification:_identify(docs) by extension 'ignore_ament_install'
[0.277s] Level 1:colcon.colcon_core.package_identification:_identify(docs) by extensions ['colcon_pkg']
[0.277s] Level 1:colcon.colcon_core.package_identification:_identify(docs) by extension 'colcon_pkg'
[0.277s] Level 1:colcon.colcon_core.package_identification:_identify(docs) by extensions ['colcon_meta']
[0.277s] Level 1:colcon.colcon_core.package_identification:_identify(docs) by extension 'colcon_meta'
[0.277s] Level 1:colcon.colcon_core.package_identification:_identify(docs) by extensions ['ros']
[0.277s] Level 1:colcon.colcon_core.package_identification:_identify(docs) by extension 'ros'
[0.277s] Level 1:colcon.colcon_core.package_identification:_identify(docs) by extensions ['cmake', 'python']
[0.277s] Level 1:colcon.colcon_core.package_identification:_identify(docs) by extension 'cmake'
[0.277s] Level 1:colcon.colcon_core.package_identification:_identify(docs) by extension 'python'
[0.277s] Level 1:colcon.colcon_core.package_identification:_identify(docs) by extensions ['python_setup_py']
[0.277s] Level 1:colcon.colcon_core.package_identification:_identify(docs) by extension 'python_setup_py'
[0.277s] Level 1:colcon.colcon_core.package_identification:_identify(docs/source) by extensions ['ignore', 'ignore_ament_install']
[0.277s] Level 1:colcon.colcon_core.package_identification:_identify(docs/source) by extension 'ignore'
[0.277s] Level 1:colcon.colcon_core.package_identification:_identify(docs/source) by extension 'ignore_ament_install'
[0.277s] Level 1:colcon.colcon_core.package_identification:_identify(docs/source) by extensions ['colcon_pkg']
[0.277s] Level 1:colcon.colcon_core.package_identification:_identify(docs/source) by extension 'colcon_pkg'
[0.277s] Level 1:colcon.colcon_core.package_identification:_identify(docs/source) by extensions ['colcon_meta']
[0.277s] Level 1:colcon.colcon_core.package_identification:_identify(docs/source) by extension 'colcon_meta'
[0.277s] Level 1:colcon.colcon_core.package_identification:_identify(docs/source) by extensions ['ros']
[0.277s] Level 1:colcon.colcon_core.package_identification:_identify(docs/source) by extension 'ros'
[0.277s] Level 1:colcon.colcon_core.package_identification:_identify(docs/source) by extensions ['cmake', 'python']
[0.277s] Level 1:colcon.colcon_core.package_identification:_identify(docs/source) by extension 'cmake'
[0.277s] Level 1:colcon.colcon_core.package_identification:_identify(docs/source) by extension 'python'
[0.277s] Level 1:colcon.colcon_core.package_identification:_identify(docs/source) by extensions ['python_setup_py']
[0.277s] Level 1:colcon.colcon_core.package_identification:_identify(docs/source) by extension 'python_setup_py'
[0.277s] Level 1:colcon.colcon_core.package_identification:_identify(examples) by extensions ['ignore', 'ignore_ament_install']
[0.277s] Level 1:colcon.colcon_core.package_identification:_identify(examples) by extension 'ignore'
[0.277s] Level 1:colcon.colcon_core.package_identification:_identify(examples) by extension 'ignore_ament_install'
[0.277s] Level 1:colcon.colcon_core.package_identification:_identify(examples) by extensions ['colcon_pkg']
[0.277s] Level 1:colcon.colcon_core.package_identification:_identify(examples) by extension 'colcon_pkg'
[0.277s] Level 1:colcon.colcon_core.package_identification:_identify(examples) by extensions ['colcon_meta']
[0.277s] Level 1:colcon.colcon_core.package_identification:_identify(examples) by extension 'colcon_meta'
[0.277s] Level 1:colcon.colcon_core.package_identification:_identify(examples) by extensions ['ros']
[0.277s] Level 1:colcon.colcon_core.package_identification:_identify(examples) by extension 'ros'
[0.277s] Level 1:colcon.colcon_core.package_identification:_identify(examples) by extensions ['cmake', 'python']
[0.277s] Level 1:colcon.colcon_core.package_identification:_identify(examples) by extension 'cmake'
[0.277s] Level 1:colcon.colcon_core.package_identification:_identify(examples) by extension 'python'
[0.277s] Level 1:colcon.colcon_core.package_identification:_identify(examples) by extensions ['python_setup_py']
[0.277s] Level 1:colcon.colcon_core.package_identification:_identify(examples) by extension 'python_setup_py'
[0.277s] Level 1:colcon.colcon_core.package_identification:_identify(examples/simple_arm_motion) by extensions ['ignore', 'ignore_ament_install']
[0.277s] Level 1:colcon.colcon_core.package_identification:_identify(examples/simple_arm_motion) by extension 'ignore'
[0.277s] Level 1:colcon.colcon_core.package_identification:_identify(examples/simple_arm_motion) by extension 'ignore_ament_install'
[0.277s] Level 1:colcon.colcon_core.package_identification:_identify(examples/simple_arm_motion) by extensions ['colcon_pkg']
[0.277s] Level 1:colcon.colcon_core.package_identification:_identify(examples/simple_arm_motion) by extension 'colcon_pkg'
[0.277s] Level 1:colcon.colcon_core.package_identification:_identify(examples/simple_arm_motion) by extensions ['colcon_meta']
[0.277s] Level 1:colcon.colcon_core.package_identification:_identify(examples/simple_arm_motion) by extension 'colcon_meta'
[0.277s] Level 1:colcon.colcon_core.package_identification:_identify(examples/simple_arm_motion) by extensions ['ros']
[0.277s] Level 1:colcon.colcon_core.package_identification:_identify(examples/simple_arm_motion) by extension 'ros'
[0.279s] DEBUG:colcon.colcon_core.package_identification:Package 'examples/simple_arm_motion' with type 'ros.ament_python' and name 'simple_arm_motion'
[0.279s] Level 1:colcon.colcon_core.package_identification:_identify(examples/simple_walk_forward) by extensions ['ignore', 'ignore_ament_install']
[0.279s] Level 1:colcon.colcon_core.package_identification:_identify(examples/simple_walk_forward) by extension 'ignore'
[0.279s] Level 1:colcon.colcon_core.package_identification:_identify(examples/simple_walk_forward) by extension 'ignore_ament_install'
[0.279s] Level 1:colcon.colcon_core.package_identification:_identify(examples/simple_walk_forward) by extensions ['colcon_pkg']
[0.279s] Level 1:colcon.colcon_core.package_identification:_identify(examples/simple_walk_forward) by extension 'colcon_pkg'
[0.279s] Level 1:colcon.colcon_core.package_identification:_identify(examples/simple_walk_forward) by extensions ['colcon_meta']
[0.279s] Level 1:colcon.colcon_core.package_identification:_identify(examples/simple_walk_forward) by extension 'colcon_meta'
[0.279s] Level 1:colcon.colcon_core.package_identification:_identify(examples/simple_walk_forward) by extensions ['ros']
[0.279s] Level 1:colcon.colcon_core.package_identification:_identify(examples/simple_walk_forward) by extension 'ros'
[0.279s] DEBUG:colcon.colcon_core.package_identification:Package 'examples/simple_walk_forward' with type 'ros.ament_python' and name 'simple_walk_forward'
[0.279s] Level 1:colcon.colcon_core.package_identification:_identify(examples/utilities) by extensions ['ignore', 'ignore_ament_install']
[0.279s] Level 1:colcon.colcon_core.package_identification:_identify(examples/utilities) by extension 'ignore'
[0.279s] Level 1:colcon.colcon_core.package_identification:_identify(examples/utilities) by extension 'ignore_ament_install'
[0.279s] Level 1:colcon.colcon_core.package_identification:_identify(examples/utilities) by extensions ['colcon_pkg']
[0.279s] Level 1:colcon.colcon_core.package_identification:_identify(examples/utilities) by extension 'colcon_pkg'
[0.279s] Level 1:colcon.colcon_core.package_identification:_identify(examples/utilities) by extensions ['colcon_meta']
[0.279s] Level 1:colcon.colcon_core.package_identification:_identify(examples/utilities) by extension 'colcon_meta'
[0.280s] Level 1:colcon.colcon_core.package_identification:_identify(examples/utilities) by extensions ['ros']
[0.280s] Level 1:colcon.colcon_core.package_identification:_identify(examples/utilities) by extension 'ros'
[0.280s] DEBUG:colcon.colcon_core.package_identification:Package 'examples/utilities' with type 'ros.ament_python' and name 'utilities'
[0.280s] Level 1:colcon.colcon_core.package_identification:_identify(install) by extensions ['ignore', 'ignore_ament_install']
[0.280s] Level 1:colcon.colcon_core.package_identification:_identify(install) by extension 'ignore'
[0.280s] Level 1:colcon.colcon_core.package_identification:_identify(install) ignored
[0.280s] Level 1:colcon.colcon_core.package_identification:_identify(log) by extensions ['ignore', 'ignore_ament_install']
[0.280s] Level 1:colcon.colcon_core.package_identification:_identify(log) by extension 'ignore'
[0.280s] Level 1:colcon.colcon_core.package_identification:_identify(log) ignored
[0.280s] Level 1:colcon.colcon_core.package_identification:_identify(ros_utilities) by extensions ['ignore', 'ignore_ament_install']
[0.280s] Level 1:colcon.colcon_core.package_identification:_identify(ros_utilities) by extension 'ignore'
[0.280s] Level 1:colcon.colcon_core.package_identification:_identify(ros_utilities) by extension 'ignore_ament_install'
[0.280s] Level 1:colcon.colcon_core.package_identification:_identify(ros_utilities) by extensions ['colcon_pkg']
[0.280s] Level 1:colcon.colcon_core.package_identification:_identify(ros_utilities) by extension 'colcon_pkg'
[0.280s] Level 1:colcon.colcon_core.package_identification:_identify(ros_utilities) by extensions ['colcon_meta']
[0.280s] Level 1:colcon.colcon_core.package_identification:_identify(ros_utilities) by extension 'colcon_meta'
[0.280s] Level 1:colcon.colcon_core.package_identification:_identify(ros_utilities) by extensions ['ros']
[0.280s] Level 1:colcon.colcon_core.package_identification:_identify(ros_utilities) by extension 'ros'
[0.280s] Level 1:colcon.colcon_core.package_identification:_identify(ros_utilities) by extensions ['cmake', 'python']
[0.280s] Level 1:colcon.colcon_core.package_identification:_identify(ros_utilities) by extension 'cmake'
[0.280s] Level 1:colcon.colcon_core.package_identification:_identify(ros_utilities) by extension 'python'
[0.280s] Level 1:colcon.colcon_core.package_identification:_identify(ros_utilities) by extensions ['python_setup_py']
[0.280s] Level 1:colcon.colcon_core.package_identification:_identify(ros_utilities) by extension 'python_setup_py'
[0.281s] Level 1:colcon.colcon_core.package_identification:_identify(ros_utilities/bdai_ros2_wrappers) by extensions ['ignore', 'ignore_ament_install']
[0.281s] Level 1:colcon.colcon_core.package_identification:_identify(ros_utilities/bdai_ros2_wrappers) by extension 'ignore'
[0.281s] Level 1:colcon.colcon_core.package_identification:_identify(ros_utilities/bdai_ros2_wrappers) by extension 'ignore_ament_install'
[0.281s] Level 1:colcon.colcon_core.package_identification:_identify(ros_utilities/bdai_ros2_wrappers) by extensions ['colcon_pkg']
[0.281s] Level 1:colcon.colcon_core.package_identification:_identify(ros_utilities/bdai_ros2_wrappers) by extension 'colcon_pkg'
[0.281s] Level 1:colcon.colcon_core.package_identification:_identify(ros_utilities/bdai_ros2_wrappers) by extensions ['colcon_meta']
[0.281s] Level 1:colcon.colcon_core.package_identification:_identify(ros_utilities/bdai_ros2_wrappers) by extension 'colcon_meta'
[0.281s] Level 1:colcon.colcon_core.package_identification:_identify(ros_utilities/bdai_ros2_wrappers) by extensions ['ros']
[0.281s] Level 1:colcon.colcon_core.package_identification:_identify(ros_utilities/bdai_ros2_wrappers) by extension 'ros'
[0.281s] DEBUG:colcon.colcon_core.package_identification:Package 'ros_utilities/bdai_ros2_wrappers' with type 'ros.ament_python' and name 'bdai_ros2_wrappers'
[0.281s] Level 1:colcon.colcon_core.package_identification:_identify(spot_description) by extensions ['ignore', 'ignore_ament_install']
[0.281s] Level 1:colcon.colcon_core.package_identification:_identify(spot_description) by extension 'ignore'
[0.281s] Level 1:colcon.colcon_core.package_identification:_identify(spot_description) by extension 'ignore_ament_install'
[0.281s] Level 1:colcon.colcon_core.package_identification:_identify(spot_description) by extensions ['colcon_pkg']
[0.281s] Level 1:colcon.colcon_core.package_identification:_identify(spot_description) by extension 'colcon_pkg'
[0.281s] Level 1:colcon.colcon_core.package_identification:_identify(spot_description) by extensions ['colcon_meta']
[0.281s] Level 1:colcon.colcon_core.package_identification:_identify(spot_description) by extension 'colcon_meta'
[0.281s] Level 1:colcon.colcon_core.package_identification:_identify(spot_description) by extensions ['ros']
[0.281s] Level 1:colcon.colcon_core.package_identification:_identify(spot_description) by extension 'ros'
[0.282s] DEBUG:colcon.colcon_core.package_identification:Package 'spot_description' with type 'ros.ament_cmake' and name 'spot_description'
[0.282s] Level 1:colcon.colcon_core.package_identification:_identify(spot_driver) by extensions ['ignore', 'ignore_ament_install']
[0.282s] Level 1:colcon.colcon_core.package_identification:_identify(spot_driver) by extension 'ignore'
[0.282s] Level 1:colcon.colcon_core.package_identification:_identify(spot_driver) by extension 'ignore_ament_install'
[0.282s] Level 1:colcon.colcon_core.package_identification:_identify(spot_driver) by extensions ['colcon_pkg']
[0.282s] Level 1:colcon.colcon_core.package_identification:_identify(spot_driver) by extension 'colcon_pkg'
[0.282s] Level 1:colcon.colcon_core.package_identification:_identify(spot_driver) by extensions ['colcon_meta']
[0.282s] Level 1:colcon.colcon_core.package_identification:_identify(spot_driver) by extension 'colcon_meta'
[0.282s] Level 1:colcon.colcon_core.package_identification:_identify(spot_driver) by extensions ['ros']
[0.282s] Level 1:colcon.colcon_core.package_identification:_identify(spot_driver) by extension 'ros'
[0.282s] DEBUG:colcon.colcon_core.package_identification:Package 'spot_driver' with type 'ros.ament_python' and name 'spot_driver'
[0.282s] Level 1:colcon.colcon_core.package_identification:_identify(spot_msgs) by extensions ['ignore', 'ignore_ament_install']
[0.282s] Level 1:colcon.colcon_core.package_identification:_identify(spot_msgs) by extension 'ignore'
[0.282s] Level 1:colcon.colcon_core.package_identification:_identify(spot_msgs) by extension 'ignore_ament_install'
[0.282s] Level 1:colcon.colcon_core.package_identification:_identify(spot_msgs) by extensions ['colcon_pkg']
[0.282s] Level 1:colcon.colcon_core.package_identification:_identify(spot_msgs) by extension 'colcon_pkg'
[0.282s] Level 1:colcon.colcon_core.package_identification:_identify(spot_msgs) by extensions ['colcon_meta']
[0.282s] Level 1:colcon.colcon_core.package_identification:_identify(spot_msgs) by extension 'colcon_meta'
[0.282s] Level 1:colcon.colcon_core.package_identification:_identify(spot_msgs) by extensions ['ros']
[0.283s] Level 1:colcon.colcon_core.package_identification:_identify(spot_msgs) by extension 'ros'
[0.283s] DEBUG:colcon.colcon_core.package_identification:Package 'spot_msgs' with type 'ros.ament_cmake' and name 'spot_msgs'
[0.283s] Level 1:colcon.colcon_core.package_identification:_identify(spot_wrapper) by extensions ['ignore', 'ignore_ament_install']
[0.283s] Level 1:colcon.colcon_core.package_identification:_identify(spot_wrapper) by extension 'ignore'
[0.283s] Level 1:colcon.colcon_core.package_identification:_identify(spot_wrapper) by extension 'ignore_ament_install'
[0.283s] Level 1:colcon.colcon_core.package_identification:_identify(spot_wrapper) by extensions ['colcon_pkg']
[0.283s] Level 1:colcon.colcon_core.package_identification:_identify(spot_wrapper) by extension 'colcon_pkg'
[0.283s] Level 1:colcon.colcon_core.package_identification:_identify(spot_wrapper) by extensions ['colcon_meta']
[0.283s] Level 1:colcon.colcon_core.package_identification:_identify(spot_wrapper) by extension 'colcon_meta'
[0.283s] Level 1:colcon.colcon_core.package_identification:_identify(spot_wrapper) by extensions ['ros']
[0.283s] Level 1:colcon.colcon_core.package_identification:_identify(spot_wrapper) by extension 'ros'
[0.283s] Level 1:colcon.colcon_core.package_identification:_identify(spot_wrapper) by extensions ['cmake', 'python']
[0.283s] Level 1:colcon.colcon_core.package_identification:_identify(spot_wrapper) by extension 'cmake'
[0.283s] Level 1:colcon.colcon_core.package_identification:_identify(spot_wrapper) by extension 'python'
[0.283s] Level 1:colcon.colcon_core.package_identification:_identify(spot_wrapper) by extensions ['python_setup_py']
[0.283s] Level 1:colcon.colcon_core.package_identification:_identify(spot_wrapper) by extension 'python_setup_py'
[0.450s] DEBUG:colcon.colcon_core.package_identification:Package 'spot_wrapper' with type 'python' and name 'spot_wrapper'
[0.450s] Level 1:colcon.colcon_core.package_discovery:discover_packages(recursive) using defaults
[0.450s] Level 1:colcon.colcon_core.package_discovery:discover_packages(ignore) discover
[0.450s] Level 1:colcon.colcon_core.package_discovery:discover_packages(ignore) using defaults
[0.450s] Level 1:colcon.colcon_core.package_discovery:discover_packages(path) discover
[0.450s] Level 1:colcon.colcon_core.package_discovery:discover_packages(path) using defaults
[0.467s] Level 1:colcon.colcon_core.package_discovery:discover_packages(prefix_path) check parameters
[0.467s] Level 1:colcon.colcon_core.package_discovery:discover_packages(prefix_path) discover
[0.467s] WARNING:colcon.colcon_core.prefix_path.colcon:The path '/home/bhung/bdai/ws/src/arm_utilities/install' in the environment variable COLCON_PREFIX_PATH doesn't exist
[0.467s] WARNING:colcon.colcon_ros.prefix_path.ament:The path '/home/bhung/bdai/ws/src/arm_utilities/install/arms' in the environment variable AMENT_PREFIX_PATH doesn't exist
[0.467s] WARNING:colcon.colcon_ros.prefix_path.ament:The path '/home/bhung/bdai/ws/src/arm_utilities/install/arm_utilities' in the environment variable AMENT_PREFIX_PATH doesn't exist
[0.469s] DEBUG:colcon.colcon_installed_package_information.package_discovery:Found 371 installed packages in /opt/ros/humble
[0.469s] Level 1:colcon.colcon_core.package_discovery:discover_packages(prefix_path) using defaults
[0.505s] Level 5:colcon.colcon_core.verb:set package 'bdai_ros2_wrappers' build argument 'cmake_args' from command line to 'None'
[0.505s] Level 5:colcon.colcon_core.verb:set package 'bdai_ros2_wrappers' build argument 'cmake_target' from command line to 'None'
[0.505s] Level 5:colcon.colcon_core.verb:set package 'bdai_ros2_wrappers' build argument 'cmake_target_skip_unavailable' from command line to 'False'
[0.505s] Level 5:colcon.colcon_core.verb:set package 'bdai_ros2_wrappers' build argument 'cmake_clean_cache' from command line to 'False'
[0.505s] Level 5:colcon.colcon_core.verb:set package 'bdai_ros2_wrappers' build argument 'cmake_clean_first' from command line to 'False'
[0.505s] Level 5:colcon.colcon_core.verb:set package 'bdai_ros2_wrappers' build argument 'cmake_force_configure' from command line to 'False'
[0.505s] Level 5:colcon.colcon_core.verb:set package 'bdai_ros2_wrappers' build argument 'ament_cmake_args' from command line to 'None'
[0.505s] Level 5:colcon.colcon_core.verb:set package 'bdai_ros2_wrappers' build argument 'catkin_cmake_args' from command line to 'None'
[0.505s] Level 5:colcon.colcon_core.verb:set package 'bdai_ros2_wrappers' build argument 'catkin_skip_building_tests' from command line to 'False'
[0.505s] DEBUG:colcon.colcon_core.verb:Building package 'bdai_ros2_wrappers' with the following arguments: {'ament_cmake_args': None, 'build_base': '/home/bhung/spot_ros2/build/bdai_ros2_wrappers', 'catkin_cmake_args': None, 'catkin_skip_building_tests': False, 'cmake_args': None, 'cmake_clean_cache': False, 'cmake_clean_first': False, 'cmake_force_configure': False, 'cmake_target': None, 'cmake_target_skip_unavailable': False, 'install_base': '/home/bhung/spot_ros2/install/bdai_ros2_wrappers', 'merge_install': False, 'path': '/home/bhung/spot_ros2/ros_utilities/bdai_ros2_wrappers', 'symlink_install': True, 'test_result_base': None}
[0.505s] Level 5:colcon.colcon_core.verb:set package 'simple_arm_motion' build argument 'cmake_args' from command line to 'None'
[0.506s] Level 5:colcon.colcon_core.verb:set package 'simple_arm_motion' build argument 'cmake_target' from command line to 'None'
[0.506s] Level 5:colcon.colcon_core.verb:set package 'simple_arm_motion' build argument 'cmake_target_skip_unavailable' from command line to 'False'
[0.506s] Level 5:colcon.colcon_core.verb:set package 'simple_arm_motion' build argument 'cmake_clean_cache' from command line to 'False'
[0.506s] Level 5:colcon.colcon_core.verb:set package 'simple_arm_motion' build argument 'cmake_clean_first' from command line to 'False'
[0.506s] Level 5:colcon.colcon_core.verb:set package 'simple_arm_motion' build argument 'cmake_force_configure' from command line to 'False'
[0.506s] Level 5:colcon.colcon_core.verb:set package 'simple_arm_motion' build argument 'ament_cmake_args' from command line to 'None'
[0.506s] Level 5:colcon.colcon_core.verb:set package 'simple_arm_motion' build argument 'catkin_cmake_args' from command line to 'None'
[0.506s] Level 5:colcon.colcon_core.verb:set package 'simple_arm_motion' build argument 'catkin_skip_building_tests' from command line to 'False'
[0.506s] DEBUG:colcon.colcon_core.verb:Building package 'simple_arm_motion' with the following arguments: {'ament_cmake_args': None, 'build_base': '/home/bhung/spot_ros2/build/simple_arm_motion', 'catkin_cmake_args': None, 'catkin_skip_building_tests': False, 'cmake_args': None, 'cmake_clean_cache': False, 'cmake_clean_first': False, 'cmake_force_configure': False, 'cmake_target': None, 'cmake_target_skip_unavailable': False, 'install_base': '/home/bhung/spot_ros2/install/simple_arm_motion', 'merge_install': False, 'path': '/home/bhung/spot_ros2/examples/simple_arm_motion', 'symlink_install': True, 'test_result_base': None}
[0.506s] Level 5:colcon.colcon_core.verb:set package 'simple_walk_forward' build argument 'cmake_args' from command line to 'None'
[0.506s] Level 5:colcon.colcon_core.verb:set package 'simple_walk_forward' build argument 'cmake_target' from command line to 'None'
[0.506s] Level 5:colcon.colcon_core.verb:set package 'simple_walk_forward' build argument 'cmake_target_skip_unavailable' from command line to 'False'
[0.506s] Level 5:colcon.colcon_core.verb:set package 'simple_walk_forward' build argument 'cmake_clean_cache' from command line to 'False'
[0.506s] Level 5:colcon.colcon_core.verb:set package 'simple_walk_forward' build argument 'cmake_clean_first' from command line to 'False'
[0.506s] Level 5:colcon.colcon_core.verb:set package 'simple_walk_forward' build argument 'cmake_force_configure' from command line to 'False'
[0.506s] Level 5:colcon.colcon_core.verb:set package 'simple_walk_forward' build argument 'ament_cmake_args' from command line to 'None'
[0.506s] Level 5:colcon.colcon_core.verb:set package 'simple_walk_forward' build argument 'catkin_cmake_args' from command line to 'None'
[0.506s] Level 5:colcon.colcon_core.verb:set package 'simple_walk_forward' build argument 'catkin_skip_building_tests' from command line to 'False'
[0.506s] DEBUG:colcon.colcon_core.verb:Building package 'simple_walk_forward' with the following arguments: {'ament_cmake_args': None, 'build_base': '/home/bhung/spot_ros2/build/simple_walk_forward', 'catkin_cmake_args': None, 'catkin_skip_building_tests': False, 'cmake_args': None, 'cmake_clean_cache': False, 'cmake_clean_first': False, 'cmake_force_configure': False, 'cmake_target': None, 'cmake_target_skip_unavailable': False, 'install_base': '/home/bhung/spot_ros2/install/simple_walk_forward', 'merge_install': False, 'path': '/home/bhung/spot_ros2/examples/simple_walk_forward', 'symlink_install': True, 'test_result_base': None}
[0.507s] Level 5:colcon.colcon_core.verb:set package 'spot_description' build argument 'cmake_args' from command line to 'None'
[0.507s] Level 5:colcon.colcon_core.verb:set package 'spot_description' build argument 'cmake_target' from command line to 'None'
[0.507s] Level 5:colcon.colcon_core.verb:set package 'spot_description' build argument 'cmake_target_skip_unavailable' from command line to 'False'
[0.507s] Level 5:colcon.colcon_core.verb:set package 'spot_description' build argument 'cmake_clean_cache' from command line to 'False'
[0.507s] Level 5:colcon.colcon_core.verb:set package 'spot_description' build argument 'cmake_clean_first' from command line to 'False'
[0.507s] Level 5:colcon.colcon_core.verb:set package 'spot_description' build argument 'cmake_force_configure' from command line to 'False'
[0.507s] Level 5:colcon.colcon_core.verb:set package 'spot_description' build argument 'ament_cmake_args' from command line to 'None'
[0.507s] Level 5:colcon.colcon_core.verb:set package 'spot_description' build argument 'catkin_cmake_args' from command line to 'None'
[0.507s] Level 5:colcon.colcon_core.verb:set package 'spot_description' build argument 'catkin_skip_building_tests' from command line to 'False'
[0.507s] DEBUG:colcon.colcon_core.verb:Building package 'spot_description' with the following arguments: {'ament_cmake_args': None, 'build_base': '/home/bhung/spot_ros2/build/spot_description', 'catkin_cmake_args': None, 'catkin_skip_building_tests': False, 'cmake_args': None, 'cmake_clean_cache': False, 'cmake_clean_first': False, 'cmake_force_configure': False, 'cmake_target': None, 'cmake_target_skip_unavailable': False, 'install_base': '/home/bhung/spot_ros2/install/spot_description', 'merge_install': False, 'path': '/home/bhung/spot_ros2/spot_description', 'symlink_install': True, 'test_result_base': None}
[0.507s] Level 5:colcon.colcon_core.verb:set package 'spot_msgs' build argument 'cmake_args' from command line to 'None'
[0.507s] Level 5:colcon.colcon_core.verb:set package 'spot_msgs' build argument 'cmake_target' from command line to 'None'
[0.507s] Level 5:colcon.colcon_core.verb:set package 'spot_msgs' build argument 'cmake_target_skip_unavailable' from command line to 'False'
[0.507s] Level 5:colcon.colcon_core.verb:set package 'spot_msgs' build argument 'cmake_clean_cache' from command line to 'False'
[0.507s] Level 5:colcon.colcon_core.verb:set package 'spot_msgs' build argument 'cmake_clean_first' from command line to 'False'
[0.507s] Level 5:colcon.colcon_core.verb:set package 'spot_msgs' build argument 'cmake_force_configure' from command line to 'False'
[0.507s] Level 5:colcon.colcon_core.verb:set package 'spot_msgs' build argument 'ament_cmake_args' from command line to 'None'
[0.507s] Level 5:colcon.colcon_core.verb:set package 'spot_msgs' build argument 'catkin_cmake_args' from command line to 'None'
[0.507s] Level 5:colcon.colcon_core.verb:set package 'spot_msgs' build argument 'catkin_skip_building_tests' from command line to 'False'
[0.507s] DEBUG:colcon.colcon_core.verb:Building package 'spot_msgs' with the following arguments: {'ament_cmake_args': None, 'build_base': '/home/bhung/spot_ros2/build/spot_msgs', 'catkin_cmake_args': None, 'catkin_skip_building_tests': False, 'cmake_args': None, 'cmake_clean_cache': False, 'cmake_clean_first': False, 'cmake_force_configure': False, 'cmake_target': None, 'cmake_target_skip_unavailable': False, 'install_base': '/home/bhung/spot_ros2/install/spot_msgs', 'merge_install': False, 'path': '/home/bhung/spot_ros2/spot_msgs', 'symlink_install': True, 'test_result_base': None}
[0.508s] Level 5:colcon.colcon_core.verb:set package 'spot_wrapper' build argument 'cmake_args' from command line to 'None'
[0.508s] Level 5:colcon.colcon_core.verb:set package 'spot_wrapper' build argument 'cmake_target' from command line to 'None'
[0.508s] Level 5:colcon.colcon_core.verb:set package 'spot_wrapper' build argument 'cmake_target_skip_unavailable' from command line to 'False'
[0.508s] Level 5:colcon.colcon_core.verb:set package 'spot_wrapper' build argument 'cmake_clean_cache' from command line to 'False'
[0.508s] Level 5:colcon.colcon_core.verb:set package 'spot_wrapper' build argument 'cmake_clean_first' from command line to 'False'
[0.508s] Level 5:colcon.colcon_core.verb:set package 'spot_wrapper' build argument 'cmake_force_configure' from command line to 'False'
[0.508s] Level 5:colcon.colcon_core.verb:set package 'spot_wrapper' build argument 'ament_cmake_args' from command line to 'None'
[0.508s] Level 5:colcon.colcon_core.verb:set package 'spot_wrapper' build argument 'catkin_cmake_args' from command line to 'None'
[0.508s] Level 5:colcon.colcon_core.verb:set package 'spot_wrapper' build argument 'catkin_skip_building_tests' from command line to 'False'
[0.508s] DEBUG:colcon.colcon_core.verb:Building package 'spot_wrapper' with the following arguments: {'ament_cmake_args': None, 'build_base': '/home/bhung/spot_ros2/build/spot_wrapper', 'catkin_cmake_args': None, 'catkin_skip_building_tests': False, 'cmake_args': None, 'cmake_clean_cache': False, 'cmake_clean_first': False, 'cmake_force_configure': False, 'cmake_target': None, 'cmake_target_skip_unavailable': False, 'install_base': '/home/bhung/spot_ros2/install/spot_wrapper', 'merge_install': False, 'path': '/home/bhung/spot_ros2/spot_wrapper', 'symlink_install': True, 'test_result_base': None}
[0.508s] Level 5:colcon.colcon_core.verb:set package 'utilities' build argument 'cmake_args' from command line to 'None'
[0.509s] Level 5:colcon.colcon_core.verb:set package 'utilities' build argument 'cmake_target' from command line to 'None'
[0.509s] Level 5:colcon.colcon_core.verb:set package 'utilities' build argument 'cmake_target_skip_unavailable' from command line to 'False'
[0.509s] Level 5:colcon.colcon_core.verb:set package 'utilities' build argument 'cmake_clean_cache' from command line to 'False'
[0.509s] Level 5:colcon.colcon_core.verb:set package 'utilities' build argument 'cmake_clean_first' from command line to 'False'
[0.509s] Level 5:colcon.colcon_core.verb:set package 'utilities' build argument 'cmake_force_configure' from command line to 'False'
[0.509s] Level 5:colcon.colcon_core.verb:set package 'utilities' build argument 'ament_cmake_args' from command line to 'None'
[0.509s] Level 5:colcon.colcon_core.verb:set package 'utilities' build argument 'catkin_cmake_args' from command line to 'None'
[0.509s] Level 5:colcon.colcon_core.verb:set package 'utilities' build argument 'catkin_skip_building_tests' from command line to 'False'
[0.509s] DEBUG:colcon.colcon_core.verb:Building package 'utilities' with the following arguments: {'ament_cmake_args': None, 'build_base': '/home/bhung/spot_ros2/build/utilities', 'catkin_cmake_args': None, 'catkin_skip_building_tests': False, 'cmake_args': None, 'cmake_clean_cache': False, 'cmake_clean_first': False, 'cmake_force_configure': False, 'cmake_target': None, 'cmake_target_skip_unavailable': False, 'install_base': '/home/bhung/spot_ros2/install/utilities', 'merge_install': False, 'path': '/home/bhung/spot_ros2/examples/utilities', 'symlink_install': True, 'test_result_base': None}
[0.509s] Level 5:colcon.colcon_core.verb:set package 'spot_driver' build argument 'cmake_args' from command line to 'None'
[0.509s] Level 5:colcon.colcon_core.verb:set package 'spot_driver' build argument 'cmake_target' from command line to 'None'
[0.509s] Level 5:colcon.colcon_core.verb:set package 'spot_driver' build argument 'cmake_target_skip_unavailable' from command line to 'False'
[0.509s] Level 5:colcon.colcon_core.verb:set package 'spot_driver' build argument 'cmake_clean_cache' from command line to 'False'
[0.509s] Level 5:colcon.colcon_core.verb:set package 'spot_driver' build argument 'cmake_clean_first' from command line to 'False'
[0.509s] Level 5:colcon.colcon_core.verb:set package 'spot_driver' build argument 'cmake_force_configure' from command line to 'False'
[0.509s] Level 5:colcon.colcon_core.verb:set package 'spot_driver' build argument 'ament_cmake_args' from command line to 'None'
[0.509s] Level 5:colcon.colcon_core.verb:set package 'spot_driver' build argument 'catkin_cmake_args' from command line to 'None'
[0.509s] Level 5:colcon.colcon_core.verb:set package 'spot_driver' build argument 'catkin_skip_building_tests' from command line to 'False'
[0.509s] DEBUG:colcon.colcon_core.verb:Building package 'spot_driver' with the following arguments: {'ament_cmake_args': None, 'build_base': '/home/bhung/spot_ros2/build/spot_driver', 'catkin_cmake_args': None, 'catkin_skip_building_tests': False, 'cmake_args': None, 'cmake_clean_cache': False, 'cmake_clean_first': False, 'cmake_force_configure': False, 'cmake_target': None, 'cmake_target_skip_unavailable': False, 'install_base': '/home/bhung/spot_ros2/install/spot_driver', 'merge_install': False, 'path': '/home/bhung/spot_ros2/spot_driver', 'symlink_install': True, 'test_result_base': None}
[0.510s] INFO:colcon.colcon_core.executor:Executing jobs using 'parallel' executor
[0.512s] DEBUG:colcon.colcon_parallel_executor.executor.parallel:run_until_complete
[0.512s] INFO:colcon.colcon_ros.task.ament_cmake.build:Building ROS package in '/home/bhung/spot_ros2/spot_msgs' with build type 'ament_cmake'
[0.512s] INFO:colcon.colcon_cmake.task.cmake.build:Building CMake package in '/home/bhung/spot_ros2/spot_msgs'
[0.514s] INFO:colcon.colcon_core.plugin_system:Skipping extension 'colcon_core.shell.bat': Not used on non-Windows systems
[0.514s] INFO:colcon.colcon_core.shell:Skip shell extension 'powershell' for command environment: Not usable outside of PowerShell
[0.514s] DEBUG:colcon.colcon_core.shell:Skip shell extension 'dsv' for command environment
[0.517s] INFO:colcon.colcon_ros.task.ament_python.build:Building ROS package in '/home/bhung/spot_ros2/ros_utilities/bdai_ros2_wrappers' with build type 'ament_python'
[0.517s] Level 1:colcon.colcon_core.shell:create_environment_hook('bdai_ros2_wrappers', 'ament_prefix_path')
[0.518s] INFO:colcon.colcon_core.shell:Creating environment hook '/home/bhung/spot_ros2/install/bdai_ros2_wrappers/share/bdai_ros2_wrappers/hook/ament_prefix_path.ps1'
[0.519s] INFO:colcon.colcon_core.shell:Creating environment descriptor '/home/bhung/spot_ros2/install/bdai_ros2_wrappers/share/bdai_ros2_wrappers/hook/ament_prefix_path.dsv'
[0.519s] INFO:colcon.colcon_core.shell:Creating environment hook '/home/bhung/spot_ros2/install/bdai_ros2_wrappers/share/bdai_ros2_wrappers/hook/ament_prefix_path.sh'
[0.520s] INFO:colcon.colcon_core.shell:Skip shell extension 'powershell' for command environment: Not usable outside of PowerShell
[0.520s] DEBUG:colcon.colcon_core.shell:Skip shell extension 'dsv' for command environment
[0.523s] INFO:colcon.colcon_ros.task.ament_python.build:Building ROS package in '/home/bhung/spot_ros2/examples/simple_arm_motion' with build type 'ament_python'
[0.523s] Level 1:colcon.colcon_core.shell:create_environment_hook('simple_arm_motion', 'ament_prefix_path')
[0.524s] INFO:colcon.colcon_core.shell:Creating environment hook '/home/bhung/spot_ros2/install/simple_arm_motion/share/simple_arm_motion/hook/ament_prefix_path.ps1'
[0.525s] INFO:colcon.colcon_core.shell:Creating environment descriptor '/home/bhung/spot_ros2/install/simple_arm_motion/share/simple_arm_motion/hook/ament_prefix_path.dsv'
[0.525s] INFO:colcon.colcon_core.shell:Creating environment hook '/home/bhung/spot_ros2/install/simple_arm_motion/share/simple_arm_motion/hook/ament_prefix_path.sh'
[0.526s] INFO:colcon.colcon_core.shell:Skip shell extension 'powershell' for command environment: Not usable outside of PowerShell
[0.526s] DEBUG:colcon.colcon_core.shell:Skip shell extension 'dsv' for command environment
[0.528s] INFO:colcon.colcon_ros.task.ament_python.build:Building ROS package in '/home/bhung/spot_ros2/examples/simple_walk_forward' with build type 'ament_python'
[0.528s] Level 1:colcon.colcon_core.shell:create_environment_hook('simple_walk_forward', 'ament_prefix_path')
[0.529s] INFO:colcon.colcon_core.shell:Creating environment hook '/home/bhung/spot_ros2/install/simple_walk_forward/share/simple_walk_forward/hook/ament_prefix_path.ps1'
[0.530s] INFO:colcon.colcon_core.shell:Creating environment descriptor '/home/bhung/spot_ros2/install/simple_walk_forward/share/simple_walk_forward/hook/ament_prefix_path.dsv'
[0.530s] INFO:colcon.colcon_core.shell:Creating environment hook '/home/bhung/spot_ros2/install/simple_walk_forward/share/simple_walk_forward/hook/ament_prefix_path.sh'
[0.531s] INFO:colcon.colcon_core.shell:Skip shell extension 'powershell' for command environment: Not usable outside of PowerShell
[0.531s] DEBUG:colcon.colcon_core.shell:Skip shell extension 'dsv' for command environment
[0.533s] INFO:colcon.colcon_ros.task.ament_cmake.build:Building ROS package in '/home/bhung/spot_ros2/spot_description' with build type 'ament_cmake'
[0.533s] INFO:colcon.colcon_cmake.task.cmake.build:Building CMake package in '/home/bhung/spot_ros2/spot_description'
[0.535s] INFO:colcon.colcon_core.shell:Skip shell extension 'powershell' for command environment: Not usable outside of PowerShell
[0.535s] DEBUG:colcon.colcon_core.shell:Skip shell extension 'dsv' for command environment
[0.537s] INFO:colcon.colcon_core.task.python.build:Building Python package in '/home/bhung/spot_ros2/spot_wrapper'
[0.538s] INFO:colcon.colcon_core.shell:Skip shell extension 'powershell' for command environment: Not usable outside of PowerShell
[0.538s] DEBUG:colcon.colcon_core.shell:Skip shell extension 'dsv' for command environment
[0.541s] INFO:colcon.colcon_ros.task.ament_python.build:Building ROS package in '/home/bhung/spot_ros2/examples/utilities' with build type 'ament_python'
[0.541s] Level 1:colcon.colcon_core.shell:create_environment_hook('utilities', 'ament_prefix_path')
[0.541s] INFO:colcon.colcon_core.shell:Creating environment hook '/home/bhung/spot_ros2/install/utilities/share/utilities/hook/ament_prefix_path.ps1'
[0.542s] INFO:colcon.colcon_core.shell:Creating environment descriptor '/home/bhung/spot_ros2/install/utilities/share/utilities/hook/ament_prefix_path.dsv'
[0.542s] INFO:colcon.colcon_core.shell:Creating environment hook '/home/bhung/spot_ros2/install/utilities/share/utilities/hook/ament_prefix_path.sh'
[0.543s] INFO:colcon.colcon_core.shell:Skip shell extension 'powershell' for command environment: Not usable outside of PowerShell
[0.543s] DEBUG:colcon.colcon_core.shell:Skip shell extension 'dsv' for command environment
[0.550s] DEBUG:colcon.colcon_core.event_handler.log_command:Invoking command in '/home/bhung/spot_ros2/build/spot_msgs': CMAKE_PREFIX_PATH=/home/bhung/bdai/ws/src/arm_utilities/install/arms:/home/bhung/bdai/ws/src/arm_utilities/install/arm_utilities:/opt/ros/humble /usr/bin/cmake --build /home/bhung/spot_ros2/build/spot_msgs -- -j16 -l16
[0.730s] INFO:colcon.colcon_core.task.python.build:Building Python package in '/home/bhung/spot_ros2/ros_utilities/bdai_ros2_wrappers'
[0.732s] INFO:colcon.colcon_core.shell:Skip shell extension 'powershell' for command environment: Not usable outside of PowerShell
[0.732s] DEBUG:colcon.colcon_core.shell:Skip shell extension 'dsv' for command environment
[0.906s] INFO:colcon.colcon_core.task.python.build:Building Python package in '/home/bhung/spot_ros2/examples/simple_arm_motion'
[0.907s] INFO:colcon.colcon_core.shell:Skip shell extension 'powershell' for command environment: Not usable outside of PowerShell
[0.907s] DEBUG:colcon.colcon_core.shell:Skip shell extension 'dsv' for command environment
[1.078s] INFO:colcon.colcon_core.task.python.build:Building Python package in '/home/bhung/spot_ros2/examples/simple_walk_forward'
[1.080s] INFO:colcon.colcon_core.shell:Skip shell extension 'powershell' for command environment: Not usable outside of PowerShell
[1.080s] DEBUG:colcon.colcon_core.shell:Skip shell extension 'dsv' for command environment
[1.085s] DEBUG:colcon.colcon_core.event_handler.log_command:Invoking command in '/home/bhung/spot_ros2/build/spot_description': CMAKE_PREFIX_PATH=/home/bhung/bdai/ws/src/arm_utilities/install/arms:/home/bhung/bdai/ws/src/arm_utilities/install/arm_utilities:/opt/ros/humble /usr/bin/cmake --build /home/bhung/spot_ros2/build/spot_description -- -j16 -l16
[1.456s] INFO:colcon.colcon_core.task.python.build:Building Python package in '/home/bhung/spot_ros2/examples/utilities'
[1.457s] INFO:colcon.colcon_core.shell:Skip shell extension 'powershell' for command environment: Not usable outside of PowerShell
[1.457s] DEBUG:colcon.colcon_core.shell:Skip shell extension 'dsv' for command environment
[1.461s] DEBUG:colcon.colcon_core.event_handler.log_command:Invoked command in '/home/bhung/spot_ros2/build/spot_description' returned '0': CMAKE_PREFIX_PATH=/home/bhung/bdai/ws/src/arm_utilities/install/arms:/home/bhung/bdai/ws/src/arm_utilities/install/arm_utilities:/opt/ros/humble /usr/bin/cmake --build /home/bhung/spot_ros2/build/spot_description -- -j16 -l16
[1.483s] DEBUG:colcon.colcon_core.event_handler.log_command:Invoking command in '/home/bhung/spot_ros2/build/spot_description': CMAKE_PREFIX_PATH=/home/bhung/bdai/ws/src/arm_utilities/install/arms:/home/bhung/bdai/ws/src/arm_utilities/install/arm_utilities:/opt/ros/humble /usr/bin/cmake --install /home/bhung/spot_ros2/build/spot_description
[1.523s] Level 1:colcon.colcon_core.environment:create_environment_scripts_only(spot_description)
[1.524s] DEBUG:colcon.colcon_core.event_handler.log_command:Invoked command in '/home/bhung/spot_ros2/build/spot_description' returned '0': CMAKE_PREFIX_PATH=/home/bhung/bdai/ws/src/arm_utilities/install/arms:/home/bhung/bdai/ws/src/arm_utilities/install/arm_utilities:/opt/ros/humble /usr/bin/cmake --install /home/bhung/spot_ros2/build/spot_description
[1.527s] Level 1:colcon.colcon_core.environment:checking '/home/bhung/spot_ros2/install/spot_description' for CMake module files
[1.528s] Level 1:colcon.colcon_core.environment:checking '/home/bhung/spot_ros2/install/spot_description' for CMake config files
[1.528s] Level 1:colcon.colcon_core.shell:create_environment_hook('spot_description', 'cmake_prefix_path')
[1.529s] INFO:colcon.colcon_core.shell:Creating environment hook '/home/bhung/spot_ros2/install/spot_description/share/spot_description/hook/cmake_prefix_path.ps1'
[1.529s] INFO:colcon.colcon_core.shell:Creating environment descriptor '/home/bhung/spot_ros2/install/spot_description/share/spot_description/hook/cmake_prefix_path.dsv'
[1.529s] INFO:colcon.colcon_core.shell:Creating environment hook '/home/bhung/spot_ros2/install/spot_description/share/spot_description/hook/cmake_prefix_path.sh'
[1.529s] Level 1:colcon.colcon_core.environment:checking '/home/bhung/spot_ros2/install/spot_description/bin'
[1.530s] Level 1:colcon.colcon_core.environment:checking '/home/bhung/spot_ros2/install/spot_description/lib/pkgconfig/spot_description.pc'
[1.530s] Level 1:colcon.colcon_core.environment:checking '/home/bhung/spot_ros2/install/spot_description/lib/python3.10/site-packages'
[1.530s] Level 1:colcon.colcon_core.environment:checking '/home/bhung/spot_ros2/install/spot_description/bin'
[1.531s] INFO:colcon.colcon_core.shell:Creating package script '/home/bhung/spot_ros2/install/spot_description/share/spot_description/package.ps1'
[1.531s] INFO:colcon.colcon_core.shell:Creating package descriptor '/home/bhung/spot_ros2/install/spot_description/share/spot_description/package.dsv'
[1.531s] INFO:colcon.colcon_core.shell:Creating package script '/home/bhung/spot_ros2/install/spot_description/share/spot_description/package.sh'
[1.532s] INFO:colcon.colcon_core.shell:Creating package script '/home/bhung/spot_ros2/install/spot_description/share/spot_description/package.bash'
[1.532s] INFO:colcon.colcon_core.shell:Creating package script '/home/bhung/spot_ros2/install/spot_description/share/spot_description/package.zsh'
[1.532s] Level 1:colcon.colcon_core.environment:create_file_with_runtime_dependencies(/home/bhung/spot_ros2/install/spot_description/share/colcon-core/packages/spot_description)
[1.566s] Level 1:colcon.colcon_core.environment:create_environment_scripts_only(spot_description)
[1.568s] Level 1:colcon.colcon_core.environment:checking '/home/bhung/spot_ros2/install/spot_description' for CMake module files
[1.568s] Level 1:colcon.colcon_core.environment:checking '/home/bhung/spot_ros2/install/spot_description' for CMake config files
[1.569s] Level 1:colcon.colcon_core.shell:create_environment_hook('spot_description', 'cmake_prefix_path')
[1.571s] INFO:colcon.colcon_core.shell:Creating environment hook '/home/bhung/spot_ros2/install/spot_description/share/spot_description/hook/cmake_prefix_path.ps1'
[1.571s] INFO:colcon.colcon_core.shell:Creating environment descriptor '/home/bhung/spot_ros2/install/spot_description/share/spot_description/hook/cmake_prefix_path.dsv'
[1.571s] INFO:colcon.colcon_core.shell:Creating environment hook '/home/bhung/spot_ros2/install/spot_description/share/spot_description/hook/cmake_prefix_path.sh'
[1.572s] Level 1:colcon.colcon_core.environment:checking '/home/bhung/spot_ros2/install/spot_description/bin'
[1.572s] Level 1:colcon.colcon_core.environment:checking '/home/bhung/spot_ros2/install/spot_description/lib/pkgconfig/spot_description.pc'
[1.572s] Level 1:colcon.colcon_core.environment:checking '/home/bhung/spot_ros2/install/spot_description/lib/python3.10/site-packages'
[1.573s] Level 1:colcon.colcon_core.environment:checking '/home/bhung/spot_ros2/install/spot_description/bin'
[1.575s] INFO:colcon.colcon_core.shell:Creating package script '/home/bhung/spot_ros2/install/spot_description/share/spot_description/package.ps1'
[1.575s] INFO:colcon.colcon_core.shell:Creating package descriptor '/home/bhung/spot_ros2/install/spot_description/share/spot_description/package.dsv'
[1.576s] INFO:colcon.colcon_core.shell:Creating package script '/home/bhung/spot_ros2/install/spot_description/share/spot_description/package.sh'
[1.576s] INFO:colcon.colcon_core.shell:Creating package script '/home/bhung/spot_ros2/install/spot_description/share/spot_description/package.bash'
[1.577s] INFO:colcon.colcon_core.shell:Creating package script '/home/bhung/spot_ros2/install/spot_description/share/spot_description/package.zsh'
[1.577s] Level 1:colcon.colcon_core.environment:create_file_with_runtime_dependencies(/home/bhung/spot_ros2/install/spot_description/share/colcon-core/packages/spot_description)
[1.615s] DEBUG:colcon.colcon_core.event_handler.log_command:Invoking command in '/home/bhung/spot_ros2/build/spot_wrapper': PYTHONPATH=/home/bhung/spot_ros2/build/spot_wrapper/prefix_override:/home/bhung/spot_ros2/install/spot_wrapper/lib/python3.10/site-packages:${PYTHONPATH} /usr/bin/python3 setup.py develop --editable --build-directory /home/bhung/spot_ros2/build/spot_wrapper/build --no-deps
[1.919s] DEBUG:colcon.colcon_core.event_handler.log_command:Invoking command in '/home/bhung/spot_ros2/build/bdai_ros2_wrappers': PYTHONPATH=/home/bhung/spot_ros2/build/bdai_ros2_wrappers/prefix_override:/home/bhung/spot_ros2/install/bdai_ros2_wrappers/lib/python3.10/site-packages:${PYTHONPATH} /usr/bin/python3 setup.py develop --editable --build-directory /home/bhung/spot_ros2/build/bdai_ros2_wrappers/build --no-deps install_data
[1.975s] DEBUG:colcon.colcon_core.event_handler.log_command:Invoking command in '/home/bhung/spot_ros2/build/simple_walk_forward': PYTHONPATH=/home/bhung/spot_ros2/build/simple_walk_forward/prefix_override:/home/bhung/spot_ros2/install/simple_walk_forward/lib/python3.10/site-packages:${PYTHONPATH} /usr/bin/python3 setup.py develop --editable --build-directory /home/bhung/spot_ros2/build/simple_walk_forward/build --no-deps install_data
[1.995s] DEBUG:colcon.colcon_core.event_handler.log_command:Invoking command in '/home/bhung/spot_ros2/build/utilities': PYTHONPATH=/home/bhung/spot_ros2/build/utilities/prefix_override:/home/bhung/spot_ros2/install/utilities/lib/python3.10/site-packages:${PYTHONPATH} /usr/bin/python3 setup.py develop --editable --build-directory /home/bhung/spot_ros2/build/utilities/build --no-deps install_data
[2.206s] DEBUG:colcon.colcon_core.event_handler.log_command:Invoking command in '/home/bhung/spot_ros2/build/simple_arm_motion': PYTHONPATH=/home/bhung/spot_ros2/build/simple_arm_motion/prefix_override:/home/bhung/spot_ros2/install/simple_arm_motion/lib/python3.10/site-packages:${PYTHONPATH} /usr/bin/python3 setup.py develop --editable --build-directory /home/bhung/spot_ros2/build/simple_arm_motion/build --no-deps install_data
[2.313s] Level 1:colcon.colcon_core.shell:create_environment_hook('spot_wrapper', 'pythonpath_develop')
[2.314s] INFO:colcon.colcon_core.shell:Creating environment hook '/home/bhung/spot_ros2/build/spot_wrapper/share/spot_wrapper/hook/pythonpath_develop.ps1'
[2.315s] DEBUG:colcon.colcon_core.event_handler.log_command:Invoked command in '/home/bhung/spot_ros2/build/spot_wrapper' returned '0': PYTHONPATH=/home/bhung/spot_ros2/build/spot_wrapper/prefix_override:/home/bhung/spot_ros2/install/spot_wrapper/lib/python3.10/site-packages:${PYTHONPATH} /usr/bin/python3 setup.py develop --editable --build-directory /home/bhung/spot_ros2/build/spot_wrapper/build --no-deps
[2.315s] INFO:colcon.colcon_core.shell:Creating environment descriptor '/home/bhung/spot_ros2/build/spot_wrapper/share/spot_wrapper/hook/pythonpath_develop.dsv'
[2.316s] INFO:colcon.colcon_core.shell:Creating environment hook '/home/bhung/spot_ros2/build/spot_wrapper/share/spot_wrapper/hook/pythonpath_develop.sh'
[2.318s] Level 1:colcon.colcon_core.environment:checking '/home/bhung/spot_ros2/install/spot_wrapper' for CMake module files
[2.318s] Level 1:colcon.colcon_core.environment:checking '/home/bhung/spot_ros2/install/spot_wrapper' for CMake config files
[2.319s] Level 1:colcon.colcon_core.environment:checking '/home/bhung/spot_ros2/install/spot_wrapper/lib'
[2.319s] Level 1:colcon.colcon_core.environment:checking '/home/bhung/spot_ros2/install/spot_wrapper/bin'
[2.319s] Level 1:colcon.colcon_core.environment:checking '/home/bhung/spot_ros2/install/spot_wrapper/lib/pkgconfig/spot_wrapper.pc'
[2.319s] Level 1:colcon.colcon_core.environment:checking '/home/bhung/spot_ros2/install/spot_wrapper/lib/python3.10/site-packages'
[2.319s] Level 1:colcon.colcon_core.shell:create_environment_hook('spot_wrapper', 'pythonpath')
[2.321s] INFO:colcon.colcon_core.shell:Creating environment hook '/home/bhung/spot_ros2/install/spot_wrapper/share/spot_wrapper/hook/pythonpath.ps1'
[2.322s] INFO:colcon.colcon_core.shell:Creating environment descriptor '/home/bhung/spot_ros2/install/spot_wrapper/share/spot_wrapper/hook/pythonpath.dsv'
[2.322s] INFO:colcon.colcon_core.shell:Creating environment hook '/home/bhung/spot_ros2/install/spot_wrapper/share/spot_wrapper/hook/pythonpath.sh'
[2.323s] Level 1:colcon.colcon_core.environment:checking '/home/bhung/spot_ros2/install/spot_wrapper/bin'
[2.323s] Level 1:colcon.colcon_core.environment:create_environment_scripts_only(spot_wrapper)
[2.332s] INFO:colcon.colcon_core.shell:Creating package script '/home/bhung/spot_ros2/install/spot_wrapper/share/spot_wrapper/package.ps1'
[2.336s] INFO:colcon.colcon_core.shell:Creating package descriptor '/home/bhung/spot_ros2/install/spot_wrapper/share/spot_wrapper/package.dsv'
[2.339s] INFO:colcon.colcon_core.shell:Creating package script '/home/bhung/spot_ros2/install/spot_wrapper/share/spot_wrapper/package.sh'
[2.340s] INFO:colcon.colcon_core.shell:Creating package script '/home/bhung/spot_ros2/install/spot_wrapper/share/spot_wrapper/package.bash'
[2.340s] INFO:colcon.colcon_core.shell:Creating package script '/home/bhung/spot_ros2/install/spot_wrapper/share/spot_wrapper/package.zsh'
[2.341s] Level 1:colcon.colcon_core.environment:create_file_with_runtime_dependencies(/home/bhung/spot_ros2/install/spot_wrapper/share/colcon-core/packages/spot_wrapper)
[2.547s] Level 1:colcon.colcon_core.shell:create_environment_hook('bdai_ros2_wrappers', 'pythonpath_develop')
[2.548s] INFO:colcon.colcon_core.shell:Creating environment hook '/home/bhung/spot_ros2/build/bdai_ros2_wrappers/share/bdai_ros2_wrappers/hook/pythonpath_develop.ps1'
[2.549s] DEBUG:colcon.colcon_core.event_handler.log_command:Invoked command in '/home/bhung/spot_ros2/build/bdai_ros2_wrappers' returned '0': PYTHONPATH=/home/bhung/spot_ros2/build/bdai_ros2_wrappers/prefix_override:/home/bhung/spot_ros2/install/bdai_ros2_wrappers/lib/python3.10/site-packages:${PYTHONPATH} /usr/bin/python3 setup.py develop --editable --build-directory /home/bhung/spot_ros2/build/bdai_ros2_wrappers/build --no-deps install_data
[2.550s] INFO:colcon.colcon_core.shell:Creating environment descriptor '/home/bhung/spot_ros2/build/bdai_ros2_wrappers/share/bdai_ros2_wrappers/hook/pythonpath_develop.dsv'
[2.550s] INFO:colcon.colcon_core.shell:Creating environment hook '/home/bhung/spot_ros2/build/bdai_ros2_wrappers/share/bdai_ros2_wrappers/hook/pythonpath_develop.sh'
[2.553s] Level 1:colcon.colcon_core.environment:checking '/home/bhung/spot_ros2/install/bdai_ros2_wrappers' for CMake module files
[2.553s] Level 1:colcon.colcon_core.environment:checking '/home/bhung/spot_ros2/install/bdai_ros2_wrappers' for CMake config files
[2.554s] Level 1:colcon.colcon_core.environment:checking '/home/bhung/spot_ros2/install/bdai_ros2_wrappers/lib'
[2.554s] Level 1:colcon.colcon_core.environment:checking '/home/bhung/spot_ros2/install/bdai_ros2_wrappers/bin'
[2.554s] Level 1:colcon.colcon_core.environment:checking '/home/bhung/spot_ros2/install/bdai_ros2_wrappers/lib/pkgconfig/bdai_ros2_wrappers.pc'
[2.554s] Level 1:colcon.colcon_core.environment:checking '/home/bhung/spot_ros2/install/bdai_ros2_wrappers/lib/python3.10/site-packages'
[2.555s] Level 1:colcon.colcon_core.shell:create_environment_hook('bdai_ros2_wrappers', 'pythonpath')
[2.556s] INFO:colcon.colcon_core.shell:Creating environment hook '/home/bhung/spot_ros2/install/bdai_ros2_wrappers/share/bdai_ros2_wrappers/hook/pythonpath.ps1'
[2.556s] INFO:colcon.colcon_core.shell:Creating environment descriptor '/home/bhung/spot_ros2/install/bdai_ros2_wrappers/share/bdai_ros2_wrappers/hook/pythonpath.dsv'
[2.557s] INFO:colcon.colcon_core.shell:Creating environment hook '/home/bhung/spot_ros2/install/bdai_ros2_wrappers/share/bdai_ros2_wrappers/hook/pythonpath.sh'
[2.557s] Level 1:colcon.colcon_core.environment:checking '/home/bhung/spot_ros2/install/bdai_ros2_wrappers/bin'
[2.557s] Level 1:colcon.colcon_core.environment:create_environment_scripts_only(bdai_ros2_wrappers)
[2.569s] INFO:colcon.colcon_core.shell:Creating package script '/home/bhung/spot_ros2/install/bdai_ros2_wrappers/share/bdai_ros2_wrappers/package.ps1'
[2.573s] INFO:colcon.colcon_core.shell:Creating package descriptor '/home/bhung/spot_ros2/install/bdai_ros2_wrappers/share/bdai_ros2_wrappers/package.dsv'
[2.574s] INFO:colcon.colcon_core.shell:Creating package script '/home/bhung/spot_ros2/install/bdai_ros2_wrappers/share/bdai_ros2_wrappers/package.sh'
[2.575s] INFO:colcon.colcon_core.shell:Creating package script '/home/bhung/spot_ros2/install/bdai_ros2_wrappers/share/bdai_ros2_wrappers/package.bash'
[2.575s] INFO:colcon.colcon_core.shell:Creating package script '/home/bhung/spot_ros2/install/bdai_ros2_wrappers/share/bdai_ros2_wrappers/package.zsh'
[2.575s] Level 1:colcon.colcon_core.environment:create_file_with_runtime_dependencies(/home/bhung/spot_ros2/install/bdai_ros2_wrappers/share/colcon-core/packages/bdai_ros2_wrappers)
[2.593s] Level 1:colcon.colcon_core.shell:create_environment_hook('simple_walk_forward', 'pythonpath_develop')
[2.594s] INFO:colcon.colcon_core.shell:Creating environment hook '/home/bhung/spot_ros2/build/simple_walk_forward/share/simple_walk_forward/hook/pythonpath_develop.ps1'
[2.595s] DEBUG:colcon.colcon_core.event_handler.log_command:Invoked command in '/home/bhung/spot_ros2/build/simple_walk_forward' returned '0': PYTHONPATH=/home/bhung/spot_ros2/build/simple_walk_forward/prefix_override:/home/bhung/spot_ros2/install/simple_walk_forward/lib/python3.10/site-packages:${PYTHONPATH} /usr/bin/python3 setup.py develop --editable --build-directory /home/bhung/spot_ros2/build/simple_walk_forward/build --no-deps install_data
[2.595s] INFO:colcon.colcon_core.shell:Creating environment descriptor '/home/bhung/spot_ros2/build/simple_walk_forward/share/simple_walk_forward/hook/pythonpath_develop.dsv'
[2.595s] INFO:colcon.colcon_core.shell:Creating environment hook '/home/bhung/spot_ros2/build/simple_walk_forward/share/simple_walk_forward/hook/pythonpath_develop.sh'
[2.597s] Level 1:colcon.colcon_core.environment:checking '/home/bhung/spot_ros2/install/simple_walk_forward' for CMake module files
[2.597s] Level 1:colcon.colcon_core.environment:checking '/home/bhung/spot_ros2/install/simple_walk_forward' for CMake config files
[2.598s] Level 1:colcon.colcon_core.environment:checking '/home/bhung/spot_ros2/install/simple_walk_forward/lib'
[2.598s] Level 1:colcon.colcon_core.environment:checking '/home/bhung/spot_ros2/install/simple_walk_forward/bin'
[2.598s] Level 1:colcon.colcon_core.environment:checking '/home/bhung/spot_ros2/install/simple_walk_forward/lib/pkgconfig/simple_walk_forward.pc'
[2.598s] Level 1:colcon.colcon_core.environment:checking '/home/bhung/spot_ros2/install/simple_walk_forward/lib/python3.10/site-packages'
[2.598s] Level 1:colcon.colcon_core.shell:create_environment_hook('simple_walk_forward', 'pythonpath')
[2.599s] INFO:colcon.colcon_core.shell:Creating environment hook '/home/bhung/spot_ros2/install/simple_walk_forward/share/simple_walk_forward/hook/pythonpath.ps1'
[2.599s] INFO:colcon.colcon_core.shell:Creating environment descriptor '/home/bhung/spot_ros2/install/simple_walk_forward/share/simple_walk_forward/hook/pythonpath.dsv'
[2.599s] INFO:colcon.colcon_core.shell:Creating environment hook '/home/bhung/spot_ros2/install/simple_walk_forward/share/simple_walk_forward/hook/pythonpath.sh'
[2.600s] Level 1:colcon.colcon_core.environment:checking '/home/bhung/spot_ros2/install/simple_walk_forward/bin'
[2.600s] Level 1:colcon.colcon_core.environment:create_environment_scripts_only(simple_walk_forward)
[2.601s] INFO:colcon.colcon_core.shell:Creating package script '/home/bhung/spot_ros2/install/simple_walk_forward/share/simple_walk_forward/package.ps1'
[2.601s] INFO:colcon.colcon_core.shell:Creating package descriptor '/home/bhung/spot_ros2/install/simple_walk_forward/share/simple_walk_forward/package.dsv'
[2.601s] INFO:colcon.colcon_core.shell:Creating package script '/home/bhung/spot_ros2/install/simple_walk_forward/share/simple_walk_forward/package.sh'
[2.602s] INFO:colcon.colcon_core.shell:Creating package script '/home/bhung/spot_ros2/install/simple_walk_forward/share/simple_walk_forward/package.bash'
[2.602s] INFO:colcon.colcon_core.shell:Creating package script '/home/bhung/spot_ros2/install/simple_walk_forward/share/simple_walk_forward/package.zsh'
[2.602s] Level 1:colcon.colcon_core.environment:create_file_with_runtime_dependencies(/home/bhung/spot_ros2/install/simple_walk_forward/share/colcon-core/packages/simple_walk_forward)
[2.605s] Level 1:colcon.colcon_core.shell:create_environment_hook('utilities', 'pythonpath_develop')
[2.606s] INFO:colcon.colcon_core.shell:Creating environment hook '/home/bhung/spot_ros2/build/utilities/share/utilities/hook/pythonpath_develop.ps1'
[2.606s] DEBUG:colcon.colcon_core.event_handler.log_command:Invoked command in '/home/bhung/spot_ros2/build/utilities' returned '0': PYTHONPATH=/home/bhung/spot_ros2/build/utilities/prefix_override:/home/bhung/spot_ros2/install/utilities/lib/python3.10/site-packages:${PYTHONPATH} /usr/bin/python3 setup.py develop --editable --build-directory /home/bhung/spot_ros2/build/utilities/build --no-deps install_data
[2.607s] INFO:colcon.colcon_core.shell:Creating environment descriptor '/home/bhung/spot_ros2/build/utilities/share/utilities/hook/pythonpath_develop.dsv'
[2.607s] INFO:colcon.colcon_core.shell:Creating environment hook '/home/bhung/spot_ros2/build/utilities/share/utilities/hook/pythonpath_develop.sh'
[2.608s] Level 1:colcon.colcon_core.environment:checking '/home/bhung/spot_ros2/install/utilities' for CMake module files
[2.608s] Level 1:colcon.colcon_core.environment:checking '/home/bhung/spot_ros2/install/utilities' for CMake config files
[2.609s] Level 1:colcon.colcon_core.environment:checking '/home/bhung/spot_ros2/install/utilities/lib'
[2.609s] Level 1:colcon.colcon_core.environment:checking '/home/bhung/spot_ros2/install/utilities/bin'
[2.609s] Level 1:colcon.colcon_core.environment:checking '/home/bhung/spot_ros2/install/utilities/lib/pkgconfig/utilities.pc'
[2.609s] Level 1:colcon.colcon_core.environment:checking '/home/bhung/spot_ros2/install/utilities/lib/python3.10/site-packages'
[2.609s] Level 1:colcon.colcon_core.shell:create_environment_hook('utilities', 'pythonpath')
[2.610s] INFO:colcon.colcon_core.shell:Creating environment hook '/home/bhung/spot_ros2/install/utilities/share/utilities/hook/pythonpath.ps1'
[2.610s] INFO:colcon.colcon_core.shell:Creating environment descriptor '/home/bhung/spot_ros2/install/utilities/share/utilities/hook/pythonpath.dsv'
[2.610s] INFO:colcon.colcon_core.shell:Creating environment hook '/home/bhung/spot_ros2/install/utilities/share/utilities/hook/pythonpath.sh'
[2.610s] Level 1:colcon.colcon_core.environment:checking '/home/bhung/spot_ros2/install/utilities/bin'
[2.610s] Level 1:colcon.colcon_core.environment:create_environment_scripts_only(utilities)
[2.611s] INFO:colcon.colcon_core.shell:Creating package script '/home/bhung/spot_ros2/install/utilities/share/utilities/package.ps1'
[2.611s] INFO:colcon.colcon_core.shell:Creating package descriptor '/home/bhung/spot_ros2/install/utilities/share/utilities/package.dsv'
[2.612s] INFO:colcon.colcon_core.shell:Creating package script '/home/bhung/spot_ros2/install/utilities/share/utilities/package.sh'
[2.612s] INFO:colcon.colcon_core.shell:Creating package script '/home/bhung/spot_ros2/install/utilities/share/utilities/package.bash'
[2.612s] INFO:colcon.colcon_core.shell:Creating package script '/home/bhung/spot_ros2/install/utilities/share/utilities/package.zsh'
[2.612s] Level 1:colcon.colcon_core.environment:create_file_with_runtime_dependencies(/home/bhung/spot_ros2/install/utilities/share/colcon-core/packages/utilities)
[2.775s] Level 1:colcon.colcon_core.shell:create_environment_hook('simple_arm_motion', 'pythonpath_develop')
[2.776s] INFO:colcon.colcon_core.shell:Creating environment hook '/home/bhung/spot_ros2/build/simple_arm_motion/share/simple_arm_motion/hook/pythonpath_develop.ps1'
[2.776s] DEBUG:colcon.colcon_core.event_handler.log_command:Invoked command in '/home/bhung/spot_ros2/build/simple_arm_motion' returned '0': PYTHONPATH=/home/bhung/spot_ros2/build/simple_arm_motion/prefix_override:/home/bhung/spot_ros2/install/simple_arm_motion/lib/python3.10/site-packages:${PYTHONPATH} /usr/bin/python3 setup.py develop --editable --build-directory /home/bhung/spot_ros2/build/simple_arm_motion/build --no-deps install_data
[2.777s] INFO:colcon.colcon_core.shell:Creating environment descriptor '/home/bhung/spot_ros2/build/simple_arm_motion/share/simple_arm_motion/hook/pythonpath_develop.dsv'
[2.777s] INFO:colcon.colcon_core.shell:Creating environment hook '/home/bhung/spot_ros2/build/simple_arm_motion/share/simple_arm_motion/hook/pythonpath_develop.sh'
[2.778s] Level 1:colcon.colcon_core.environment:checking '/home/bhung/spot_ros2/install/simple_arm_motion' for CMake module files
[2.778s] Level 1:colcon.colcon_core.environment:checking '/home/bhung/spot_ros2/install/simple_arm_motion' for CMake config files
[2.779s] Level 1:colcon.colcon_core.environment:checking '/home/bhung/spot_ros2/install/simple_arm_motion/lib'
[2.779s] Level 1:colcon.colcon_core.environment:checking '/home/bhung/spot_ros2/install/simple_arm_motion/bin'
[2.779s] Level 1:colcon.colcon_core.environment:checking '/home/bhung/spot_ros2/install/simple_arm_motion/lib/pkgconfig/simple_arm_motion.pc'
[2.779s] Level 1:colcon.colcon_core.environment:checking '/home/bhung/spot_ros2/install/simple_arm_motion/lib/python3.10/site-packages'
[2.779s] Level 1:colcon.colcon_core.shell:create_environment_hook('simple_arm_motion', 'pythonpath')
[2.780s] INFO:colcon.colcon_core.shell:Creating environment hook '/home/bhung/spot_ros2/install/simple_arm_motion/share/simple_arm_motion/hook/pythonpath.ps1'
[2.780s] INFO:colcon.colcon_core.shell:Creating environment descriptor '/home/bhung/spot_ros2/install/simple_arm_motion/share/simple_arm_motion/hook/pythonpath.dsv'
[2.780s] INFO:colcon.colcon_core.shell:Creating environment hook '/home/bhung/spot_ros2/install/simple_arm_motion/share/simple_arm_motion/hook/pythonpath.sh'
[2.780s] Level 1:colcon.colcon_core.environment:checking '/home/bhung/spot_ros2/install/simple_arm_motion/bin'
[2.780s] Level 1:colcon.colcon_core.environment:create_environment_scripts_only(simple_arm_motion)
[2.781s] INFO:colcon.colcon_core.shell:Creating package script '/home/bhung/spot_ros2/install/simple_arm_motion/share/simple_arm_motion/package.ps1'
[2.781s] INFO:colcon.colcon_core.shell:Creating package descriptor '/home/bhung/spot_ros2/install/simple_arm_motion/share/simple_arm_motion/package.dsv'
[2.781s] INFO:colcon.colcon_core.shell:Creating package script '/home/bhung/spot_ros2/install/simple_arm_motion/share/simple_arm_motion/package.sh'
[2.782s] INFO:colcon.colcon_core.shell:Creating package script '/home/bhung/spot_ros2/install/simple_arm_motion/share/simple_arm_motion/package.bash'
[2.782s] INFO:colcon.colcon_core.shell:Creating package script '/home/bhung/spot_ros2/install/simple_arm_motion/share/simple_arm_motion/package.zsh'
[2.782s] Level 1:colcon.colcon_core.environment:create_file_with_runtime_dependencies(/home/bhung/spot_ros2/install/simple_arm_motion/share/colcon-core/packages/simple_arm_motion)
[21.583s] DEBUG:colcon.colcon_core.event_handler.log_command:Invoked command in '/home/bhung/spot_ros2/build/spot_msgs' returned '0': CMAKE_PREFIX_PATH=/home/bhung/bdai/ws/src/arm_utilities/install/arms:/home/bhung/bdai/ws/src/arm_utilities/install/arm_utilities:/opt/ros/humble /usr/bin/cmake --build /home/bhung/spot_ros2/build/spot_msgs -- -j16 -l16
[22.133s] DEBUG:colcon.colcon_core.event_handler.log_command:Invoking command in '/home/bhung/spot_ros2/build/spot_msgs': CMAKE_PREFIX_PATH=/home/bhung/bdai/ws/src/arm_utilities/install/arms:/home/bhung/bdai/ws/src/arm_utilities/install/arm_utilities:/opt/ros/humble /usr/bin/cmake --install /home/bhung/spot_ros2/build/spot_msgs
[22.473s] Level 1:colcon.colcon_core.environment:create_environment_scripts_only(spot_msgs)
[22.474s] Level 1:colcon.colcon_core.environment:checking '/home/bhung/spot_ros2/install/spot_msgs' for CMake module files
[22.475s] DEBUG:colcon.colcon_core.event_handler.log_command:Invoked command in '/home/bhung/spot_ros2/build/spot_msgs' returned '0': CMAKE_PREFIX_PATH=/home/bhung/bdai/ws/src/arm_utilities/install/arms:/home/bhung/bdai/ws/src/arm_utilities/install/arm_utilities:/opt/ros/humble /usr/bin/cmake --install /home/bhung/spot_ros2/build/spot_msgs
[22.475s] Level 1:colcon.colcon_core.environment:checking '/home/bhung/spot_ros2/install/spot_msgs' for CMake config files
[22.477s] Level 1:colcon.colcon_core.shell:create_environment_hook('spot_msgs', 'cmake_prefix_path')
[22.477s] INFO:colcon.colcon_core.shell:Creating environment hook '/home/bhung/spot_ros2/install/spot_msgs/share/spot_msgs/hook/cmake_prefix_path.ps1'
[22.478s] INFO:colcon.colcon_core.shell:Creating environment descriptor '/home/bhung/spot_ros2/install/spot_msgs/share/spot_msgs/hook/cmake_prefix_path.dsv'
[22.478s] INFO:colcon.colcon_core.shell:Creating environment hook '/home/bhung/spot_ros2/install/spot_msgs/share/spot_msgs/hook/cmake_prefix_path.sh'
[22.478s] Level 1:colcon.colcon_core.environment:checking '/home/bhung/spot_ros2/install/spot_msgs/lib'
[22.478s] Level 1:colcon.colcon_core.shell:create_environment_hook('spot_msgs', 'ld_library_path_lib')
[22.479s] INFO:colcon.colcon_core.shell:Creating environment hook '/home/bhung/spot_ros2/install/spot_msgs/share/spot_msgs/hook/ld_library_path_lib.ps1'
[22.479s] INFO:colcon.colcon_core.shell:Creating environment descriptor '/home/bhung/spot_ros2/install/spot_msgs/share/spot_msgs/hook/ld_library_path_lib.dsv'
[22.479s] INFO:colcon.colcon_core.shell:Creating environment hook '/home/bhung/spot_ros2/install/spot_msgs/share/spot_msgs/hook/ld_library_path_lib.sh'
[22.479s] Level 1:colcon.colcon_core.environment:checking '/home/bhung/spot_ros2/install/spot_msgs/bin'
[22.479s] Level 1:colcon.colcon_core.environment:checking '/home/bhung/spot_ros2/install/spot_msgs/lib/pkgconfig/spot_msgs.pc'
[22.480s] Level 1:colcon.colcon_core.environment:checking '/home/bhung/spot_ros2/install/spot_msgs/lib/python3.10/site-packages'
[22.480s] Level 1:colcon.colcon_core.environment:checking '/home/bhung/spot_ros2/install/spot_msgs/bin'
[22.480s] INFO:colcon.colcon_core.shell:Creating package script '/home/bhung/spot_ros2/install/spot_msgs/share/spot_msgs/package.ps1'
[22.481s] INFO:colcon.colcon_core.shell:Creating package descriptor '/home/bhung/spot_ros2/install/spot_msgs/share/spot_msgs/package.dsv'
[22.481s] INFO:colcon.colcon_core.shell:Creating package script '/home/bhung/spot_ros2/install/spot_msgs/share/spot_msgs/package.sh'
[22.481s] INFO:colcon.colcon_core.shell:Creating package script '/home/bhung/spot_ros2/install/spot_msgs/share/spot_msgs/package.bash'
[22.481s] INFO:colcon.colcon_core.shell:Creating package script '/home/bhung/spot_ros2/install/spot_msgs/share/spot_msgs/package.zsh'
[22.481s] Level 1:colcon.colcon_core.environment:create_file_with_runtime_dependencies(/home/bhung/spot_ros2/install/spot_msgs/share/colcon-core/packages/spot_msgs)
[23.039s] Level 1:colcon.colcon_core.environment:create_environment_scripts_only(spot_msgs)
[23.041s] Level 1:colcon.colcon_core.environment:checking '/home/bhung/spot_ros2/install/spot_msgs' for CMake module files
[23.041s] Level 1:colcon.colcon_core.environment:checking '/home/bhung/spot_ros2/install/spot_msgs' for CMake config files
[23.043s] Level 1:colcon.colcon_core.shell:create_environment_hook('spot_msgs', 'cmake_prefix_path')
[23.044s] INFO:colcon.colcon_core.shell:Creating environment hook '/home/bhung/spot_ros2/install/spot_msgs/share/spot_msgs/hook/cmake_prefix_path.ps1'
[23.044s] INFO:colcon.colcon_core.shell:Creating environment descriptor '/home/bhung/spot_ros2/install/spot_msgs/share/spot_msgs/hook/cmake_prefix_path.dsv'
[23.045s] INFO:colcon.colcon_core.shell:Creating environment hook '/home/bhung/spot_ros2/install/spot_msgs/share/spot_msgs/hook/cmake_prefix_path.sh'
[23.045s] Level 1:colcon.colcon_core.environment:checking '/home/bhung/spot_ros2/install/spot_msgs/lib'
[23.045s] Level 1:colcon.colcon_core.shell:create_environment_hook('spot_msgs', 'ld_library_path_lib')
[23.046s] INFO:colcon.colcon_core.shell:Creating environment hook '/home/bhung/spot_ros2/install/spot_msgs/share/spot_msgs/hook/ld_library_path_lib.ps1'
[23.046s] INFO:colcon.colcon_core.shell:Creating environment descriptor '/home/bhung/spot_ros2/install/spot_msgs/share/spot_msgs/hook/ld_library_path_lib.dsv'
[23.046s] INFO:colcon.colcon_core.shell:Creating environment hook '/home/bhung/spot_ros2/install/spot_msgs/share/spot_msgs/hook/ld_library_path_lib.sh'
[23.046s] Level 1:colcon.colcon_core.environment:checking '/home/bhung/spot_ros2/install/spot_msgs/bin'
[23.046s] Level 1:colcon.colcon_core.environment:checking '/home/bhung/spot_ros2/install/spot_msgs/lib/pkgconfig/spot_msgs.pc'
[23.047s] Level 1:colcon.colcon_core.environment:checking '/home/bhung/spot_ros2/install/spot_msgs/lib/python3.10/site-packages'
[23.047s] Level 1:colcon.colcon_core.environment:checking '/home/bhung/spot_ros2/install/spot_msgs/bin'
[23.048s] INFO:colcon.colcon_core.shell:Creating package script '/home/bhung/spot_ros2/install/spot_msgs/share/spot_msgs/package.ps1'
[23.048s] INFO:colcon.colcon_core.shell:Creating package descriptor '/home/bhung/spot_ros2/install/spot_msgs/share/spot_msgs/package.dsv'
[23.048s] INFO:colcon.colcon_core.shell:Creating package script '/home/bhung/spot_ros2/install/spot_msgs/share/spot_msgs/package.sh'
[23.048s] INFO:colcon.colcon_core.shell:Creating package script '/home/bhung/spot_ros2/install/spot_msgs/share/spot_msgs/package.bash'
[23.048s] INFO:colcon.colcon_core.shell:Creating package script '/home/bhung/spot_ros2/install/spot_msgs/share/spot_msgs/package.zsh'
[23.048s] Level 1:colcon.colcon_core.environment:create_file_with_runtime_dependencies(/home/bhung/spot_ros2/install/spot_msgs/share/colcon-core/packages/spot_msgs)
[23.049s] INFO:colcon.colcon_ros.task.ament_python.build:Building ROS package in '/home/bhung/spot_ros2/spot_driver' with build type 'ament_python'
[23.049s] Level 1:colcon.colcon_core.shell:create_environment_hook('spot_driver', 'ament_prefix_path')
[23.049s] INFO:colcon.colcon_core.shell:Creating environment hook '/home/bhung/spot_ros2/install/spot_driver/share/spot_driver/hook/ament_prefix_path.ps1'
[23.050s] INFO:colcon.colcon_core.shell:Creating environment descriptor '/home/bhung/spot_ros2/install/spot_driver/share/spot_driver/hook/ament_prefix_path.dsv'
[23.050s] INFO:colcon.colcon_core.shell:Creating environment hook '/home/bhung/spot_ros2/install/spot_driver/share/spot_driver/hook/ament_prefix_path.sh'
[23.051s] INFO:colcon.colcon_core.shell:Skip shell extension 'powershell' for command environment: Not usable outside of PowerShell
[23.051s] DEBUG:colcon.colcon_core.shell:Skip shell extension 'dsv' for command environment
[23.229s] INFO:colcon.colcon_core.task.python.build:Building Python package in '/home/bhung/spot_ros2/spot_driver'
[23.230s] INFO:colcon.colcon_core.shell:Skip shell extension 'powershell' for command environment: Not usable outside of PowerShell
[23.230s] DEBUG:colcon.colcon_core.shell:Skip shell extension 'dsv' for command environment
[23.489s] DEBUG:colcon.colcon_core.event_handler.log_command:Invoking command in '/home/bhung/spot_ros2/build/spot_driver': AMENT_PREFIX_PATH=/home/bhung/spot_ros2/install/spot_msgs:${AMENT_PREFIX_PATH} CMAKE_PREFIX_PATH=/home/bhung/spot_ros2/install/spot_msgs LD_LIBRARY_PATH=/home/bhung/spot_ros2/install/spot_msgs/lib:${LD_LIBRARY_PATH} PYTHONPATH=/home/bhung/spot_ros2/build/spot_driver/prefix_override:/home/bhung/spot_ros2/install/spot_driver/lib/python3.10/site-packages:/home/bhung/spot_ros2/install/spot_msgs/local/lib/python3.10/dist-packages:${PYTHONPATH} /usr/bin/python3 setup.py develop --editable --build-directory /home/bhung/spot_ros2/build/spot_driver/build --no-deps install_data
[23.806s] Level 1:colcon.colcon_core.shell:create_environment_hook('spot_driver', 'pythonpath_develop')
[23.807s] INFO:colcon.colcon_core.shell:Creating environment hook '/home/bhung/spot_ros2/build/spot_driver/share/spot_driver/hook/pythonpath_develop.ps1'
[23.807s] DEBUG:colcon.colcon_core.event_handler.log_command:Invoked command in '/home/bhung/spot_ros2/build/spot_driver' returned '0': AMENT_PREFIX_PATH=/home/bhung/spot_ros2/install/spot_msgs:${AMENT_PREFIX_PATH} CMAKE_PREFIX_PATH=/home/bhung/spot_ros2/install/spot_msgs LD_LIBRARY_PATH=/home/bhung/spot_ros2/install/spot_msgs/lib:${LD_LIBRARY_PATH} PYTHONPATH=/home/bhung/spot_ros2/build/spot_driver/prefix_override:/home/bhung/spot_ros2/install/spot_driver/lib/python3.10/site-packages:/home/bhung/spot_ros2/install/spot_msgs/local/lib/python3.10/dist-packages:${PYTHONPATH} /usr/bin/python3 setup.py develop --editable --build-directory /home/bhung/spot_ros2/build/spot_driver/build --no-deps install_data
[23.807s] INFO:colcon.colcon_core.shell:Creating environment descriptor '/home/bhung/spot_ros2/build/spot_driver/share/spot_driver/hook/pythonpath_develop.dsv'
[23.808s] INFO:colcon.colcon_core.shell:Creating environment hook '/home/bhung/spot_ros2/build/spot_driver/share/spot_driver/hook/pythonpath_develop.sh'
[23.809s] Level 1:colcon.colcon_core.environment:checking '/home/bhung/spot_ros2/install/spot_driver' for CMake module files
[23.809s] Level 1:colcon.colcon_core.environment:checking '/home/bhung/spot_ros2/install/spot_driver' for CMake config files
[23.809s] Level 1:colcon.colcon_core.environment:checking '/home/bhung/spot_ros2/install/spot_driver/lib'
[23.809s] Level 1:colcon.colcon_core.environment:checking '/home/bhung/spot_ros2/install/spot_driver/bin'
[23.809s] Level 1:colcon.colcon_core.environment:checking '/home/bhung/spot_ros2/install/spot_driver/lib/pkgconfig/spot_driver.pc'
[23.810s] Level 1:colcon.colcon_core.environment:checking '/home/bhung/spot_ros2/install/spot_driver/lib/python3.10/site-packages'
[23.810s] Level 1:colcon.colcon_core.shell:create_environment_hook('spot_driver', 'pythonpath')
[23.810s] INFO:colcon.colcon_core.shell:Creating environment hook '/home/bhung/spot_ros2/install/spot_driver/share/spot_driver/hook/pythonpath.ps1'
[23.810s] INFO:colcon.colcon_core.shell:Creating environment descriptor '/home/bhung/spot_ros2/install/spot_driver/share/spot_driver/hook/pythonpath.dsv'
[23.811s] INFO:colcon.colcon_core.shell:Creating environment hook '/home/bhung/spot_ros2/install/spot_driver/share/spot_driver/hook/pythonpath.sh'
[23.811s] Level 1:colcon.colcon_core.environment:checking '/home/bhung/spot_ros2/install/spot_driver/bin'
[23.811s] Level 1:colcon.colcon_core.environment:create_environment_scripts_only(spot_driver)
[23.812s] INFO:colcon.colcon_core.shell:Creating package script '/home/bhung/spot_ros2/install/spot_driver/share/spot_driver/package.ps1'
[23.812s] INFO:colcon.colcon_core.shell:Creating package descriptor '/home/bhung/spot_ros2/install/spot_driver/share/spot_driver/package.dsv'
[23.812s] INFO:colcon.colcon_core.shell:Creating package script '/home/bhung/spot_ros2/install/spot_driver/share/spot_driver/package.sh'
[23.812s] INFO:colcon.colcon_core.shell:Creating package script '/home/bhung/spot_ros2/install/spot_driver/share/spot_driver/package.bash'
[23.812s] INFO:colcon.colcon_core.shell:Creating package script '/home/bhung/spot_ros2/install/spot_driver/share/spot_driver/package.zsh'
[23.813s] Level 1:colcon.colcon_core.environment:create_file_with_runtime_dependencies(/home/bhung/spot_ros2/install/spot_driver/share/colcon-core/packages/spot_driver)
[23.813s] DEBUG:colcon.colcon_parallel_executor.executor.parallel:closing loop
[23.813s] DEBUG:colcon.colcon_parallel_executor.executor.parallel:loop closed
[23.813s] DEBUG:colcon.colcon_parallel_executor.executor.parallel:run_until_complete finished with '0'
[23.813s] DEBUG:colcon.colcon_core.event_reactor:joining thread
[23.819s] INFO:colcon.colcon_core.plugin_system:Skipping extension 'colcon_notification.desktop_notification.terminal_notifier': Not used on non-Darwin systems
[23.819s] INFO:colcon.colcon_core.plugin_system:Skipping extension 'colcon_notification.desktop_notification.win32': Not used on non-Windows systems
[23.819s] INFO:colcon.colcon_notification.desktop_notification:Sending desktop notification using 'notify2'
[23.827s] DEBUG:colcon.colcon_core.event_reactor:joined thread
[23.828s] INFO:colcon.colcon_core.shell:Creating prefix script '/home/bhung/spot_ros2/install/local_setup.ps1'
[23.829s] INFO:colcon.colcon_core.shell:Creating prefix util module '/home/bhung/spot_ros2/install/_local_setup_util_ps1.py'
[23.829s] INFO:colcon.colcon_core.shell:Creating prefix chain script '/home/bhung/spot_ros2/install/setup.ps1'
[23.830s] INFO:colcon.colcon_core.shell:Creating prefix script '/home/bhung/spot_ros2/install/local_setup.sh'
[23.830s] INFO:colcon.colcon_core.shell:Creating prefix util module '/home/bhung/spot_ros2/install/_local_setup_util_sh.py'
[23.830s] INFO:colcon.colcon_core.shell:Creating prefix chain script '/home/bhung/spot_ros2/install/setup.sh'
[23.831s] INFO:colcon.colcon_core.shell:Creating prefix script '/home/bhung/spot_ros2/install/local_setup.bash'
[23.831s] INFO:colcon.colcon_core.shell:Creating prefix chain script '/home/bhung/spot_ros2/install/setup.bash'
[23.832s] INFO:colcon.colcon_core.shell:Creating prefix script '/home/bhung/spot_ros2/install/local_setup.zsh'
[23.832s] INFO:colcon.colcon_core.shell:Creating prefix chain script '/home/bhung/spot_ros2/install/setup.zsh'
