[0.226s] DEBUG:colcon:Command line arguments: ['/usr/bin/colcon', 'build', '--symlink-install']
[0.226s] DEBUG:colcon:Parsed command line arguments: Namespace(log_base=None, log_level=None, verb_name='build', build_base='build', install_base='install', merge_install=False, symlink_install=True, test_result_base=None, continue_on_error=False, executor='parallel', parallel_workers=16, event_handlers=None, ignore_user_meta=False, metas=['./colcon.meta'], base_paths=['.'], packages_ignore=None, packages_ignore_regex=None, paths=None, packages_up_to=None, packages_up_to_regex=None, packages_above=None, packages_above_and_dependencies=None, packages_above_depth=None, packages_select_by_dep=None, packages_skip_by_dep=None, packages_skip_up_to=None, packages_select_build_failed=False, packages_skip_build_finished=False, packages_select_test_failures=False, packages_skip_test_passed=False, packages_select=None, packages_skip=None, packages_select_regex=None, packages_skip_regex=None, packages_start=None, packages_end=None, allow_overriding=[], cmake_args=None, cmake_target=None, cmake_target_skip_unavailable=False, cmake_clean_cache=False, cmake_clean_first=False, cmake_force_configure=False, ament_cmake_args=None, catkin_cmake_args=None, catkin_skip_building_tests=False, verb_parser=<colcon_defaults.argument_parser.defaults.DefaultArgumentsDecorator object at 0x7f2b9e71af50>, verb_extension=<colcon_core.verb.build.BuildVerb object at 0x7f2b9f1bea10>, main=<bound method BuildVerb.main of <colcon_core.verb.build.BuildVerb object at 0x7f2b9f1bea10>>)
[0.245s] Level 1:colcon.colcon_core.package_discovery:discover_packages(colcon_meta) check parameters
[0.245s] Level 1:colcon.colcon_core.package_discovery:discover_packages(recursive) check parameters
[0.245s] Level 1:colcon.colcon_core.package_discovery:discover_packages(ignore) check parameters
[0.245s] Level 1:colcon.colcon_core.package_discovery:discover_packages(path) check parameters
[0.245s] Level 1:colcon.colcon_core.package_discovery:discover_packages(colcon_meta) discover
[0.245s] Level 1:colcon.colcon_core.package_discovery:discover_packages(recursive) discover
[0.245s] INFO:colcon.colcon_core.package_discovery:Crawling recursively for packages in '/home/bhung/spot_ros2'
[0.245s] Level 1:colcon.colcon_core.package_identification:_identify(.) by extensions ['ignore', 'ignore_ament_install']
[0.245s] Level 1:colcon.colcon_core.package_identification:_identify(.) by extension 'ignore'
[0.245s] Level 1:colcon.colcon_core.package_identification:_identify(.) by extension 'ignore_ament_install'
[0.245s] Level 1:colcon.colcon_core.package_identification:_identify(.) by extensions ['colcon_pkg']
[0.245s] Level 1:colcon.colcon_core.package_identification:_identify(.) by extension 'colcon_pkg'
[0.245s] Level 1:colcon.colcon_core.package_identification:_identify(.) by extensions ['colcon_meta']
[0.245s] Level 1:colcon.colcon_core.package_identification:_identify(.) by extension 'colcon_meta'
[0.245s] Level 1:colcon.colcon_core.package_identification:_identify(.) by extensions ['ros']
[0.245s] Level 1:colcon.colcon_core.package_identification:_identify(.) by extension 'ros'
[0.252s] Level 1:colcon.colcon_core.package_identification:_identify(.) by extensions ['cmake', 'python']
[0.252s] Level 1:colcon.colcon_core.package_identification:_identify(.) by extension 'cmake'
[0.252s] Level 1:colcon.colcon_core.package_identification:_identify(.) by extension 'python'
[0.252s] Level 1:colcon.colcon_core.package_identification:_identify(.) by extensions ['python_setup_py']
[0.252s] Level 1:colcon.colcon_core.package_identification:_identify(.) by extension 'python_setup_py'
[0.253s] Level 1:colcon.colcon_core.package_identification:_identify(build) by extensions ['ignore', 'ignore_ament_install']
[0.253s] Level 1:colcon.colcon_core.package_identification:_identify(build) by extension 'ignore'
[0.253s] Level 1:colcon.colcon_core.package_identification:_identify(build) ignored
[0.253s] Level 1:colcon.colcon_core.package_identification:_identify(docs) by extensions ['ignore', 'ignore_ament_install']
[0.253s] Level 1:colcon.colcon_core.package_identification:_identify(docs) by extension 'ignore'
[0.253s] Level 1:colcon.colcon_core.package_identification:_identify(docs) by extension 'ignore_ament_install'
[0.253s] Level 1:colcon.colcon_core.package_identification:_identify(docs) by extensions ['colcon_pkg']
[0.253s] Level 1:colcon.colcon_core.package_identification:_identify(docs) by extension 'colcon_pkg'
[0.253s] Level 1:colcon.colcon_core.package_identification:_identify(docs) by extensions ['colcon_meta']
[0.253s] Level 1:colcon.colcon_core.package_identification:_identify(docs) by extension 'colcon_meta'
[0.253s] Level 1:colcon.colcon_core.package_identification:_identify(docs) by extensions ['ros']
[0.253s] Level 1:colcon.colcon_core.package_identification:_identify(docs) by extension 'ros'
[0.253s] Level 1:colcon.colcon_core.package_identification:_identify(docs) by extensions ['cmake', 'python']
[0.253s] Level 1:colcon.colcon_core.package_identification:_identify(docs) by extension 'cmake'
[0.253s] Level 1:colcon.colcon_core.package_identification:_identify(docs) by extension 'python'
[0.253s] Level 1:colcon.colcon_core.package_identification:_identify(docs) by extensions ['python_setup_py']
[0.253s] Level 1:colcon.colcon_core.package_identification:_identify(docs) by extension 'python_setup_py'
[0.253s] Level 1:colcon.colcon_core.package_identification:_identify(docs/source) by extensions ['ignore', 'ignore_ament_install']
[0.253s] Level 1:colcon.colcon_core.package_identification:_identify(docs/source) by extension 'ignore'
[0.253s] Level 1:colcon.colcon_core.package_identification:_identify(docs/source) by extension 'ignore_ament_install'
[0.253s] Level 1:colcon.colcon_core.package_identification:_identify(docs/source) by extensions ['colcon_pkg']
[0.253s] Level 1:colcon.colcon_core.package_identification:_identify(docs/source) by extension 'colcon_pkg'
[0.253s] Level 1:colcon.colcon_core.package_identification:_identify(docs/source) by extensions ['colcon_meta']
[0.253s] Level 1:colcon.colcon_core.package_identification:_identify(docs/source) by extension 'colcon_meta'
[0.253s] Level 1:colcon.colcon_core.package_identification:_identify(docs/source) by extensions ['ros']
[0.253s] Level 1:colcon.colcon_core.package_identification:_identify(docs/source) by extension 'ros'
[0.253s] Level 1:colcon.colcon_core.package_identification:_identify(docs/source) by extensions ['cmake', 'python']
[0.253s] Level 1:colcon.colcon_core.package_identification:_identify(docs/source) by extension 'cmake'
[0.253s] Level 1:colcon.colcon_core.package_identification:_identify(docs/source) by extension 'python'
[0.253s] Level 1:colcon.colcon_core.package_identification:_identify(docs/source) by extensions ['python_setup_py']
[0.253s] Level 1:colcon.colcon_core.package_identification:_identify(docs/source) by extension 'python_setup_py'
[0.253s] Level 1:colcon.colcon_core.package_identification:_identify(examples) by extensions ['ignore', 'ignore_ament_install']
[0.253s] Level 1:colcon.colcon_core.package_identification:_identify(examples) by extension 'ignore'
[0.253s] Level 1:colcon.colcon_core.package_identification:_identify(examples) by extension 'ignore_ament_install'
[0.253s] Level 1:colcon.colcon_core.package_identification:_identify(examples) by extensions ['colcon_pkg']
[0.253s] Level 1:colcon.colcon_core.package_identification:_identify(examples) by extension 'colcon_pkg'
[0.253s] Level 1:colcon.colcon_core.package_identification:_identify(examples) by extensions ['colcon_meta']
[0.253s] Level 1:colcon.colcon_core.package_identification:_identify(examples) by extension 'colcon_meta'
[0.253s] Level 1:colcon.colcon_core.package_identification:_identify(examples) by extensions ['ros']
[0.253s] Level 1:colcon.colcon_core.package_identification:_identify(examples) by extension 'ros'
[0.253s] Level 1:colcon.colcon_core.package_identification:_identify(examples) by extensions ['cmake', 'python']
[0.253s] Level 1:colcon.colcon_core.package_identification:_identify(examples) by extension 'cmake'
[0.253s] Level 1:colcon.colcon_core.package_identification:_identify(examples) by extension 'python'
[0.254s] Level 1:colcon.colcon_core.package_identification:_identify(examples) by extensions ['python_setup_py']
[0.254s] Level 1:colcon.colcon_core.package_identification:_identify(examples) by extension 'python_setup_py'
[0.254s] Level 1:colcon.colcon_core.package_identification:_identify(examples/simple_arm_motion) by extensions ['ignore', 'ignore_ament_install']
[0.254s] Level 1:colcon.colcon_core.package_identification:_identify(examples/simple_arm_motion) by extension 'ignore'
[0.254s] Level 1:colcon.colcon_core.package_identification:_identify(examples/simple_arm_motion) by extension 'ignore_ament_install'
[0.254s] Level 1:colcon.colcon_core.package_identification:_identify(examples/simple_arm_motion) by extensions ['colcon_pkg']
[0.254s] Level 1:colcon.colcon_core.package_identification:_identify(examples/simple_arm_motion) by extension 'colcon_pkg'
[0.254s] Level 1:colcon.colcon_core.package_identification:_identify(examples/simple_arm_motion) by extensions ['colcon_meta']
[0.254s] Level 1:colcon.colcon_core.package_identification:_identify(examples/simple_arm_motion) by extension 'colcon_meta'
[0.254s] Level 1:colcon.colcon_core.package_identification:_identify(examples/simple_arm_motion) by extensions ['ros']
[0.254s] Level 1:colcon.colcon_core.package_identification:_identify(examples/simple_arm_motion) by extension 'ros'
[0.256s] DEBUG:colcon.colcon_core.package_identification:Package 'examples/simple_arm_motion' with type 'ros.ament_python' and name 'simple_arm_motion'
[0.256s] Level 1:colcon.colcon_core.package_identification:_identify(examples/simple_walk_forward) by extensions ['ignore', 'ignore_ament_install']
[0.256s] Level 1:colcon.colcon_core.package_identification:_identify(examples/simple_walk_forward) by extension 'ignore'
[0.256s] Level 1:colcon.colcon_core.package_identification:_identify(examples/simple_walk_forward) by extension 'ignore_ament_install'
[0.256s] Level 1:colcon.colcon_core.package_identification:_identify(examples/simple_walk_forward) by extensions ['colcon_pkg']
[0.256s] Level 1:colcon.colcon_core.package_identification:_identify(examples/simple_walk_forward) by extension 'colcon_pkg'
[0.256s] Level 1:colcon.colcon_core.package_identification:_identify(examples/simple_walk_forward) by extensions ['colcon_meta']
[0.256s] Level 1:colcon.colcon_core.package_identification:_identify(examples/simple_walk_forward) by extension 'colcon_meta'
[0.256s] Level 1:colcon.colcon_core.package_identification:_identify(examples/simple_walk_forward) by extensions ['ros']
[0.256s] Level 1:colcon.colcon_core.package_identification:_identify(examples/simple_walk_forward) by extension 'ros'
[0.256s] DEBUG:colcon.colcon_core.package_identification:Package 'examples/simple_walk_forward' with type 'ros.ament_python' and name 'simple_walk_forward'
[0.256s] Level 1:colcon.colcon_core.package_identification:_identify(examples/utilities) by extensions ['ignore', 'ignore_ament_install']
[0.256s] Level 1:colcon.colcon_core.package_identification:_identify(examples/utilities) by extension 'ignore'
[0.256s] Level 1:colcon.colcon_core.package_identification:_identify(examples/utilities) by extension 'ignore_ament_install'
[0.256s] Level 1:colcon.colcon_core.package_identification:_identify(examples/utilities) by extensions ['colcon_pkg']
[0.256s] Level 1:colcon.colcon_core.package_identification:_identify(examples/utilities) by extension 'colcon_pkg'
[0.256s] Level 1:colcon.colcon_core.package_identification:_identify(examples/utilities) by extensions ['colcon_meta']
[0.256s] Level 1:colcon.colcon_core.package_identification:_identify(examples/utilities) by extension 'colcon_meta'
[0.256s] Level 1:colcon.colcon_core.package_identification:_identify(examples/utilities) by extensions ['ros']
[0.256s] Level 1:colcon.colcon_core.package_identification:_identify(examples/utilities) by extension 'ros'
[0.257s] DEBUG:colcon.colcon_core.package_identification:Package 'examples/utilities' with type 'ros.ament_python' and name 'utilities'
[0.257s] Level 1:colcon.colcon_core.package_identification:_identify(install) by extensions ['ignore', 'ignore_ament_install']
[0.257s] Level 1:colcon.colcon_core.package_identification:_identify(install) by extension 'ignore'
[0.257s] Level 1:colcon.colcon_core.package_identification:_identify(install) ignored
[0.257s] Level 1:colcon.colcon_core.package_identification:_identify(log) by extensions ['ignore', 'ignore_ament_install']
[0.257s] Level 1:colcon.colcon_core.package_identification:_identify(log) by extension 'ignore'
[0.257s] Level 1:colcon.colcon_core.package_identification:_identify(log) ignored
[0.257s] Level 1:colcon.colcon_core.package_identification:_identify(ros_utilities) by extensions ['ignore', 'ignore_ament_install']
[0.257s] Level 1:colcon.colcon_core.package_identification:_identify(ros_utilities) by extension 'ignore'
[0.257s] Level 1:colcon.colcon_core.package_identification:_identify(ros_utilities) by extension 'ignore_ament_install'
[0.257s] Level 1:colcon.colcon_core.package_identification:_identify(ros_utilities) by extensions ['colcon_pkg']
[0.257s] Level 1:colcon.colcon_core.package_identification:_identify(ros_utilities) by extension 'colcon_pkg'
[0.257s] Level 1:colcon.colcon_core.package_identification:_identify(ros_utilities) by extensions ['colcon_meta']
[0.257s] Level 1:colcon.colcon_core.package_identification:_identify(ros_utilities) by extension 'colcon_meta'
[0.257s] Level 1:colcon.colcon_core.package_identification:_identify(ros_utilities) by extensions ['ros']
[0.257s] Level 1:colcon.colcon_core.package_identification:_identify(ros_utilities) by extension 'ros'
[0.257s] Level 1:colcon.colcon_core.package_identification:_identify(ros_utilities) by extensions ['cmake', 'python']
[0.257s] Level 1:colcon.colcon_core.package_identification:_identify(ros_utilities) by extension 'cmake'
[0.257s] Level 1:colcon.colcon_core.package_identification:_identify(ros_utilities) by extension 'python'
[0.257s] Level 1:colcon.colcon_core.package_identification:_identify(ros_utilities) by extensions ['python_setup_py']
[0.257s] Level 1:colcon.colcon_core.package_identification:_identify(ros_utilities) by extension 'python_setup_py'
[0.257s] Level 1:colcon.colcon_core.package_identification:_identify(ros_utilities/bdai_ros2_wrappers) by extensions ['ignore', 'ignore_ament_install']
[0.257s] Level 1:colcon.colcon_core.package_identification:_identify(ros_utilities/bdai_ros2_wrappers) by extension 'ignore'
[0.257s] Level 1:colcon.colcon_core.package_identification:_identify(ros_utilities/bdai_ros2_wrappers) by extension 'ignore_ament_install'
[0.257s] Level 1:colcon.colcon_core.package_identification:_identify(ros_utilities/bdai_ros2_wrappers) by extensions ['colcon_pkg']
[0.257s] Level 1:colcon.colcon_core.package_identification:_identify(ros_utilities/bdai_ros2_wrappers) by extension 'colcon_pkg'
[0.257s] Level 1:colcon.colcon_core.package_identification:_identify(ros_utilities/bdai_ros2_wrappers) by extensions ['colcon_meta']
[0.257s] Level 1:colcon.colcon_core.package_identification:_identify(ros_utilities/bdai_ros2_wrappers) by extension 'colcon_meta'
[0.257s] Level 1:colcon.colcon_core.package_identification:_identify(ros_utilities/bdai_ros2_wrappers) by extensions ['ros']
[0.257s] Level 1:colcon.colcon_core.package_identification:_identify(ros_utilities/bdai_ros2_wrappers) by extension 'ros'
[0.258s] DEBUG:colcon.colcon_core.package_identification:Package 'ros_utilities/bdai_ros2_wrappers' with type 'ros.ament_python' and name 'bdai_ros2_wrappers'
[0.258s] Level 1:colcon.colcon_core.package_identification:_identify(spot_description) by extensions ['ignore', 'ignore_ament_install']
[0.258s] Level 1:colcon.colcon_core.package_identification:_identify(spot_description) by extension 'ignore'
[0.258s] Level 1:colcon.colcon_core.package_identification:_identify(spot_description) by extension 'ignore_ament_install'
[0.258s] Level 1:colcon.colcon_core.package_identification:_identify(spot_description) by extensions ['colcon_pkg']
[0.258s] Level 1:colcon.colcon_core.package_identification:_identify(spot_description) by extension 'colcon_pkg'
[0.258s] Level 1:colcon.colcon_core.package_identification:_identify(spot_description) by extensions ['colcon_meta']
[0.258s] Level 1:colcon.colcon_core.package_identification:_identify(spot_description) by extension 'colcon_meta'
[0.258s] Level 1:colcon.colcon_core.package_identification:_identify(spot_description) by extensions ['ros']
[0.258s] Level 1:colcon.colcon_core.package_identification:_identify(spot_description) by extension 'ros'
[0.258s] DEBUG:colcon.colcon_core.package_identification:Package 'spot_description' with type 'ros.ament_cmake' and name 'spot_description'
[0.258s] Level 1:colcon.colcon_core.package_identification:_identify(spot_driver) by extensions ['ignore', 'ignore_ament_install']
[0.258s] Level 1:colcon.colcon_core.package_identification:_identify(spot_driver) by extension 'ignore'
[0.259s] Level 1:colcon.colcon_core.package_identification:_identify(spot_driver) by extension 'ignore_ament_install'
[0.259s] Level 1:colcon.colcon_core.package_identification:_identify(spot_driver) by extensions ['colcon_pkg']
[0.259s] Level 1:colcon.colcon_core.package_identification:_identify(spot_driver) by extension 'colcon_pkg'
[0.259s] Level 1:colcon.colcon_core.package_identification:_identify(spot_driver) by extensions ['colcon_meta']
[0.259s] Level 1:colcon.colcon_core.package_identification:_identify(spot_driver) by extension 'colcon_meta'
[0.259s] Level 1:colcon.colcon_core.package_identification:_identify(spot_driver) by extensions ['ros']
[0.259s] Level 1:colcon.colcon_core.package_identification:_identify(spot_driver) by extension 'ros'
[0.259s] DEBUG:colcon.colcon_core.package_identification:Package 'spot_driver' with type 'ros.ament_python' and name 'spot_driver'
[0.259s] Level 1:colcon.colcon_core.package_identification:_identify(spot_msgs) by extensions ['ignore', 'ignore_ament_install']
[0.259s] Level 1:colcon.colcon_core.package_identification:_identify(spot_msgs) by extension 'ignore'
[0.259s] Level 1:colcon.colcon_core.package_identification:_identify(spot_msgs) by extension 'ignore_ament_install'
[0.259s] Level 1:colcon.colcon_core.package_identification:_identify(spot_msgs) by extensions ['colcon_pkg']
[0.259s] Level 1:colcon.colcon_core.package_identification:_identify(spot_msgs) by extension 'colcon_pkg'
[0.259s] Level 1:colcon.colcon_core.package_identification:_identify(spot_msgs) by extensions ['colcon_meta']
[0.259s] Level 1:colcon.colcon_core.package_identification:_identify(spot_msgs) by extension 'colcon_meta'
[0.259s] Level 1:colcon.colcon_core.package_identification:_identify(spot_msgs) by extensions ['ros']
[0.259s] Level 1:colcon.colcon_core.package_identification:_identify(spot_msgs) by extension 'ros'
[0.260s] DEBUG:colcon.colcon_core.package_identification:Package 'spot_msgs' with type 'ros.ament_cmake' and name 'spot_msgs'
[0.260s] Level 1:colcon.colcon_core.package_identification:_identify(spot_wrapper) by extensions ['ignore', 'ignore_ament_install']
[0.260s] Level 1:colcon.colcon_core.package_identification:_identify(spot_wrapper) by extension 'ignore'
[0.260s] Level 1:colcon.colcon_core.package_identification:_identify(spot_wrapper) by extension 'ignore_ament_install'
[0.260s] Level 1:colcon.colcon_core.package_identification:_identify(spot_wrapper) by extensions ['colcon_pkg']
[0.260s] Level 1:colcon.colcon_core.package_identification:_identify(spot_wrapper) by extension 'colcon_pkg'
[0.260s] Level 1:colcon.colcon_core.package_identification:_identify(spot_wrapper) by extensions ['colcon_meta']
[0.260s] Level 1:colcon.colcon_core.package_identification:_identify(spot_wrapper) by extension 'colcon_meta'
[0.260s] Level 1:colcon.colcon_core.package_identification:_identify(spot_wrapper) by extensions ['ros']
[0.260s] Level 1:colcon.colcon_core.package_identification:_identify(spot_wrapper) by extension 'ros'
[0.260s] Level 1:colcon.colcon_core.package_identification:_identify(spot_wrapper) by extensions ['cmake', 'python']
[0.260s] Level 1:colcon.colcon_core.package_identification:_identify(spot_wrapper) by extension 'cmake'
[0.260s] Level 1:colcon.colcon_core.package_identification:_identify(spot_wrapper) by extension 'python'
[0.260s] Level 1:colcon.colcon_core.package_identification:_identify(spot_wrapper) by extensions ['python_setup_py']
[0.260s] Level 1:colcon.colcon_core.package_identification:_identify(spot_wrapper) by extension 'python_setup_py'
[0.441s] DEBUG:colcon.colcon_core.package_identification:Package 'spot_wrapper' with type 'python' and name 'spot_wrapper'
[0.442s] Level 1:colcon.colcon_core.package_discovery:discover_packages(recursive) using defaults
[0.442s] Level 1:colcon.colcon_core.package_discovery:discover_packages(ignore) discover
[0.442s] Level 1:colcon.colcon_core.package_discovery:discover_packages(ignore) using defaults
[0.442s] Level 1:colcon.colcon_core.package_discovery:discover_packages(path) discover
[0.442s] Level 1:colcon.colcon_core.package_discovery:discover_packages(path) using defaults
[0.460s] Level 1:colcon.colcon_core.package_discovery:discover_packages(prefix_path) check parameters
[0.460s] Level 1:colcon.colcon_core.package_discovery:discover_packages(prefix_path) discover
[0.464s] DEBUG:colcon.colcon_installed_package_information.package_discovery:Found 1 installed packages in /home/bhung/testing/roscpp/cpp_service/src/cpp_srvcli/install
[0.465s] DEBUG:colcon.colcon_installed_package_information.package_discovery:Found 1 installed packages in /home/bhung/testing/roscpp/cpp_pubsub/install
[0.466s] DEBUG:colcon.colcon_installed_package_information.package_discovery:Found 312 installed packages in /opt/ros/humble
[0.467s] Level 1:colcon.colcon_core.package_discovery:discover_packages(prefix_path) using defaults
[0.499s] Level 5:colcon.colcon_core.verb:set package 'bdai_ros2_wrappers' build argument 'cmake_args' from command line to 'None'
[0.499s] Level 5:colcon.colcon_core.verb:set package 'bdai_ros2_wrappers' build argument 'cmake_target' from command line to 'None'
[0.499s] Level 5:colcon.colcon_core.verb:set package 'bdai_ros2_wrappers' build argument 'cmake_target_skip_unavailable' from command line to 'False'
[0.499s] Level 5:colcon.colcon_core.verb:set package 'bdai_ros2_wrappers' build argument 'cmake_clean_cache' from command line to 'False'
[0.499s] Level 5:colcon.colcon_core.verb:set package 'bdai_ros2_wrappers' build argument 'cmake_clean_first' from command line to 'False'
[0.499s] Level 5:colcon.colcon_core.verb:set package 'bdai_ros2_wrappers' build argument 'cmake_force_configure' from command line to 'False'
[0.499s] Level 5:colcon.colcon_core.verb:set package 'bdai_ros2_wrappers' build argument 'ament_cmake_args' from command line to 'None'
[0.499s] Level 5:colcon.colcon_core.verb:set package 'bdai_ros2_wrappers' build argument 'catkin_cmake_args' from command line to 'None'
[0.499s] Level 5:colcon.colcon_core.verb:set package 'bdai_ros2_wrappers' build argument 'catkin_skip_building_tests' from command line to 'False'
[0.499s] DEBUG:colcon.colcon_core.verb:Building package 'bdai_ros2_wrappers' with the following arguments: {'ament_cmake_args': None, 'build_base': '/home/bhung/spot_ros2/build/bdai_ros2_wrappers', 'catkin_cmake_args': None, 'catkin_skip_building_tests': False, 'cmake_args': None, 'cmake_clean_cache': False, 'cmake_clean_first': False, 'cmake_force_configure': False, 'cmake_target': None, 'cmake_target_skip_unavailable': False, 'install_base': '/home/bhung/spot_ros2/install/bdai_ros2_wrappers', 'merge_install': False, 'path': '/home/bhung/spot_ros2/ros_utilities/bdai_ros2_wrappers', 'symlink_install': True, 'test_result_base': None}
[0.500s] Level 5:colcon.colcon_core.verb:set package 'simple_arm_motion' build argument 'cmake_args' from command line to 'None'
[0.500s] Level 5:colcon.colcon_core.verb:set package 'simple_arm_motion' build argument 'cmake_target' from command line to 'None'
[0.500s] Level 5:colcon.colcon_core.verb:set package 'simple_arm_motion' build argument 'cmake_target_skip_unavailable' from command line to 'False'
[0.500s] Level 5:colcon.colcon_core.verb:set package 'simple_arm_motion' build argument 'cmake_clean_cache' from command line to 'False'
[0.500s] Level 5:colcon.colcon_core.verb:set package 'simple_arm_motion' build argument 'cmake_clean_first' from command line to 'False'
[0.500s] Level 5:colcon.colcon_core.verb:set package 'simple_arm_motion' build argument 'cmake_force_configure' from command line to 'False'
[0.500s] Level 5:colcon.colcon_core.verb:set package 'simple_arm_motion' build argument 'ament_cmake_args' from command line to 'None'
[0.500s] Level 5:colcon.colcon_core.verb:set package 'simple_arm_motion' build argument 'catkin_cmake_args' from command line to 'None'
[0.500s] Level 5:colcon.colcon_core.verb:set package 'simple_arm_motion' build argument 'catkin_skip_building_tests' from command line to 'False'
[0.500s] DEBUG:colcon.colcon_core.verb:Building package 'simple_arm_motion' with the following arguments: {'ament_cmake_args': None, 'build_base': '/home/bhung/spot_ros2/build/simple_arm_motion', 'catkin_cmake_args': None, 'catkin_skip_building_tests': False, 'cmake_args': None, 'cmake_clean_cache': False, 'cmake_clean_first': False, 'cmake_force_configure': False, 'cmake_target': None, 'cmake_target_skip_unavailable': False, 'install_base': '/home/bhung/spot_ros2/install/simple_arm_motion', 'merge_install': False, 'path': '/home/bhung/spot_ros2/examples/simple_arm_motion', 'symlink_install': True, 'test_result_base': None}
[0.500s] Level 5:colcon.colcon_core.verb:set package 'simple_walk_forward' build argument 'cmake_args' from command line to 'None'
[0.500s] Level 5:colcon.colcon_core.verb:set package 'simple_walk_forward' build argument 'cmake_target' from command line to 'None'
[0.500s] Level 5:colcon.colcon_core.verb:set package 'simple_walk_forward' build argument 'cmake_target_skip_unavailable' from command line to 'False'
[0.500s] Level 5:colcon.colcon_core.verb:set package 'simple_walk_forward' build argument 'cmake_clean_cache' from command line to 'False'
[0.500s] Level 5:colcon.colcon_core.verb:set package 'simple_walk_forward' build argument 'cmake_clean_first' from command line to 'False'
[0.500s] Level 5:colcon.colcon_core.verb:set package 'simple_walk_forward' build argument 'cmake_force_configure' from command line to 'False'
[0.500s] Level 5:colcon.colcon_core.verb:set package 'simple_walk_forward' build argument 'ament_cmake_args' from command line to 'None'
[0.500s] Level 5:colcon.colcon_core.verb:set package 'simple_walk_forward' build argument 'catkin_cmake_args' from command line to 'None'
[0.500s] Level 5:colcon.colcon_core.verb:set package 'simple_walk_forward' build argument 'catkin_skip_building_tests' from command line to 'False'
[0.500s] DEBUG:colcon.colcon_core.verb:Building package 'simple_walk_forward' with the following arguments: {'ament_cmake_args': None, 'build_base': '/home/bhung/spot_ros2/build/simple_walk_forward', 'catkin_cmake_args': None, 'catkin_skip_building_tests': False, 'cmake_args': None, 'cmake_clean_cache': False, 'cmake_clean_first': False, 'cmake_force_configure': False, 'cmake_target': None, 'cmake_target_skip_unavailable': False, 'install_base': '/home/bhung/spot_ros2/install/simple_walk_forward', 'merge_install': False, 'path': '/home/bhung/spot_ros2/examples/simple_walk_forward', 'symlink_install': True, 'test_result_base': None}
[0.501s] Level 5:colcon.colcon_core.verb:set package 'spot_description' build argument 'cmake_args' from command line to 'None'
[0.501s] Level 5:colcon.colcon_core.verb:set package 'spot_description' build argument 'cmake_target' from command line to 'None'
[0.501s] Level 5:colcon.colcon_core.verb:set package 'spot_description' build argument 'cmake_target_skip_unavailable' from command line to 'False'
[0.501s] Level 5:colcon.colcon_core.verb:set package 'spot_description' build argument 'cmake_clean_cache' from command line to 'False'
[0.501s] Level 5:colcon.colcon_core.verb:set package 'spot_description' build argument 'cmake_clean_first' from command line to 'False'
[0.501s] Level 5:colcon.colcon_core.verb:set package 'spot_description' build argument 'cmake_force_configure' from command line to 'False'
[0.501s] Level 5:colcon.colcon_core.verb:set package 'spot_description' build argument 'ament_cmake_args' from command line to 'None'
[0.501s] Level 5:colcon.colcon_core.verb:set package 'spot_description' build argument 'catkin_cmake_args' from command line to 'None'
[0.501s] Level 5:colcon.colcon_core.verb:set package 'spot_description' build argument 'catkin_skip_building_tests' from command line to 'False'
[0.501s] DEBUG:colcon.colcon_core.verb:Building package 'spot_description' with the following arguments: {'ament_cmake_args': None, 'build_base': '/home/bhung/spot_ros2/build/spot_description', 'catkin_cmake_args': None, 'catkin_skip_building_tests': False, 'cmake_args': None, 'cmake_clean_cache': False, 'cmake_clean_first': False, 'cmake_force_configure': False, 'cmake_target': None, 'cmake_target_skip_unavailable': False, 'install_base': '/home/bhung/spot_ros2/install/spot_description', 'merge_install': False, 'path': '/home/bhung/spot_ros2/spot_description', 'symlink_install': True, 'test_result_base': None}
[0.501s] Level 5:colcon.colcon_core.verb:set package 'spot_msgs' build argument 'cmake_args' from command line to 'None'
[0.501s] Level 5:colcon.colcon_core.verb:set package 'spot_msgs' build argument 'cmake_target' from command line to 'None'
[0.501s] Level 5:colcon.colcon_core.verb:set package 'spot_msgs' build argument 'cmake_target_skip_unavailable' from command line to 'False'
[0.501s] Level 5:colcon.colcon_core.verb:set package 'spot_msgs' build argument 'cmake_clean_cache' from command line to 'False'
[0.501s] Level 5:colcon.colcon_core.verb:set package 'spot_msgs' build argument 'cmake_clean_first' from command line to 'False'
[0.501s] Level 5:colcon.colcon_core.verb:set package 'spot_msgs' build argument 'cmake_force_configure' from command line to 'False'
[0.501s] Level 5:colcon.colcon_core.verb:set package 'spot_msgs' build argument 'ament_cmake_args' from command line to 'None'
[0.501s] Level 5:colcon.colcon_core.verb:set package 'spot_msgs' build argument 'catkin_cmake_args' from command line to 'None'
[0.501s] Level 5:colcon.colcon_core.verb:set package 'spot_msgs' build argument 'catkin_skip_building_tests' from command line to 'False'
[0.501s] DEBUG:colcon.colcon_core.verb:Building package 'spot_msgs' with the following arguments: {'ament_cmake_args': None, 'build_base': '/home/bhung/spot_ros2/build/spot_msgs', 'catkin_cmake_args': None, 'catkin_skip_building_tests': False, 'cmake_args': None, 'cmake_clean_cache': False, 'cmake_clean_first': False, 'cmake_force_configure': False, 'cmake_target': None, 'cmake_target_skip_unavailable': False, 'install_base': '/home/bhung/spot_ros2/install/spot_msgs', 'merge_install': False, 'path': '/home/bhung/spot_ros2/spot_msgs', 'symlink_install': True, 'test_result_base': None}
[0.502s] Level 5:colcon.colcon_core.verb:set package 'spot_wrapper' build argument 'cmake_args' from command line to 'None'
[0.502s] Level 5:colcon.colcon_core.verb:set package 'spot_wrapper' build argument 'cmake_target' from command line to 'None'
[0.502s] Level 5:colcon.colcon_core.verb:set package 'spot_wrapper' build argument 'cmake_target_skip_unavailable' from command line to 'False'
[0.502s] Level 5:colcon.colcon_core.verb:set package 'spot_wrapper' build argument 'cmake_clean_cache' from command line to 'False'
[0.502s] Level 5:colcon.colcon_core.verb:set package 'spot_wrapper' build argument 'cmake_clean_first' from command line to 'False'
[0.502s] Level 5:colcon.colcon_core.verb:set package 'spot_wrapper' build argument 'cmake_force_configure' from command line to 'False'
[0.502s] Level 5:colcon.colcon_core.verb:set package 'spot_wrapper' build argument 'ament_cmake_args' from command line to 'None'
[0.502s] Level 5:colcon.colcon_core.verb:set package 'spot_wrapper' build argument 'catkin_cmake_args' from command line to 'None'
[0.502s] Level 5:colcon.colcon_core.verb:set package 'spot_wrapper' build argument 'catkin_skip_building_tests' from command line to 'False'
[0.502s] DEBUG:colcon.colcon_core.verb:Building package 'spot_wrapper' with the following arguments: {'ament_cmake_args': None, 'build_base': '/home/bhung/spot_ros2/build/spot_wrapper', 'catkin_cmake_args': None, 'catkin_skip_building_tests': False, 'cmake_args': None, 'cmake_clean_cache': False, 'cmake_clean_first': False, 'cmake_force_configure': False, 'cmake_target': None, 'cmake_target_skip_unavailable': False, 'install_base': '/home/bhung/spot_ros2/install/spot_wrapper', 'merge_install': False, 'path': '/home/bhung/spot_ros2/spot_wrapper', 'symlink_install': True, 'test_result_base': None}
[0.503s] Level 5:colcon.colcon_core.verb:set package 'utilities' build argument 'cmake_args' from command line to 'None'
[0.503s] Level 5:colcon.colcon_core.verb:set package 'utilities' build argument 'cmake_target' from command line to 'None'
[0.503s] Level 5:colcon.colcon_core.verb:set package 'utilities' build argument 'cmake_target_skip_unavailable' from command line to 'False'
[0.503s] Level 5:colcon.colcon_core.verb:set package 'utilities' build argument 'cmake_clean_cache' from command line to 'False'
[0.503s] Level 5:colcon.colcon_core.verb:set package 'utilities' build argument 'cmake_clean_first' from command line to 'False'
[0.503s] Level 5:colcon.colcon_core.verb:set package 'utilities' build argument 'cmake_force_configure' from command line to 'False'
[0.503s] Level 5:colcon.colcon_core.verb:set package 'utilities' build argument 'ament_cmake_args' from command line to 'None'
[0.503s] Level 5:colcon.colcon_core.verb:set package 'utilities' build argument 'catkin_cmake_args' from command line to 'None'
[0.503s] Level 5:colcon.colcon_core.verb:set package 'utilities' build argument 'catkin_skip_building_tests' from command line to 'False'
[0.503s] DEBUG:colcon.colcon_core.verb:Building package 'utilities' with the following arguments: {'ament_cmake_args': None, 'build_base': '/home/bhung/spot_ros2/build/utilities', 'catkin_cmake_args': None, 'catkin_skip_building_tests': False, 'cmake_args': None, 'cmake_clean_cache': False, 'cmake_clean_first': False, 'cmake_force_configure': False, 'cmake_target': None, 'cmake_target_skip_unavailable': False, 'install_base': '/home/bhung/spot_ros2/install/utilities', 'merge_install': False, 'path': '/home/bhung/spot_ros2/examples/utilities', 'symlink_install': True, 'test_result_base': None}
[0.503s] Level 5:colcon.colcon_core.verb:set package 'spot_driver' build argument 'cmake_args' from command line to 'None'
[0.503s] Level 5:colcon.colcon_core.verb:set package 'spot_driver' build argument 'cmake_target' from command line to 'None'
[0.503s] Level 5:colcon.colcon_core.verb:set package 'spot_driver' build argument 'cmake_target_skip_unavailable' from command line to 'False'
[0.503s] Level 5:colcon.colcon_core.verb:set package 'spot_driver' build argument 'cmake_clean_cache' from command line to 'False'
[0.503s] Level 5:colcon.colcon_core.verb:set package 'spot_driver' build argument 'cmake_clean_first' from command line to 'False'
[0.503s] Level 5:colcon.colcon_core.verb:set package 'spot_driver' build argument 'cmake_force_configure' from command line to 'False'
[0.503s] Level 5:colcon.colcon_core.verb:set package 'spot_driver' build argument 'ament_cmake_args' from command line to 'None'
[0.503s] Level 5:colcon.colcon_core.verb:set package 'spot_driver' build argument 'catkin_cmake_args' from command line to 'None'
[0.503s] Level 5:colcon.colcon_core.verb:set package 'spot_driver' build argument 'catkin_skip_building_tests' from command line to 'False'
[0.503s] DEBUG:colcon.colcon_core.verb:Building package 'spot_driver' with the following arguments: {'ament_cmake_args': None, 'build_base': '/home/bhung/spot_ros2/build/spot_driver', 'catkin_cmake_args': None, 'catkin_skip_building_tests': False, 'cmake_args': None, 'cmake_clean_cache': False, 'cmake_clean_first': False, 'cmake_force_configure': False, 'cmake_target': None, 'cmake_target_skip_unavailable': False, 'install_base': '/home/bhung/spot_ros2/install/spot_driver', 'merge_install': False, 'path': '/home/bhung/spot_ros2/spot_driver', 'symlink_install': True, 'test_result_base': None}
[0.504s] INFO:colcon.colcon_core.executor:Executing jobs using 'parallel' executor
[0.505s] DEBUG:colcon.colcon_parallel_executor.executor.parallel:run_until_complete
[0.506s] INFO:colcon.colcon_ros.task.ament_cmake.build:Building ROS package in '/home/bhung/spot_ros2/spot_msgs' with build type 'ament_cmake'
[0.506s] INFO:colcon.colcon_cmake.task.cmake.build:Building CMake package in '/home/bhung/spot_ros2/spot_msgs'
[0.510s] INFO:colcon.colcon_core.plugin_system:Skipping extension 'colcon_core.shell.bat': Not used on non-Windows systems
[0.510s] INFO:colcon.colcon_core.shell:Skip shell extension 'powershell' for command environment: Not usable outside of PowerShell
[0.510s] DEBUG:colcon.colcon_core.shell:Skip shell extension 'dsv' for command environment
[0.514s] INFO:colcon.colcon_ros.task.ament_python.build:Building ROS package in '/home/bhung/spot_ros2/ros_utilities/bdai_ros2_wrappers' with build type 'ament_python'
[0.514s] Level 1:colcon.colcon_core.shell:create_environment_hook('bdai_ros2_wrappers', 'ament_prefix_path')
[0.514s] INFO:colcon.colcon_core.shell:Creating environment hook '/home/bhung/spot_ros2/install/bdai_ros2_wrappers/share/bdai_ros2_wrappers/hook/ament_prefix_path.ps1'
[0.515s] INFO:colcon.colcon_core.shell:Creating environment descriptor '/home/bhung/spot_ros2/install/bdai_ros2_wrappers/share/bdai_ros2_wrappers/hook/ament_prefix_path.dsv'
[0.516s] INFO:colcon.colcon_core.shell:Creating environment hook '/home/bhung/spot_ros2/install/bdai_ros2_wrappers/share/bdai_ros2_wrappers/hook/ament_prefix_path.sh'
[0.517s] INFO:colcon.colcon_core.shell:Skip shell extension 'powershell' for command environment: Not usable outside of PowerShell
[0.517s] DEBUG:colcon.colcon_core.shell:Skip shell extension 'dsv' for command environment
[0.521s] INFO:colcon.colcon_ros.task.ament_python.build:Building ROS package in '/home/bhung/spot_ros2/examples/simple_arm_motion' with build type 'ament_python'
[0.521s] Level 1:colcon.colcon_core.shell:create_environment_hook('simple_arm_motion', 'ament_prefix_path')
[0.522s] INFO:colcon.colcon_core.shell:Creating environment hook '/home/bhung/spot_ros2/install/simple_arm_motion/share/simple_arm_motion/hook/ament_prefix_path.ps1'
[0.523s] INFO:colcon.colcon_core.shell:Creating environment descriptor '/home/bhung/spot_ros2/install/simple_arm_motion/share/simple_arm_motion/hook/ament_prefix_path.dsv'
[0.523s] INFO:colcon.colcon_core.shell:Creating environment hook '/home/bhung/spot_ros2/install/simple_arm_motion/share/simple_arm_motion/hook/ament_prefix_path.sh'
[0.524s] INFO:colcon.colcon_core.shell:Skip shell extension 'powershell' for command environment: Not usable outside of PowerShell
[0.524s] DEBUG:colcon.colcon_core.shell:Skip shell extension 'dsv' for command environment
[0.528s] INFO:colcon.colcon_ros.task.ament_python.build:Building ROS package in '/home/bhung/spot_ros2/examples/simple_walk_forward' with build type 'ament_python'
[0.528s] Level 1:colcon.colcon_core.shell:create_environment_hook('simple_walk_forward', 'ament_prefix_path')
[0.529s] INFO:colcon.colcon_core.shell:Creating environment hook '/home/bhung/spot_ros2/install/simple_walk_forward/share/simple_walk_forward/hook/ament_prefix_path.ps1'
[0.530s] INFO:colcon.colcon_core.shell:Creating environment descriptor '/home/bhung/spot_ros2/install/simple_walk_forward/share/simple_walk_forward/hook/ament_prefix_path.dsv'
[0.530s] INFO:colcon.colcon_core.shell:Creating environment hook '/home/bhung/spot_ros2/install/simple_walk_forward/share/simple_walk_forward/hook/ament_prefix_path.sh'
[0.531s] INFO:colcon.colcon_core.shell:Skip shell extension 'powershell' for command environment: Not usable outside of PowerShell
[0.531s] DEBUG:colcon.colcon_core.shell:Skip shell extension 'dsv' for command environment
[0.534s] INFO:colcon.colcon_ros.task.ament_cmake.build:Building ROS package in '/home/bhung/spot_ros2/spot_description' with build type 'ament_cmake'
[0.534s] INFO:colcon.colcon_cmake.task.cmake.build:Building CMake package in '/home/bhung/spot_ros2/spot_description'
[0.535s] INFO:colcon.colcon_core.shell:Skip shell extension 'powershell' for command environment: Not usable outside of PowerShell
[0.535s] DEBUG:colcon.colcon_core.shell:Skip shell extension 'dsv' for command environment
[0.539s] INFO:colcon.colcon_core.task.python.build:Building Python package in '/home/bhung/spot_ros2/spot_wrapper'
[0.540s] INFO:colcon.colcon_core.shell:Skip shell extension 'powershell' for command environment: Not usable outside of PowerShell
[0.540s] DEBUG:colcon.colcon_core.shell:Skip shell extension 'dsv' for command environment
[0.543s] INFO:colcon.colcon_ros.task.ament_python.build:Building ROS package in '/home/bhung/spot_ros2/examples/utilities' with build type 'ament_python'
[0.543s] Level 1:colcon.colcon_core.shell:create_environment_hook('utilities', 'ament_prefix_path')
[0.544s] INFO:colcon.colcon_core.shell:Creating environment hook '/home/bhung/spot_ros2/install/utilities/share/utilities/hook/ament_prefix_path.ps1'
[0.545s] INFO:colcon.colcon_core.shell:Creating environment descriptor '/home/bhung/spot_ros2/install/utilities/share/utilities/hook/ament_prefix_path.dsv'
[0.545s] INFO:colcon.colcon_core.shell:Creating environment hook '/home/bhung/spot_ros2/install/utilities/share/utilities/hook/ament_prefix_path.sh'
[0.546s] INFO:colcon.colcon_core.shell:Skip shell extension 'powershell' for command environment: Not usable outside of PowerShell
[0.546s] DEBUG:colcon.colcon_core.shell:Skip shell extension 'dsv' for command environment
[0.552s] DEBUG:colcon.colcon_core.event_handler.log_command:Invoking command in '/home/bhung/spot_ros2/build/spot_msgs': CMAKE_PREFIX_PATH=${CMAKE_PREFIX_PATH}:/opt/ros/humble /usr/bin/cmake /home/bhung/spot_ros2/spot_msgs -DAMENT_CMAKE_SYMLINK_INSTALL=1 -DCMAKE_INSTALL_PREFIX=/home/bhung/spot_ros2/install/spot_msgs
[0.753s] INFO:colcon.colcon_core.task.python.build:Building Python package in '/home/bhung/spot_ros2/ros_utilities/bdai_ros2_wrappers'
[0.754s] INFO:colcon.colcon_core.shell:Skip shell extension 'powershell' for command environment: Not usable outside of PowerShell
[0.754s] DEBUG:colcon.colcon_core.shell:Skip shell extension 'dsv' for command environment
[0.956s] INFO:colcon.colcon_core.task.python.build:Building Python package in '/home/bhung/spot_ros2/examples/simple_arm_motion'
[0.957s] INFO:colcon.colcon_core.shell:Skip shell extension 'powershell' for command environment: Not usable outside of PowerShell
[0.957s] DEBUG:colcon.colcon_core.shell:Skip shell extension 'dsv' for command environment
[1.161s] INFO:colcon.colcon_core.task.python.build:Building Python package in '/home/bhung/spot_ros2/examples/simple_walk_forward'
[1.162s] INFO:colcon.colcon_core.shell:Skip shell extension 'powershell' for command environment: Not usable outside of PowerShell
[1.162s] DEBUG:colcon.colcon_core.shell:Skip shell extension 'dsv' for command environment
[1.170s] DEBUG:colcon.colcon_core.event_handler.log_command:Invoking command in '/home/bhung/spot_ros2/build/spot_description': CMAKE_PREFIX_PATH=${CMAKE_PREFIX_PATH}:/opt/ros/humble /usr/bin/cmake /home/bhung/spot_ros2/spot_description -DAMENT_CMAKE_SYMLINK_INSTALL=1 -DCMAKE_INSTALL_PREFIX=/home/bhung/spot_ros2/install/spot_description
[1.644s] INFO:colcon.colcon_core.task.python.build:Building Python package in '/home/bhung/spot_ros2/examples/utilities'
[1.645s] INFO:colcon.colcon_core.shell:Skip shell extension 'powershell' for command environment: Not usable outside of PowerShell
[1.645s] DEBUG:colcon.colcon_core.shell:Skip shell extension 'dsv' for command environment
[1.809s] DEBUG:colcon.colcon_core.event_handler.log_command:Invoked command in '/home/bhung/spot_ros2/build/spot_description' returned '0': CMAKE_PREFIX_PATH=${CMAKE_PREFIX_PATH}:/opt/ros/humble /usr/bin/cmake /home/bhung/spot_ros2/spot_description -DAMENT_CMAKE_SYMLINK_INSTALL=1 -DCMAKE_INSTALL_PREFIX=/home/bhung/spot_ros2/install/spot_description
[1.824s] DEBUG:colcon.colcon_core.event_handler.log_command:Invoking command in '/home/bhung/spot_ros2/build/spot_description': CMAKE_PREFIX_PATH=${CMAKE_PREFIX_PATH}:/opt/ros/humble /usr/bin/cmake --build /home/bhung/spot_ros2/build/spot_description -- -j16 -l16
[1.894s] DEBUG:colcon.colcon_core.event_handler.log_command:Invoked command in '/home/bhung/spot_ros2/build/spot_description' returned '0': CMAKE_PREFIX_PATH=${CMAKE_PREFIX_PATH}:/opt/ros/humble /usr/bin/cmake --build /home/bhung/spot_ros2/build/spot_description -- -j16 -l16
[1.964s] DEBUG:colcon.colcon_core.event_handler.log_command:Invoking command in '/home/bhung/spot_ros2/build/spot_description': CMAKE_PREFIX_PATH=${CMAKE_PREFIX_PATH}:/opt/ros/humble /usr/bin/cmake --install /home/bhung/spot_ros2/build/spot_description
[2.006s] DEBUG:colcon.colcon_core.event_handler.log_command:Invoking command in '/home/bhung/spot_ros2/build/spot_wrapper': PYTHONPATH=/home/bhung/spot_ros2/build/spot_wrapper/prefix_override:/home/bhung/spot_ros2/install/spot_wrapper/lib/python3.10/site-packages:${PYTHONPATH} /usr/bin/python3 setup.py develop --editable --build-directory /home/bhung/spot_ros2/build/spot_wrapper/build --no-deps
[2.244s] DEBUG:colcon.colcon_core.event_handler.log_command:Invoking command in '/home/bhung/spot_ros2/build/bdai_ros2_wrappers': PYTHONPATH=/home/bhung/spot_ros2/build/bdai_ros2_wrappers/prefix_override:/home/bhung/spot_ros2/install/bdai_ros2_wrappers/lib/python3.10/site-packages:${PYTHONPATH} /usr/bin/python3 setup.py develop --editable --build-directory /home/bhung/spot_ros2/build/bdai_ros2_wrappers/build --no-deps install_data
[2.276s] DEBUG:colcon.colcon_core.event_handler.log_command:Invoking command in '/home/bhung/spot_ros2/build/utilities': PYTHONPATH=/home/bhung/spot_ros2/build/utilities/prefix_override:/home/bhung/spot_ros2/install/utilities/lib/python3.10/site-packages:${PYTHONPATH} /usr/bin/python3 setup.py develop --editable --build-directory /home/bhung/spot_ros2/build/utilities/build --no-deps install_data
[2.296s] DEBUG:colcon.colcon_core.event_handler.log_command:Invoking command in '/home/bhung/spot_ros2/build/simple_arm_motion': PYTHONPATH=/home/bhung/spot_ros2/build/simple_arm_motion/prefix_override:/home/bhung/spot_ros2/install/simple_arm_motion/lib/python3.10/site-packages:${PYTHONPATH} /usr/bin/python3 setup.py develop --editable --build-directory /home/bhung/spot_ros2/build/simple_arm_motion/build --no-deps install_data
[2.614s] DEBUG:colcon.colcon_core.event_handler.log_command:Invoking command in '/home/bhung/spot_ros2/build/simple_walk_forward': PYTHONPATH=/home/bhung/spot_ros2/build/simple_walk_forward/prefix_override:/home/bhung/spot_ros2/install/simple_walk_forward/lib/python3.10/site-packages:${PYTHONPATH} /usr/bin/python3 setup.py develop --editable --build-directory /home/bhung/spot_ros2/build/simple_walk_forward/build --no-deps install_data
[2.700s] Level 1:colcon.colcon_core.shell:create_environment_hook('spot_wrapper', 'pythonpath_develop')
[2.702s] INFO:colcon.colcon_core.shell:Creating environment hook '/home/bhung/spot_ros2/build/spot_wrapper/share/spot_wrapper/hook/pythonpath_develop.ps1'
[2.702s] DEBUG:colcon.colcon_core.event_handler.log_command:Invoked command in '/home/bhung/spot_ros2/build/spot_wrapper' returned '0': PYTHONPATH=/home/bhung/spot_ros2/build/spot_wrapper/prefix_override:/home/bhung/spot_ros2/install/spot_wrapper/lib/python3.10/site-packages:${PYTHONPATH} /usr/bin/python3 setup.py develop --editable --build-directory /home/bhung/spot_ros2/build/spot_wrapper/build --no-deps
[2.703s] INFO:colcon.colcon_core.shell:Creating environment descriptor '/home/bhung/spot_ros2/build/spot_wrapper/share/spot_wrapper/hook/pythonpath_develop.dsv'
[2.703s] INFO:colcon.colcon_core.shell:Creating environment hook '/home/bhung/spot_ros2/build/spot_wrapper/share/spot_wrapper/hook/pythonpath_develop.sh'
[2.712s] Level 1:colcon.colcon_core.environment:checking '/home/bhung/spot_ros2/install/spot_wrapper' for CMake module files
[2.712s] Level 1:colcon.colcon_core.environment:checking '/home/bhung/spot_ros2/install/spot_wrapper' for CMake config files
[2.713s] Level 1:colcon.colcon_core.environment:checking '/home/bhung/spot_ros2/install/spot_wrapper/lib'
[2.713s] Level 1:colcon.colcon_core.environment:checking '/home/bhung/spot_ros2/install/spot_wrapper/bin'
[2.713s] Level 1:colcon.colcon_core.environment:checking '/home/bhung/spot_ros2/install/spot_wrapper/lib/pkgconfig/spot_wrapper.pc'
[2.713s] Level 1:colcon.colcon_core.environment:checking '/home/bhung/spot_ros2/install/spot_wrapper/lib/python3.10/site-packages'
[2.713s] Level 1:colcon.colcon_core.shell:create_environment_hook('spot_wrapper', 'pythonpath')
[2.715s] INFO:colcon.colcon_core.shell:Creating environment hook '/home/bhung/spot_ros2/install/spot_wrapper/share/spot_wrapper/hook/pythonpath.ps1'
[2.716s] INFO:colcon.colcon_core.shell:Creating environment descriptor '/home/bhung/spot_ros2/install/spot_wrapper/share/spot_wrapper/hook/pythonpath.dsv'
[2.716s] INFO:colcon.colcon_core.shell:Creating environment hook '/home/bhung/spot_ros2/install/spot_wrapper/share/spot_wrapper/hook/pythonpath.sh'
[2.720s] Level 1:colcon.colcon_core.environment:checking '/home/bhung/spot_ros2/install/spot_wrapper/bin'
[2.720s] Level 1:colcon.colcon_core.environment:create_environment_scripts_only(spot_wrapper)
[2.732s] INFO:colcon.colcon_core.shell:Creating package script '/home/bhung/spot_ros2/install/spot_wrapper/share/spot_wrapper/package.ps1'
[2.734s] INFO:colcon.colcon_core.shell:Creating package descriptor '/home/bhung/spot_ros2/install/spot_wrapper/share/spot_wrapper/package.dsv'
[2.735s] INFO:colcon.colcon_core.shell:Creating package script '/home/bhung/spot_ros2/install/spot_wrapper/share/spot_wrapper/package.sh'
[2.736s] INFO:colcon.colcon_core.shell:Creating package script '/home/bhung/spot_ros2/install/spot_wrapper/share/spot_wrapper/package.bash'
[2.737s] INFO:colcon.colcon_core.shell:Creating package script '/home/bhung/spot_ros2/install/spot_wrapper/share/spot_wrapper/package.zsh'
[2.738s] Level 1:colcon.colcon_core.environment:create_file_with_runtime_dependencies(/home/bhung/spot_ros2/install/spot_wrapper/share/colcon-core/packages/spot_wrapper)
[2.984s] Level 1:colcon.colcon_core.shell:create_environment_hook('utilities', 'pythonpath_develop')
[2.986s] INFO:colcon.colcon_core.shell:Creating environment hook '/home/bhung/spot_ros2/build/utilities/share/utilities/hook/pythonpath_develop.ps1'
[2.987s] DEBUG:colcon.colcon_core.event_handler.log_command:Invoked command in '/home/bhung/spot_ros2/build/utilities' returned '0': PYTHONPATH=/home/bhung/spot_ros2/build/utilities/prefix_override:/home/bhung/spot_ros2/install/utilities/lib/python3.10/site-packages:${PYTHONPATH} /usr/bin/python3 setup.py develop --editable --build-directory /home/bhung/spot_ros2/build/utilities/build --no-deps install_data
[2.987s] INFO:colcon.colcon_core.shell:Creating environment descriptor '/home/bhung/spot_ros2/build/utilities/share/utilities/hook/pythonpath_develop.dsv'
[2.988s] INFO:colcon.colcon_core.shell:Creating environment hook '/home/bhung/spot_ros2/build/utilities/share/utilities/hook/pythonpath_develop.sh'
[2.991s] Level 1:colcon.colcon_core.environment:checking '/home/bhung/spot_ros2/install/utilities' for CMake module files
[2.991s] Level 1:colcon.colcon_core.environment:checking '/home/bhung/spot_ros2/install/utilities' for CMake config files
[2.992s] Level 1:colcon.colcon_core.environment:checking '/home/bhung/spot_ros2/install/utilities/lib'
[2.992s] Level 1:colcon.colcon_core.environment:checking '/home/bhung/spot_ros2/install/utilities/bin'
[2.992s] Level 1:colcon.colcon_core.environment:checking '/home/bhung/spot_ros2/install/utilities/lib/pkgconfig/utilities.pc'
[2.992s] Level 1:colcon.colcon_core.environment:checking '/home/bhung/spot_ros2/install/utilities/lib/python3.10/site-packages'
[2.992s] Level 1:colcon.colcon_core.shell:create_environment_hook('utilities', 'pythonpath')
[2.993s] INFO:colcon.colcon_core.shell:Creating environment hook '/home/bhung/spot_ros2/install/utilities/share/utilities/hook/pythonpath.ps1'
[2.993s] INFO:colcon.colcon_core.shell:Creating environment descriptor '/home/bhung/spot_ros2/install/utilities/share/utilities/hook/pythonpath.dsv'
[2.993s] INFO:colcon.colcon_core.shell:Creating environment hook '/home/bhung/spot_ros2/install/utilities/share/utilities/hook/pythonpath.sh'
[2.994s] Level 1:colcon.colcon_core.environment:checking '/home/bhung/spot_ros2/install/utilities/bin'
[2.994s] Level 1:colcon.colcon_core.environment:create_environment_scripts_only(utilities)
[2.995s] INFO:colcon.colcon_core.shell:Creating package script '/home/bhung/spot_ros2/install/utilities/share/utilities/package.ps1'
[2.995s] INFO:colcon.colcon_core.shell:Creating package descriptor '/home/bhung/spot_ros2/install/utilities/share/utilities/package.dsv'
[2.995s] INFO:colcon.colcon_core.shell:Creating package script '/home/bhung/spot_ros2/install/utilities/share/utilities/package.sh'
[2.996s] INFO:colcon.colcon_core.shell:Creating package script '/home/bhung/spot_ros2/install/utilities/share/utilities/package.bash'
[2.996s] INFO:colcon.colcon_core.shell:Creating package script '/home/bhung/spot_ros2/install/utilities/share/utilities/package.zsh'
[2.997s] Level 1:colcon.colcon_core.environment:create_file_with_runtime_dependencies(/home/bhung/spot_ros2/install/utilities/share/colcon-core/packages/utilities)
[2.997s] Level 1:colcon.colcon_core.shell:create_environment_hook('simple_arm_motion', 'pythonpath_develop')
[2.999s] INFO:colcon.colcon_core.shell:Creating environment hook '/home/bhung/spot_ros2/build/simple_arm_motion/share/simple_arm_motion/hook/pythonpath_develop.ps1'
[3.000s] DEBUG:colcon.colcon_core.event_handler.log_command:Invoked command in '/home/bhung/spot_ros2/build/simple_arm_motion' returned '0': PYTHONPATH=/home/bhung/spot_ros2/build/simple_arm_motion/prefix_override:/home/bhung/spot_ros2/install/simple_arm_motion/lib/python3.10/site-packages:${PYTHONPATH} /usr/bin/python3 setup.py develop --editable --build-directory /home/bhung/spot_ros2/build/simple_arm_motion/build --no-deps install_data
[3.000s] INFO:colcon.colcon_core.shell:Creating environment descriptor '/home/bhung/spot_ros2/build/simple_arm_motion/share/simple_arm_motion/hook/pythonpath_develop.dsv'
[3.001s] INFO:colcon.colcon_core.shell:Creating environment hook '/home/bhung/spot_ros2/build/simple_arm_motion/share/simple_arm_motion/hook/pythonpath_develop.sh'
[3.003s] Level 1:colcon.colcon_core.environment:checking '/home/bhung/spot_ros2/install/simple_arm_motion' for CMake module files
[3.004s] Level 1:colcon.colcon_core.environment:checking '/home/bhung/spot_ros2/install/simple_arm_motion' for CMake config files
[3.005s] Level 1:colcon.colcon_core.environment:checking '/home/bhung/spot_ros2/install/simple_arm_motion/lib'
[3.005s] Level 1:colcon.colcon_core.environment:checking '/home/bhung/spot_ros2/install/simple_arm_motion/bin'
[3.005s] Level 1:colcon.colcon_core.environment:checking '/home/bhung/spot_ros2/install/simple_arm_motion/lib/pkgconfig/simple_arm_motion.pc'
[3.005s] Level 1:colcon.colcon_core.environment:checking '/home/bhung/spot_ros2/install/simple_arm_motion/lib/python3.10/site-packages'
[3.006s] Level 1:colcon.colcon_core.shell:create_environment_hook('simple_arm_motion', 'pythonpath')
[3.007s] INFO:colcon.colcon_core.shell:Creating environment hook '/home/bhung/spot_ros2/install/simple_arm_motion/share/simple_arm_motion/hook/pythonpath.ps1'
[3.008s] INFO:colcon.colcon_core.shell:Creating environment descriptor '/home/bhung/spot_ros2/install/simple_arm_motion/share/simple_arm_motion/hook/pythonpath.dsv'
[3.008s] INFO:colcon.colcon_core.shell:Creating environment hook '/home/bhung/spot_ros2/install/simple_arm_motion/share/simple_arm_motion/hook/pythonpath.sh'
[3.008s] Level 1:colcon.colcon_core.environment:checking '/home/bhung/spot_ros2/install/simple_arm_motion/bin'
[3.008s] Level 1:colcon.colcon_core.environment:create_environment_scripts_only(simple_arm_motion)
[3.009s] INFO:colcon.colcon_core.shell:Creating package script '/home/bhung/spot_ros2/install/simple_arm_motion/share/simple_arm_motion/package.ps1'
[3.010s] INFO:colcon.colcon_core.shell:Creating package descriptor '/home/bhung/spot_ros2/install/simple_arm_motion/share/simple_arm_motion/package.dsv'
[3.010s] INFO:colcon.colcon_core.shell:Creating package script '/home/bhung/spot_ros2/install/simple_arm_motion/share/simple_arm_motion/package.sh'
[3.011s] INFO:colcon.colcon_core.shell:Creating package script '/home/bhung/spot_ros2/install/simple_arm_motion/share/simple_arm_motion/package.bash'
[3.011s] INFO:colcon.colcon_core.shell:Creating package script '/home/bhung/spot_ros2/install/simple_arm_motion/share/simple_arm_motion/package.zsh'
[3.011s] Level 1:colcon.colcon_core.environment:create_file_with_runtime_dependencies(/home/bhung/spot_ros2/install/simple_arm_motion/share/colcon-core/packages/simple_arm_motion)
[3.012s] Level 1:colcon.colcon_core.shell:create_environment_hook('bdai_ros2_wrappers', 'pythonpath_develop')
[3.013s] INFO:colcon.colcon_core.shell:Creating environment hook '/home/bhung/spot_ros2/build/bdai_ros2_wrappers/share/bdai_ros2_wrappers/hook/pythonpath_develop.ps1'
[3.013s] DEBUG:colcon.colcon_core.event_handler.log_command:Invoked command in '/home/bhung/spot_ros2/build/bdai_ros2_wrappers' returned '0': PYTHONPATH=/home/bhung/spot_ros2/build/bdai_ros2_wrappers/prefix_override:/home/bhung/spot_ros2/install/bdai_ros2_wrappers/lib/python3.10/site-packages:${PYTHONPATH} /usr/bin/python3 setup.py develop --editable --build-directory /home/bhung/spot_ros2/build/bdai_ros2_wrappers/build --no-deps install_data
[3.014s] INFO:colcon.colcon_core.shell:Creating environment descriptor '/home/bhung/spot_ros2/build/bdai_ros2_wrappers/share/bdai_ros2_wrappers/hook/pythonpath_develop.dsv'
[3.014s] INFO:colcon.colcon_core.shell:Creating environment hook '/home/bhung/spot_ros2/build/bdai_ros2_wrappers/share/bdai_ros2_wrappers/hook/pythonpath_develop.sh'
[3.016s] Level 1:colcon.colcon_core.environment:checking '/home/bhung/spot_ros2/install/bdai_ros2_wrappers' for CMake module files
[3.017s] Level 1:colcon.colcon_core.environment:checking '/home/bhung/spot_ros2/install/bdai_ros2_wrappers' for CMake config files
[3.018s] Level 1:colcon.colcon_core.environment:checking '/home/bhung/spot_ros2/install/bdai_ros2_wrappers/lib'
[3.018s] Level 1:colcon.colcon_core.environment:checking '/home/bhung/spot_ros2/install/bdai_ros2_wrappers/bin'
[3.018s] Level 1:colcon.colcon_core.environment:checking '/home/bhung/spot_ros2/install/bdai_ros2_wrappers/lib/pkgconfig/bdai_ros2_wrappers.pc'
[3.019s] Level 1:colcon.colcon_core.environment:checking '/home/bhung/spot_ros2/install/bdai_ros2_wrappers/lib/python3.10/site-packages'
[3.019s] Level 1:colcon.colcon_core.shell:create_environment_hook('bdai_ros2_wrappers', 'pythonpath')
[3.020s] INFO:colcon.colcon_core.shell:Creating environment hook '/home/bhung/spot_ros2/install/bdai_ros2_wrappers/share/bdai_ros2_wrappers/hook/pythonpath.ps1'
[3.020s] INFO:colcon.colcon_core.shell:Creating environment descriptor '/home/bhung/spot_ros2/install/bdai_ros2_wrappers/share/bdai_ros2_wrappers/hook/pythonpath.dsv'
[3.021s] INFO:colcon.colcon_core.shell:Creating environment hook '/home/bhung/spot_ros2/install/bdai_ros2_wrappers/share/bdai_ros2_wrappers/hook/pythonpath.sh'
[3.021s] Level 1:colcon.colcon_core.environment:checking '/home/bhung/spot_ros2/install/bdai_ros2_wrappers/bin'
[3.022s] Level 1:colcon.colcon_core.environment:create_environment_scripts_only(bdai_ros2_wrappers)
[3.023s] INFO:colcon.colcon_core.shell:Creating package script '/home/bhung/spot_ros2/install/bdai_ros2_wrappers/share/bdai_ros2_wrappers/package.ps1'
[3.024s] INFO:colcon.colcon_core.shell:Creating package descriptor '/home/bhung/spot_ros2/install/bdai_ros2_wrappers/share/bdai_ros2_wrappers/package.dsv'
[3.024s] INFO:colcon.colcon_core.shell:Creating package script '/home/bhung/spot_ros2/install/bdai_ros2_wrappers/share/bdai_ros2_wrappers/package.sh'
[3.025s] INFO:colcon.colcon_core.shell:Creating package script '/home/bhung/spot_ros2/install/bdai_ros2_wrappers/share/bdai_ros2_wrappers/package.bash'
[3.025s] INFO:colcon.colcon_core.shell:Creating package script '/home/bhung/spot_ros2/install/bdai_ros2_wrappers/share/bdai_ros2_wrappers/package.zsh'
[3.026s] Level 1:colcon.colcon_core.environment:create_file_with_runtime_dependencies(/home/bhung/spot_ros2/install/bdai_ros2_wrappers/share/colcon-core/packages/bdai_ros2_wrappers)
[3.181s] Level 1:colcon.colcon_core.environment:create_environment_scripts_only(spot_description)
[3.183s] Level 1:colcon.colcon_core.environment:checking '/home/bhung/spot_ros2/install/spot_description' for CMake module files
[3.184s] DEBUG:colcon.colcon_core.event_handler.log_command:Invoked command in '/home/bhung/spot_ros2/build/spot_description' returned '0': CMAKE_PREFIX_PATH=${CMAKE_PREFIX_PATH}:/opt/ros/humble /usr/bin/cmake --install /home/bhung/spot_ros2/build/spot_description
[3.185s] Level 1:colcon.colcon_core.environment:checking '/home/bhung/spot_ros2/install/spot_description' for CMake config files
[3.186s] Level 1:colcon.colcon_core.shell:create_environment_hook('spot_description', 'cmake_prefix_path')
[3.187s] INFO:colcon.colcon_core.shell:Creating environment hook '/home/bhung/spot_ros2/install/spot_description/share/spot_description/hook/cmake_prefix_path.ps1'
[3.188s] INFO:colcon.colcon_core.shell:Creating environment descriptor '/home/bhung/spot_ros2/install/spot_description/share/spot_description/hook/cmake_prefix_path.dsv'
[3.188s] INFO:colcon.colcon_core.shell:Creating environment hook '/home/bhung/spot_ros2/install/spot_description/share/spot_description/hook/cmake_prefix_path.sh'
[3.189s] Level 1:colcon.colcon_core.environment:checking '/home/bhung/spot_ros2/install/spot_description/bin'
[3.189s] Level 1:colcon.colcon_core.environment:checking '/home/bhung/spot_ros2/install/spot_description/lib/pkgconfig/spot_description.pc'
[3.189s] Level 1:colcon.colcon_core.environment:checking '/home/bhung/spot_ros2/install/spot_description/lib/python3.10/site-packages'
[3.189s] Level 1:colcon.colcon_core.environment:checking '/home/bhung/spot_ros2/install/spot_description/bin'
[3.191s] INFO:colcon.colcon_core.shell:Creating package script '/home/bhung/spot_ros2/install/spot_description/share/spot_description/package.ps1'
[3.192s] INFO:colcon.colcon_core.shell:Creating package descriptor '/home/bhung/spot_ros2/install/spot_description/share/spot_description/package.dsv'
[3.192s] INFO:colcon.colcon_core.shell:Creating package script '/home/bhung/spot_ros2/install/spot_description/share/spot_description/package.sh'
[3.192s] INFO:colcon.colcon_core.shell:Creating package script '/home/bhung/spot_ros2/install/spot_description/share/spot_description/package.bash'
[3.192s] INFO:colcon.colcon_core.shell:Creating package script '/home/bhung/spot_ros2/install/spot_description/share/spot_description/package.zsh'
[3.193s] Level 1:colcon.colcon_core.environment:create_file_with_runtime_dependencies(/home/bhung/spot_ros2/install/spot_description/share/colcon-core/packages/spot_description)
[3.207s] Level 1:colcon.colcon_core.shell:create_environment_hook('simple_walk_forward', 'pythonpath_develop')
[3.208s] DEBUG:colcon.colcon_core.event_handler.log_command:Invoked command in '/home/bhung/spot_ros2/build/simple_walk_forward' returned '0': PYTHONPATH=/home/bhung/spot_ros2/build/simple_walk_forward/prefix_override:/home/bhung/spot_ros2/install/simple_walk_forward/lib/python3.10/site-packages:${PYTHONPATH} /usr/bin/python3 setup.py develop --editable --build-directory /home/bhung/spot_ros2/build/simple_walk_forward/build --no-deps install_data
[3.209s] INFO:colcon.colcon_core.shell:Creating environment hook '/home/bhung/spot_ros2/build/simple_walk_forward/share/simple_walk_forward/hook/pythonpath_develop.ps1'
[3.210s] INFO:colcon.colcon_core.shell:Creating environment descriptor '/home/bhung/spot_ros2/build/simple_walk_forward/share/simple_walk_forward/hook/pythonpath_develop.dsv'
[3.210s] INFO:colcon.colcon_core.shell:Creating environment hook '/home/bhung/spot_ros2/build/simple_walk_forward/share/simple_walk_forward/hook/pythonpath_develop.sh'
[3.213s] Level 1:colcon.colcon_core.environment:checking '/home/bhung/spot_ros2/install/simple_walk_forward' for CMake module files
[3.213s] Level 1:colcon.colcon_core.environment:checking '/home/bhung/spot_ros2/install/simple_walk_forward' for CMake config files
[3.214s] Level 1:colcon.colcon_core.environment:checking '/home/bhung/spot_ros2/install/simple_walk_forward/lib'
[3.214s] Level 1:colcon.colcon_core.environment:checking '/home/bhung/spot_ros2/install/simple_walk_forward/bin'
[3.214s] Level 1:colcon.colcon_core.environment:checking '/home/bhung/spot_ros2/install/simple_walk_forward/lib/pkgconfig/simple_walk_forward.pc'
[3.214s] Level 1:colcon.colcon_core.environment:checking '/home/bhung/spot_ros2/install/simple_walk_forward/lib/python3.10/site-packages'
[3.214s] Level 1:colcon.colcon_core.shell:create_environment_hook('simple_walk_forward', 'pythonpath')
[3.216s] INFO:colcon.colcon_core.shell:Creating environment hook '/home/bhung/spot_ros2/install/simple_walk_forward/share/simple_walk_forward/hook/pythonpath.ps1'
[3.216s] INFO:colcon.colcon_core.shell:Creating environment descriptor '/home/bhung/spot_ros2/install/simple_walk_forward/share/simple_walk_forward/hook/pythonpath.dsv'
[3.216s] INFO:colcon.colcon_core.shell:Creating environment hook '/home/bhung/spot_ros2/install/simple_walk_forward/share/simple_walk_forward/hook/pythonpath.sh'
[3.216s] Level 1:colcon.colcon_core.environment:checking '/home/bhung/spot_ros2/install/simple_walk_forward/bin'
[3.217s] Level 1:colcon.colcon_core.environment:create_environment_scripts_only(simple_walk_forward)
[3.217s] INFO:colcon.colcon_core.shell:Creating package script '/home/bhung/spot_ros2/install/simple_walk_forward/share/simple_walk_forward/package.ps1'
[3.218s] INFO:colcon.colcon_core.shell:Creating package descriptor '/home/bhung/spot_ros2/install/simple_walk_forward/share/simple_walk_forward/package.dsv'
[3.218s] INFO:colcon.colcon_core.shell:Creating package script '/home/bhung/spot_ros2/install/simple_walk_forward/share/simple_walk_forward/package.sh'
[3.218s] INFO:colcon.colcon_core.shell:Creating package script '/home/bhung/spot_ros2/install/simple_walk_forward/share/simple_walk_forward/package.bash'
[3.218s] INFO:colcon.colcon_core.shell:Creating package script '/home/bhung/spot_ros2/install/simple_walk_forward/share/simple_walk_forward/package.zsh'
[3.219s] Level 1:colcon.colcon_core.environment:create_file_with_runtime_dependencies(/home/bhung/spot_ros2/install/simple_walk_forward/share/colcon-core/packages/simple_walk_forward)
[3.220s] Level 1:colcon.colcon_core.environment:create_environment_scripts_only(spot_description)
[3.221s] Level 1:colcon.colcon_core.environment:checking '/home/bhung/spot_ros2/install/spot_description' for CMake module files
[3.222s] Level 1:colcon.colcon_core.environment:checking '/home/bhung/spot_ros2/install/spot_description' for CMake config files
[3.222s] Level 1:colcon.colcon_core.shell:create_environment_hook('spot_description', 'cmake_prefix_path')
[3.222s] INFO:colcon.colcon_core.shell:Creating environment hook '/home/bhung/spot_ros2/install/spot_description/share/spot_description/hook/cmake_prefix_path.ps1'
[3.223s] INFO:colcon.colcon_core.shell:Creating environment descriptor '/home/bhung/spot_ros2/install/spot_description/share/spot_description/hook/cmake_prefix_path.dsv'
[3.223s] INFO:colcon.colcon_core.shell:Creating environment hook '/home/bhung/spot_ros2/install/spot_description/share/spot_description/hook/cmake_prefix_path.sh'
[3.223s] Level 1:colcon.colcon_core.environment:checking '/home/bhung/spot_ros2/install/spot_description/bin'
[3.223s] Level 1:colcon.colcon_core.environment:checking '/home/bhung/spot_ros2/install/spot_description/lib/pkgconfig/spot_description.pc'
[3.223s] Level 1:colcon.colcon_core.environment:checking '/home/bhung/spot_ros2/install/spot_description/lib/python3.10/site-packages'
[3.223s] Level 1:colcon.colcon_core.environment:checking '/home/bhung/spot_ros2/install/spot_description/bin'
[3.224s] INFO:colcon.colcon_core.shell:Creating package script '/home/bhung/spot_ros2/install/spot_description/share/spot_description/package.ps1'
[3.224s] INFO:colcon.colcon_core.shell:Creating package descriptor '/home/bhung/spot_ros2/install/spot_description/share/spot_description/package.dsv'
[3.225s] INFO:colcon.colcon_core.shell:Creating package script '/home/bhung/spot_ros2/install/spot_description/share/spot_description/package.sh'
[3.225s] INFO:colcon.colcon_core.shell:Creating package script '/home/bhung/spot_ros2/install/spot_description/share/spot_description/package.bash'
[3.225s] INFO:colcon.colcon_core.shell:Creating package script '/home/bhung/spot_ros2/install/spot_description/share/spot_description/package.zsh'
[3.225s] Level 1:colcon.colcon_core.environment:create_file_with_runtime_dependencies(/home/bhung/spot_ros2/install/spot_description/share/colcon-core/packages/spot_description)
[11.559s] DEBUG:colcon.colcon_core.event_handler.log_command:Invoked command in '/home/bhung/spot_ros2/build/spot_msgs' returned '0': CMAKE_PREFIX_PATH=${CMAKE_PREFIX_PATH}:/opt/ros/humble /usr/bin/cmake /home/bhung/spot_ros2/spot_msgs -DAMENT_CMAKE_SYMLINK_INSTALL=1 -DCMAKE_INSTALL_PREFIX=/home/bhung/spot_ros2/install/spot_msgs
[11.560s] DEBUG:colcon.colcon_core.event_handler.log_command:Invoking command in '/home/bhung/spot_ros2/build/spot_msgs': CMAKE_PREFIX_PATH=${CMAKE_PREFIX_PATH}:/opt/ros/humble /usr/bin/cmake --build /home/bhung/spot_ros2/build/spot_msgs -- -j16 -l16
[28.497s] DEBUG:colcon.colcon_core.event_handler.log_command:Invoked command in '/home/bhung/spot_ros2/build/spot_msgs' returned '0': CMAKE_PREFIX_PATH=${CMAKE_PREFIX_PATH}:/opt/ros/humble /usr/bin/cmake --build /home/bhung/spot_ros2/build/spot_msgs -- -j16 -l16
[29.482s] DEBUG:colcon.colcon_core.event_handler.log_command:Invoking command in '/home/bhung/spot_ros2/build/spot_msgs': CMAKE_PREFIX_PATH=${CMAKE_PREFIX_PATH}:/opt/ros/humble /usr/bin/cmake --install /home/bhung/spot_ros2/build/spot_msgs
[33.525s] Level 1:colcon.colcon_core.environment:create_environment_scripts_only(spot_msgs)
[33.526s] Level 1:colcon.colcon_core.environment:checking '/home/bhung/spot_ros2/install/spot_msgs' for CMake module files
[33.527s] DEBUG:colcon.colcon_core.event_handler.log_command:Invoked command in '/home/bhung/spot_ros2/build/spot_msgs' returned '0': CMAKE_PREFIX_PATH=${CMAKE_PREFIX_PATH}:/opt/ros/humble /usr/bin/cmake --install /home/bhung/spot_ros2/build/spot_msgs
[33.527s] Level 1:colcon.colcon_core.environment:checking '/home/bhung/spot_ros2/install/spot_msgs' for CMake config files
[33.530s] Level 1:colcon.colcon_core.shell:create_environment_hook('spot_msgs', 'cmake_prefix_path')
[33.530s] INFO:colcon.colcon_core.shell:Creating environment hook '/home/bhung/spot_ros2/install/spot_msgs/share/spot_msgs/hook/cmake_prefix_path.ps1'
[33.531s] INFO:colcon.colcon_core.shell:Creating environment descriptor '/home/bhung/spot_ros2/install/spot_msgs/share/spot_msgs/hook/cmake_prefix_path.dsv'
[33.531s] INFO:colcon.colcon_core.shell:Creating environment hook '/home/bhung/spot_ros2/install/spot_msgs/share/spot_msgs/hook/cmake_prefix_path.sh'
[33.531s] Level 1:colcon.colcon_core.environment:checking '/home/bhung/spot_ros2/install/spot_msgs/lib'
[33.531s] Level 1:colcon.colcon_core.shell:create_environment_hook('spot_msgs', 'ld_library_path_lib')
[33.532s] INFO:colcon.colcon_core.shell:Creating environment hook '/home/bhung/spot_ros2/install/spot_msgs/share/spot_msgs/hook/ld_library_path_lib.ps1'
[33.532s] INFO:colcon.colcon_core.shell:Creating environment descriptor '/home/bhung/spot_ros2/install/spot_msgs/share/spot_msgs/hook/ld_library_path_lib.dsv'
[33.532s] INFO:colcon.colcon_core.shell:Creating environment hook '/home/bhung/spot_ros2/install/spot_msgs/share/spot_msgs/hook/ld_library_path_lib.sh'
[33.532s] Level 1:colcon.colcon_core.environment:checking '/home/bhung/spot_ros2/install/spot_msgs/bin'
[33.532s] Level 1:colcon.colcon_core.environment:checking '/home/bhung/spot_ros2/install/spot_msgs/lib/pkgconfig/spot_msgs.pc'
[33.533s] Level 1:colcon.colcon_core.environment:checking '/home/bhung/spot_ros2/install/spot_msgs/lib/python3.10/site-packages'
[33.533s] Level 1:colcon.colcon_core.environment:checking '/home/bhung/spot_ros2/install/spot_msgs/bin'
[33.533s] INFO:colcon.colcon_core.shell:Creating package script '/home/bhung/spot_ros2/install/spot_msgs/share/spot_msgs/package.ps1'
[33.534s] INFO:colcon.colcon_core.shell:Creating package descriptor '/home/bhung/spot_ros2/install/spot_msgs/share/spot_msgs/package.dsv'
[33.534s] INFO:colcon.colcon_core.shell:Creating package script '/home/bhung/spot_ros2/install/spot_msgs/share/spot_msgs/package.sh'
[33.534s] INFO:colcon.colcon_core.shell:Creating package script '/home/bhung/spot_ros2/install/spot_msgs/share/spot_msgs/package.bash'
[33.534s] INFO:colcon.colcon_core.shell:Creating package script '/home/bhung/spot_ros2/install/spot_msgs/share/spot_msgs/package.zsh'
[33.534s] Level 1:colcon.colcon_core.environment:create_file_with_runtime_dependencies(/home/bhung/spot_ros2/install/spot_msgs/share/colcon-core/packages/spot_msgs)
[34.511s] Level 1:colcon.colcon_core.environment:create_environment_scripts_only(spot_msgs)
[34.512s] Level 1:colcon.colcon_core.environment:checking '/home/bhung/spot_ros2/install/spot_msgs' for CMake module files
[34.513s] Level 1:colcon.colcon_core.environment:checking '/home/bhung/spot_ros2/install/spot_msgs' for CMake config files
[34.515s] Level 1:colcon.colcon_core.shell:create_environment_hook('spot_msgs', 'cmake_prefix_path')
[34.516s] INFO:colcon.colcon_core.shell:Creating environment hook '/home/bhung/spot_ros2/install/spot_msgs/share/spot_msgs/hook/cmake_prefix_path.ps1'
[34.516s] INFO:colcon.colcon_core.shell:Creating environment descriptor '/home/bhung/spot_ros2/install/spot_msgs/share/spot_msgs/hook/cmake_prefix_path.dsv'
[34.516s] INFO:colcon.colcon_core.shell:Creating environment hook '/home/bhung/spot_ros2/install/spot_msgs/share/spot_msgs/hook/cmake_prefix_path.sh'
[34.516s] Level 1:colcon.colcon_core.environment:checking '/home/bhung/spot_ros2/install/spot_msgs/lib'
[34.516s] Level 1:colcon.colcon_core.shell:create_environment_hook('spot_msgs', 'ld_library_path_lib')
[34.517s] INFO:colcon.colcon_core.shell:Creating environment hook '/home/bhung/spot_ros2/install/spot_msgs/share/spot_msgs/hook/ld_library_path_lib.ps1'
[34.517s] INFO:colcon.colcon_core.shell:Creating environment descriptor '/home/bhung/spot_ros2/install/spot_msgs/share/spot_msgs/hook/ld_library_path_lib.dsv'
[34.518s] INFO:colcon.colcon_core.shell:Creating environment hook '/home/bhung/spot_ros2/install/spot_msgs/share/spot_msgs/hook/ld_library_path_lib.sh'
[34.518s] Level 1:colcon.colcon_core.environment:checking '/home/bhung/spot_ros2/install/spot_msgs/bin'
[34.518s] Level 1:colcon.colcon_core.environment:checking '/home/bhung/spot_ros2/install/spot_msgs/lib/pkgconfig/spot_msgs.pc'
[34.518s] Level 1:colcon.colcon_core.environment:checking '/home/bhung/spot_ros2/install/spot_msgs/lib/python3.10/site-packages'
[34.518s] Level 1:colcon.colcon_core.environment:checking '/home/bhung/spot_ros2/install/spot_msgs/bin'
[34.519s] INFO:colcon.colcon_core.shell:Creating package script '/home/bhung/spot_ros2/install/spot_msgs/share/spot_msgs/package.ps1'
[34.519s] INFO:colcon.colcon_core.shell:Creating package descriptor '/home/bhung/spot_ros2/install/spot_msgs/share/spot_msgs/package.dsv'
[34.519s] INFO:colcon.colcon_core.shell:Creating package script '/home/bhung/spot_ros2/install/spot_msgs/share/spot_msgs/package.sh'
[34.520s] INFO:colcon.colcon_core.shell:Creating package script '/home/bhung/spot_ros2/install/spot_msgs/share/spot_msgs/package.bash'
[34.520s] INFO:colcon.colcon_core.shell:Creating package script '/home/bhung/spot_ros2/install/spot_msgs/share/spot_msgs/package.zsh'
[34.520s] Level 1:colcon.colcon_core.environment:create_file_with_runtime_dependencies(/home/bhung/spot_ros2/install/spot_msgs/share/colcon-core/packages/spot_msgs)
[34.520s] INFO:colcon.colcon_ros.task.ament_python.build:Building ROS package in '/home/bhung/spot_ros2/spot_driver' with build type 'ament_python'
[34.520s] Level 1:colcon.colcon_core.shell:create_environment_hook('spot_driver', 'ament_prefix_path')
[34.521s] INFO:colcon.colcon_core.shell:Creating environment hook '/home/bhung/spot_ros2/install/spot_driver/share/spot_driver/hook/ament_prefix_path.ps1'
[34.521s] INFO:colcon.colcon_core.shell:Creating environment descriptor '/home/bhung/spot_ros2/install/spot_driver/share/spot_driver/hook/ament_prefix_path.dsv'
[34.522s] INFO:colcon.colcon_core.shell:Creating environment hook '/home/bhung/spot_ros2/install/spot_driver/share/spot_driver/hook/ament_prefix_path.sh'
[34.522s] INFO:colcon.colcon_core.shell:Skip shell extension 'powershell' for command environment: Not usable outside of PowerShell
[34.522s] DEBUG:colcon.colcon_core.shell:Skip shell extension 'dsv' for command environment
[34.713s] INFO:colcon.colcon_core.task.python.build:Building Python package in '/home/bhung/spot_ros2/spot_driver'
[34.714s] INFO:colcon.colcon_core.shell:Skip shell extension 'powershell' for command environment: Not usable outside of PowerShell
[34.715s] DEBUG:colcon.colcon_core.shell:Skip shell extension 'dsv' for command environment
[34.980s] DEBUG:colcon.colcon_core.event_handler.log_command:Invoking command in '/home/bhung/spot_ros2/build/spot_driver': AMENT_PREFIX_PATH=/home/bhung/spot_ros2/install/spot_msgs:${AMENT_PREFIX_PATH} CMAKE_PREFIX_PATH=/home/bhung/spot_ros2/install/spot_msgs:${CMAKE_PREFIX_PATH} LD_LIBRARY_PATH=/home/bhung/spot_ros2/install/spot_msgs/lib:${LD_LIBRARY_PATH} PYTHONPATH=/home/bhung/spot_ros2/build/spot_driver/prefix_override:/home/bhung/spot_ros2/install/spot_driver/lib/python3.10/site-packages:/home/bhung/spot_ros2/install/spot_msgs/local/lib/python3.10/dist-packages:${PYTHONPATH} /usr/bin/python3 setup.py develop --editable --build-directory /home/bhung/spot_ros2/build/spot_driver/build --no-deps install_data
[35.325s] Level 1:colcon.colcon_core.shell:create_environment_hook('spot_driver', 'pythonpath_develop')
[35.326s] INFO:colcon.colcon_core.shell:Creating environment hook '/home/bhung/spot_ros2/build/spot_driver/share/spot_driver/hook/pythonpath_develop.ps1'
[35.326s] DEBUG:colcon.colcon_core.event_handler.log_command:Invoked command in '/home/bhung/spot_ros2/build/spot_driver' returned '0': AMENT_PREFIX_PATH=/home/bhung/spot_ros2/install/spot_msgs:${AMENT_PREFIX_PATH} CMAKE_PREFIX_PATH=/home/bhung/spot_ros2/install/spot_msgs:${CMAKE_PREFIX_PATH} LD_LIBRARY_PATH=/home/bhung/spot_ros2/install/spot_msgs/lib:${LD_LIBRARY_PATH} PYTHONPATH=/home/bhung/spot_ros2/build/spot_driver/prefix_override:/home/bhung/spot_ros2/install/spot_driver/lib/python3.10/site-packages:/home/bhung/spot_ros2/install/spot_msgs/local/lib/python3.10/dist-packages:${PYTHONPATH} /usr/bin/python3 setup.py develop --editable --build-directory /home/bhung/spot_ros2/build/spot_driver/build --no-deps install_data
[35.326s] INFO:colcon.colcon_core.shell:Creating environment descriptor '/home/bhung/spot_ros2/build/spot_driver/share/spot_driver/hook/pythonpath_develop.dsv'
[35.327s] INFO:colcon.colcon_core.shell:Creating environment hook '/home/bhung/spot_ros2/build/spot_driver/share/spot_driver/hook/pythonpath_develop.sh'
[35.328s] Level 1:colcon.colcon_core.environment:checking '/home/bhung/spot_ros2/install/spot_driver' for CMake module files
[35.328s] Level 1:colcon.colcon_core.environment:checking '/home/bhung/spot_ros2/install/spot_driver' for CMake config files
[35.328s] Level 1:colcon.colcon_core.environment:checking '/home/bhung/spot_ros2/install/spot_driver/lib'
[35.328s] Level 1:colcon.colcon_core.environment:checking '/home/bhung/spot_ros2/install/spot_driver/bin'
[35.328s] Level 1:colcon.colcon_core.environment:checking '/home/bhung/spot_ros2/install/spot_driver/lib/pkgconfig/spot_driver.pc'
[35.328s] Level 1:colcon.colcon_core.environment:checking '/home/bhung/spot_ros2/install/spot_driver/lib/python3.10/site-packages'
[35.328s] Level 1:colcon.colcon_core.shell:create_environment_hook('spot_driver', 'pythonpath')
[35.329s] INFO:colcon.colcon_core.shell:Creating environment hook '/home/bhung/spot_ros2/install/spot_driver/share/spot_driver/hook/pythonpath.ps1'
[35.329s] INFO:colcon.colcon_core.shell:Creating environment descriptor '/home/bhung/spot_ros2/install/spot_driver/share/spot_driver/hook/pythonpath.dsv'
[35.329s] INFO:colcon.colcon_core.shell:Creating environment hook '/home/bhung/spot_ros2/install/spot_driver/share/spot_driver/hook/pythonpath.sh'
[35.330s] Level 1:colcon.colcon_core.environment:checking '/home/bhung/spot_ros2/install/spot_driver/bin'
[35.330s] Level 1:colcon.colcon_core.environment:create_environment_scripts_only(spot_driver)
[35.330s] INFO:colcon.colcon_core.shell:Creating package script '/home/bhung/spot_ros2/install/spot_driver/share/spot_driver/package.ps1'
[35.331s] INFO:colcon.colcon_core.shell:Creating package descriptor '/home/bhung/spot_ros2/install/spot_driver/share/spot_driver/package.dsv'
[35.331s] INFO:colcon.colcon_core.shell:Creating package script '/home/bhung/spot_ros2/install/spot_driver/share/spot_driver/package.sh'
[35.331s] INFO:colcon.colcon_core.shell:Creating package script '/home/bhung/spot_ros2/install/spot_driver/share/spot_driver/package.bash'
[35.331s] INFO:colcon.colcon_core.shell:Creating package script '/home/bhung/spot_ros2/install/spot_driver/share/spot_driver/package.zsh'
[35.332s] Level 1:colcon.colcon_core.environment:create_file_with_runtime_dependencies(/home/bhung/spot_ros2/install/spot_driver/share/colcon-core/packages/spot_driver)
[35.332s] DEBUG:colcon.colcon_parallel_executor.executor.parallel:closing loop
[35.332s] DEBUG:colcon.colcon_parallel_executor.executor.parallel:loop closed
[35.332s] DEBUG:colcon.colcon_parallel_executor.executor.parallel:run_until_complete finished with '0'
[35.332s] DEBUG:colcon.colcon_core.event_reactor:joining thread
[35.338s] INFO:colcon.colcon_core.plugin_system:Skipping extension 'colcon_notification.desktop_notification.terminal_notifier': Not used on non-Darwin systems
[35.338s] INFO:colcon.colcon_core.plugin_system:Skipping extension 'colcon_notification.desktop_notification.win32': Not used on non-Windows systems
[35.338s] INFO:colcon.colcon_notification.desktop_notification:Sending desktop notification using 'notify2'
[35.347s] DEBUG:colcon.colcon_core.event_reactor:joined thread
[35.348s] INFO:colcon.colcon_core.shell:Creating prefix script '/home/bhung/spot_ros2/install/local_setup.ps1'
[35.349s] INFO:colcon.colcon_core.shell:Creating prefix util module '/home/bhung/spot_ros2/install/_local_setup_util_ps1.py'
[35.350s] INFO:colcon.colcon_core.shell:Creating prefix chain script '/home/bhung/spot_ros2/install/setup.ps1'
[35.351s] INFO:colcon.colcon_core.shell:Creating prefix script '/home/bhung/spot_ros2/install/local_setup.sh'
[35.351s] INFO:colcon.colcon_core.shell:Creating prefix util module '/home/bhung/spot_ros2/install/_local_setup_util_sh.py'
[35.352s] INFO:colcon.colcon_core.shell:Creating prefix chain script '/home/bhung/spot_ros2/install/setup.sh'
[35.353s] INFO:colcon.colcon_core.shell:Creating prefix script '/home/bhung/spot_ros2/install/local_setup.bash'
[35.353s] INFO:colcon.colcon_core.shell:Creating prefix chain script '/home/bhung/spot_ros2/install/setup.bash'
[35.354s] INFO:colcon.colcon_core.shell:Creating prefix script '/home/bhung/spot_ros2/install/local_setup.zsh'
[35.354s] INFO:colcon.colcon_core.shell:Creating prefix chain script '/home/bhung/spot_ros2/install/setup.zsh'
