[1.466s] Invoking command in '/home/bhung/spot_ros2/build/spot_wrapper': PYTHONPATH=/home/bhung/spot_ros2/build/spot_wrapper/prefix_override:/home/bhung/spot_ros2/install/spot_wrapper/lib/python3.10/site-packages:${PYTHONPATH} /usr/bin/python3 setup.py develop --editable --build-directory /home/bhung/spot_ros2/build/spot_wrapper/build --no-deps
[1.820s] running develop
[1.823s] /usr/local/lib/python3.10/dist-packages/setuptools/command/easy_install.py:156: EasyInstallDeprecationWarning: easy_install command is deprecated. Use build and pip and other standards-based tools.
[1.823s]   warnings.warn(
[1.824s] /usr/local/lib/python3.10/dist-packages/setuptools/command/install.py:34: SetuptoolsDeprecationWarning: setup.py install is deprecated. Use build and pip and other standards-based tools.
[1.824s]   warnings.warn(
[2.062s] running egg_info
[2.062s] creating spot_wrapper.egg-info
[2.062s] writing spot_wrapper.egg-info/PKG-INFO
[2.062s] writing dependency_links to spot_wrapper.egg-info/dependency_links.txt
[2.062s] writing requirements to spot_wrapper.egg-info/requires.txt
[2.062s] writing top-level names to spot_wrapper.egg-info/top_level.txt
[2.062s] writing manifest file 'spot_wrapper.egg-info/SOURCES.txt'
[2.064s] reading manifest file 'spot_wrapper.egg-info/SOURCES.txt'
[2.064s] writing manifest file 'spot_wrapper.egg-info/SOURCES.txt'
[2.104s] running build_ext
[2.104s] Creating /home/bhung/spot_ros2/install/spot_wrapper/lib/python3.10/site-packages/spot-wrapper.egg-link (link to .)
[2.105s] 
[2.105s] Installed /home/bhung/spot_ros2/build/spot_wrapper
[2.162s] Invoked command in '/home/bhung/spot_ros2/build/spot_wrapper' returned '0': PYTHONPATH=/home/bhung/spot_ros2/build/spot_wrapper/prefix_override:/home/bhung/spot_ros2/install/spot_wrapper/lib/python3.10/site-packages:${PYTHONPATH} /usr/bin/python3 setup.py develop --editable --build-directory /home/bhung/spot_ros2/build/spot_wrapper/build --no-deps
