[0.497s] Invoking command in '/home/bhung/spot_ros2/build/spot_driver': PYTHONPATH=/home/bhung/spot_ros2/build/spot_driver/prefix_override:/home/bhung/spot_ros2/install/spot_driver/lib/python3.10/site-packages:${PYTHONPATH} /usr/bin/python3 setup.py develop --editable --build-directory /home/bhung/spot_ros2/build/spot_driver/build --no-deps install_data
[0.688s] running develop
[0.688s] /usr/local/lib/python3.10/dist-packages/setuptools/command/easy_install.py:156: EasyInstallDeprecationWarning: easy_install command is deprecated. Use build and pip and other standards-based tools.
[0.689s]   warnings.warn(
[0.689s] /usr/local/lib/python3.10/dist-packages/setuptools/command/install.py:34: SetuptoolsDeprecationWarning: setup.py install is deprecated. Use build and pip and other standards-based tools.
[0.689s]   warnings.warn(
[0.824s] running egg_info
[0.824s] creating spot_driver.egg-info
[0.824s] writing spot_driver.egg-info/PKG-INFO
[0.824s] writing dependency_links to spot_driver.egg-info/dependency_links.txt
[0.825s] writing entry points to spot_driver.egg-info/entry_points.txt
[0.825s] writing requirements to spot_driver.egg-info/requires.txt
[0.825s] writing top-level names to spot_driver.egg-info/top_level.txt
[0.825s] writing manifest file 'spot_driver.egg-info/SOURCES.txt'
[0.826s] reading manifest file 'spot_driver.egg-info/SOURCES.txt'
[0.826s] writing manifest file 'spot_driver.egg-info/SOURCES.txt'
[0.848s] running build_ext
[0.848s] Creating /home/bhung/spot_ros2/install/spot_driver/lib/python3.10/site-packages/spot-driver.egg-link (link to .)
[0.848s] Installing command_spot script to /home/bhung/spot_ros2/install/spot_driver/lib/spot_driver
[0.848s] Installing spot_publish_cameras script to /home/bhung/spot_ros2/install/spot_driver/lib/spot_driver
[0.848s] Installing spot_ros2 script to /home/bhung/spot_ros2/install/spot_driver/lib/spot_driver
[0.848s] 
[0.849s] Installed /home/bhung/spot_ros2/build/spot_driver
[0.849s] running install_data
[0.849s] creating /home/bhung/spot_ros2/install/spot_driver/share/ament_index
[0.849s] creating /home/bhung/spot_ros2/install/spot_driver/share/ament_index/resource_index
[0.849s] creating /home/bhung/spot_ros2/install/spot_driver/share/ament_index/resource_index/packages
[0.849s] copying resource/spot_driver -> /home/bhung/spot_ros2/install/spot_driver/share/ament_index/resource_index/packages
[0.849s] copying package.xml -> /home/bhung/spot_ros2/install/spot_driver/share/spot_driver
[0.849s] creating /home/bhung/spot_ros2/install/spot_driver/share/spot_driver/launch
[0.849s] copying launch/spot_driver.launch.py -> /home/bhung/spot_ros2/install/spot_driver/share/spot_driver/launch
[0.849s] copying launch/spot_depth_registered_publishers.launch.py -> /home/bhung/spot_ros2/install/spot_driver/share/spot_driver/launch
[0.849s] copying launch/view_robot.launch.py -> /home/bhung/spot_ros2/install/spot_driver/share/spot_driver/launch
[0.849s] copying launch/point_cloud_xyz.launch.py -> /home/bhung/spot_ros2/install/spot_driver/share/spot_driver/launch
[0.849s] copying launch/point_cloud_xyzrgb.launch.py -> /home/bhung/spot_ros2/install/spot_driver/share/spot_driver/launch
[0.849s] copying launch/spot_image_publishers.launch.py -> /home/bhung/spot_ros2/install/spot_driver/share/spot_driver/launch
[0.849s] creating /home/bhung/spot_ros2/install/spot_driver/share/spot_driver/rviz
[0.849s] copying rviz/spot_template.yaml -> /home/bhung/spot_ros2/install/spot_driver/share/spot_driver/rviz
[0.849s] copying rviz/viz_spot.rviz -> /home/bhung/spot_ros2/install/spot_driver/share/spot_driver/rviz
[0.849s] creating /home/bhung/spot_ros2/install/spot_driver/share/spot_driver/config
[0.849s] copying config/teleop.yaml -> /home/bhung/spot_ros2/install/spot_driver/share/spot_driver/config
[0.849s] copying config/spot_ros_example.yaml -> /home/bhung/spot_ros2/install/spot_driver/share/spot_driver/config
[0.850s] copying config/twist_mux.yaml -> /home/bhung/spot_ros2/install/spot_driver/share/spot_driver/config
[0.850s] copying config/planar.yaml -> /home/bhung/spot_ros2/install/spot_driver/share/spot_driver/config
[0.872s] Invoked command in '/home/bhung/spot_ros2/build/spot_driver' returned '0': PYTHONPATH=/home/bhung/spot_ros2/build/spot_driver/prefix_override:/home/bhung/spot_ros2/install/spot_driver/lib/python3.10/site-packages:${PYTHONPATH} /usr/bin/python3 setup.py develop --editable --build-directory /home/bhung/spot_ros2/build/spot_driver/build --no-deps install_data
