[0.457s] Invoking command in '/home/bhung/spot_ros2/build/spot_driver': AMENT_PREFIX_PATH=/home/bhung/spot_ros2/install/spot_msgs:${AMENT_PREFIX_PATH} CMAKE_PREFIX_PATH=/home/bhung/spot_ros2/install/spot_msgs:${CMAKE_PREFIX_PATH} LD_LIBRARY_PATH=/home/bhung/spot_ros2/install/spot_msgs/lib:${LD_LIBRARY_PATH} PYTHONPATH=/home/bhung/spot_ros2/build/spot_driver/prefix_override:/home/bhung/spot_ros2/install/spot_driver/lib/python3.10/site-packages:/home/bhung/spot_ros2/install/spot_msgs/local/lib/python3.10/dist-packages:${PYTHONPATH} /usr/bin/python3 setup.py develop --editable --build-directory /home/bhung/spot_ros2/build/spot_driver/build --no-deps install_data
[0.634s] running develop
[0.635s] /usr/local/lib/python3.10/dist-packages/setuptools/command/easy_install.py:156: EasyInstallDeprecationWarning: easy_install command is deprecated. Use build and pip and other standards-based tools.
[0.635s]   warnings.warn(
[0.635s] /usr/local/lib/python3.10/dist-packages/setuptools/command/install.py:34: SetuptoolsDeprecationWarning: setup.py install is deprecated. Use build and pip and other standards-based tools.
[0.635s]   warnings.warn(
[0.756s] running egg_info
[0.756s] creating spot_driver.egg-info
[0.756s] writing spot_driver.egg-info/PKG-INFO
[0.757s] writing dependency_links to spot_driver.egg-info/dependency_links.txt
[0.757s] writing entry points to spot_driver.egg-info/entry_points.txt
[0.757s] writing requirements to spot_driver.egg-info/requires.txt
[0.757s] writing top-level names to spot_driver.egg-info/top_level.txt
[0.757s] writing manifest file 'spot_driver.egg-info/SOURCES.txt'
[0.758s] reading manifest file 'spot_driver.egg-info/SOURCES.txt'
[0.758s] writing manifest file 'spot_driver.egg-info/SOURCES.txt'
[0.780s] running build_ext
[0.780s] Creating /home/bhung/spot_ros2/install/spot_driver/lib/python3.10/site-packages/spot-driver.egg-link (link to .)
[0.780s] Installing command_spot script to /home/bhung/spot_ros2/install/spot_driver/lib/spot_driver
[0.780s] Installing spot_publish_cameras script to /home/bhung/spot_ros2/install/spot_driver/lib/spot_driver
[0.780s] Installing spot_ros2 script to /home/bhung/spot_ros2/install/spot_driver/lib/spot_driver
[0.781s] 
[0.781s] Installed /home/bhung/spot_ros2/build/spot_driver
[0.781s] running install_data
[0.781s] creating /home/bhung/spot_ros2/install/spot_driver/share/ament_index
[0.781s] creating /home/bhung/spot_ros2/install/spot_driver/share/ament_index/resource_index
[0.782s] creating /home/bhung/spot_ros2/install/spot_driver/share/ament_index/resource_index/packages
[0.782s] copying resource/spot_driver -> /home/bhung/spot_ros2/install/spot_driver/share/ament_index/resource_index/packages
[0.782s] copying package.xml -> /home/bhung/spot_ros2/install/spot_driver/share/spot_driver
[0.782s] creating /home/bhung/spot_ros2/install/spot_driver/share/spot_driver/launch
[0.782s] copying launch/spot_driver.launch.py -> /home/bhung/spot_ros2/install/spot_driver/share/spot_driver/launch
[0.782s] copying launch/view_robot.launch.py -> /home/bhung/spot_ros2/install/spot_driver/share/spot_driver/launch
[0.782s] copying launch/point_cloud_xyz.launch.py -> /home/bhung/spot_ros2/install/spot_driver/share/spot_driver/launch
[0.782s] copying launch/point_cloud_xyzrgb.launch.py -> /home/bhung/spot_ros2/install/spot_driver/share/spot_driver/launch
[0.782s] copying launch/spot_image_publishers.launch.py -> /home/bhung/spot_ros2/install/spot_driver/share/spot_driver/launch
[0.782s] creating /home/bhung/spot_ros2/install/spot_driver/share/spot_driver/rviz
[0.782s] copying rviz/spot_template.yaml -> /home/bhung/spot_ros2/install/spot_driver/share/spot_driver/rviz
[0.783s] copying rviz/viz_spot.rviz -> /home/bhung/spot_ros2/install/spot_driver/share/spot_driver/rviz
[0.783s] creating /home/bhung/spot_ros2/install/spot_driver/share/spot_driver/config
[0.783s] copying config/teleop.yaml -> /home/bhung/spot_ros2/install/spot_driver/share/spot_driver/config
[0.783s] copying config/spot_ros_example.yaml -> /home/bhung/spot_ros2/install/spot_driver/share/spot_driver/config
[0.783s] copying config/twist_mux.yaml -> /home/bhung/spot_ros2/install/spot_driver/share/spot_driver/config
[0.783s] copying config/planar.yaml -> /home/bhung/spot_ros2/install/spot_driver/share/spot_driver/config
[0.803s] Invoked command in '/home/bhung/spot_ros2/build/spot_driver' returned '0': AMENT_PREFIX_PATH=/home/bhung/spot_ros2/install/spot_msgs:${AMENT_PREFIX_PATH} CMAKE_PREFIX_PATH=/home/bhung/spot_ros2/install/spot_msgs:${CMAKE_PREFIX_PATH} LD_LIBRARY_PATH=/home/bhung/spot_ros2/install/spot_msgs/lib:${LD_LIBRARY_PATH} PYTHONPATH=/home/bhung/spot_ros2/build/spot_driver/prefix_override:/home/bhung/spot_ros2/install/spot_driver/lib/python3.10/site-packages:/home/bhung/spot_ros2/install/spot_msgs/local/lib/python3.10/dist-packages:${PYTHONPATH} /usr/bin/python3 setup.py develop --editable --build-directory /home/bhung/spot_ros2/build/spot_driver/build --no-deps install_data
