[1.228s] Invoking command in '/home/bhung/spot_ros2/build/spot_wrapper': PYTHONPATH=/home/bhung/spot_ros2/build/spot_wrapper/prefix_override:/home/bhung/spot_ros2/install/spot_wrapper/lib/python3.10/site-packages:${PYTHONPATH} /usr/bin/python3 setup.py develop --editable --build-directory /home/bhung/spot_ros2/build/spot_wrapper/build --no-deps
[1.494s] running develop
[1.495s] /usr/local/lib/python3.10/dist-packages/setuptools/command/easy_install.py:156: EasyInstallDeprecationWarning: easy_install command is deprecated. Use build and pip and other standards-based tools.
[1.495s]   warnings.warn(
[1.496s] /usr/local/lib/python3.10/dist-packages/setuptools/command/install.py:34: SetuptoolsDeprecationWarning: setup.py install is deprecated. Use build and pip and other standards-based tools.
[1.496s]   warnings.warn(
[1.677s] running egg_info
[1.677s] creating spot_wrapper.egg-info
[1.677s] writing spot_wrapper.egg-info/PKG-INFO
[1.677s] writing dependency_links to spot_wrapper.egg-info/dependency_links.txt
[1.677s] writing requirements to spot_wrapper.egg-info/requires.txt
[1.677s] writing top-level names to spot_wrapper.egg-info/top_level.txt
[1.677s] writing manifest file 'spot_wrapper.egg-info/SOURCES.txt'
[1.679s] reading manifest file 'spot_wrapper.egg-info/SOURCES.txt'
[1.679s] writing manifest file 'spot_wrapper.egg-info/SOURCES.txt'
[1.709s] running build_ext
[1.710s] Creating /home/bhung/spot_ros2/install/spot_wrapper/lib/python3.10/site-packages/spot-wrapper.egg-link (link to .)
[1.710s] 
[1.710s] Installed /home/bhung/spot_ros2/build/spot_wrapper
[1.746s] Invoked command in '/home/bhung/spot_ros2/build/spot_wrapper' returned '0': PYTHONPATH=/home/bhung/spot_ros2/build/spot_wrapper/prefix_override:/home/bhung/spot_ros2/install/spot_wrapper/lib/python3.10/site-packages:${PYTHONPATH} /usr/bin/python3 setup.py develop --editable --build-directory /home/bhung/spot_ros2/build/spot_wrapper/build --no-deps
