[1.501s] Invoking command in '/home/bhung/spot_ros2/build/bdai_ros2_wrappers': PYTHONPATH=/home/bhung/spot_ros2/build/bdai_ros2_wrappers/prefix_override:/home/bhung/spot_ros2/install/bdai_ros2_wrappers/lib/python3.10/site-packages:${PYTHONPATH} /usr/bin/python3 setup.py develop --editable --build-directory /home/bhung/spot_ros2/build/bdai_ros2_wrappers/build --no-deps install_data
[1.771s] running develop
[1.771s] /usr/local/lib/python3.10/dist-packages/setuptools/command/easy_install.py:156: EasyInstallDeprecationWarning: easy_install command is deprecated. Use build and pip and other standards-based tools.
[1.771s]   warnings.warn(
[1.772s] /usr/local/lib/python3.10/dist-packages/setuptools/command/install.py:34: SetuptoolsDeprecationWarning: setup.py install is deprecated. Use build and pip and other standards-based tools.
[1.772s]   warnings.warn(
[1.958s] running egg_info
[1.958s] writing bdai_ros2_wrappers.egg-info/PKG-INFO
[1.959s] writing dependency_links to bdai_ros2_wrappers.egg-info/dependency_links.txt
[1.959s] writing entry points to bdai_ros2_wrappers.egg-info/entry_points.txt
[1.959s] writing requirements to bdai_ros2_wrappers.egg-info/requires.txt
[1.959s] writing top-level names to bdai_ros2_wrappers.egg-info/top_level.txt
[1.963s] reading manifest file 'bdai_ros2_wrappers.egg-info/SOURCES.txt'
[1.963s] writing manifest file 'bdai_ros2_wrappers.egg-info/SOURCES.txt'
[2.002s] running build_ext
[2.002s] Creating /home/bhung/spot_ros2/install/bdai_ros2_wrappers/lib/python3.10/site-packages/bdai-ros2-wrappers.egg-link (link to .)
[2.003s] 
[2.003s] Installed /home/bhung/spot_ros2/build/bdai_ros2_wrappers
[2.003s] running install_data
[2.045s] Invoked command in '/home/bhung/spot_ros2/build/bdai_ros2_wrappers' returned '0': PYTHONPATH=/home/bhung/spot_ros2/build/bdai_ros2_wrappers/prefix_override:/home/bhung/spot_ros2/install/bdai_ros2_wrappers/lib/python3.10/site-packages:${PYTHONPATH} /usr/bin/python3 setup.py develop --editable --build-directory /home/bhung/spot_ros2/build/bdai_ros2_wrappers/build --no-deps install_data
