[1.731s] Invoking command in '/home/bhung/spot_ros2/build/utilities': PYTHONPATH=/home/bhung/spot_ros2/build/utilities/prefix_override:/home/bhung/spot_ros2/install/utilities/lib/python3.10/site-packages:${PYTHONPATH} /usr/bin/python3 setup.py develop --editable --build-directory /home/bhung/spot_ros2/build/utilities/build --no-deps install_data
[2.095s] running develop
[2.096s] /usr/local/lib/python3.10/dist-packages/setuptools/command/easy_install.py:156: EasyInstallDeprecationWarning: easy_install command is deprecated. Use build and pip and other standards-based tools.
[2.096s]   warnings.warn(
[2.096s] /usr/local/lib/python3.10/dist-packages/setuptools/command/install.py:34: SetuptoolsDeprecationWarning: setup.py install is deprecated. Use build and pip and other standards-based tools.
[2.097s]   warnings.warn(
[2.335s] running egg_info
[2.336s] creating utilities.egg-info
[2.337s] writing utilities.egg-info/PKG-INFO
[2.338s] writing dependency_links to utilities.egg-info/dependency_links.txt
[2.338s] writing entry points to utilities.egg-info/entry_points.txt
[2.339s] writing requirements to utilities.egg-info/requires.txt
[2.340s] writing top-level names to utilities.egg-info/top_level.txt
[2.340s] writing manifest file 'utilities.egg-info/SOURCES.txt'
[2.349s] reading manifest file 'utilities.egg-info/SOURCES.txt'
[2.352s] writing manifest file 'utilities.egg-info/SOURCES.txt'
[2.392s] running build_ext
[2.392s] Creating /home/bhung/spot_ros2/install/utilities/lib/python3.10/site-packages/utilities.egg-link (link to .)
[2.393s] 
[2.393s] Installed /home/bhung/spot_ros2/build/utilities
[2.393s] running install_data
[2.393s] creating /home/bhung/spot_ros2/install/utilities/share/ament_index
[2.393s] creating /home/bhung/spot_ros2/install/utilities/share/ament_index/resource_index
[2.393s] creating /home/bhung/spot_ros2/install/utilities/share/ament_index/resource_index/packages
[2.393s] copying resource/utilities -> /home/bhung/spot_ros2/install/utilities/share/ament_index/resource_index/packages
[2.393s] copying package.xml -> /home/bhung/spot_ros2/install/utilities/share/utilities
[2.442s] Invoked command in '/home/bhung/spot_ros2/build/utilities' returned '0': PYTHONPATH=/home/bhung/spot_ros2/build/utilities/prefix_override:/home/bhung/spot_ros2/install/utilities/lib/python3.10/site-packages:${PYTHONPATH} /usr/bin/python3 setup.py develop --editable --build-directory /home/bhung/spot_ros2/build/utilities/build --no-deps install_data
